SF:/home/travis/build/psycofdj/xtdcpp/core/src/tty.hh
DA:59,1
DA:60,1
DA:61,1
DA:62,1
DA:63,1
DA:64,1
DA:65,1
DA:66,1
DA:79,1
DA:85,1
DA:92,1
DA:98,1
DA:104,1
DA:110,1
DA:115,1
DA:46,1
DA:157,1
DA:158,1
DA:159,1
DA:160,1
DA:161,1
DA:162,1
DA:163,1
DA:164,1
DA:165,1
DA:166,1
DA:167,1
DA:168,1
DA:169,1
DA:170,1
DA:171,1
DA:172,1
DA:173,1
DA:174,1
DA:175,1
DA:208,1
DA:229,1
DA:234,1
DA:239,1
DA:244,1
DA:217,1
DA:222,1
DA:155,1
DA:283,1
DA:292,1
DA:299,1
DA:304,1
DA:309,1
DA:315,1
DA:321,1
DA:327,1
DA:275,1
DA:365,1
DA:376,1
DA:385,1
DA:392,1
DA:397,1
DA:356,1
end_of_record
SF:/home/travis/build/psycofdj/xtdcpp/core/src/Application.hh
DA:97,1
DA:107,1
DA:90,1
DA:364,1
DA:365,1
DA:366,1
DA:367,1
DA:368,1
DA:369,1
DA:136,1
DA:141,1
DA:150,1
DA:159,1
DA:164,1
DA:169,1
DA:175,1
DA:187,1
DA:192,1
DA:215,1
DA:227,1
DA:233,1
DA:243,1
DA:251,1
DA:258,1
DA:265,1
DA:272,1
DA:280,1
DA:289,1
DA:304,1
DA:316,1
DA:325,1
DA:338,1
DA:347,1
DA:355,1
DA:83,1
DA:119,1
DA:120,1
DA:121,1
DA:122,1
DA:123,1
DA:124,1
DA:125,1
end_of_record
SF:/home/travis/build/psycofdj/xtdcpp/core/src/types.hh
DA:92,1
DA:66,1
DA:79,1
DA:51,1
DA:56,1
end_of_record
SF:/home/travis/build/psycofdj/xtdcpp/core/src/log/Logger.hh
DA:100,1
DA:126,1
DA:131,1
DA:143,1
DA:148,1
DA:154,1
DA:159,1
DA:166,1
DA:173,1
DA:180,1
DA:186,1
DA:195,1
DA:204,1
DA:214,1
DA:224,1
DA:233,1
DA:243,1
DA:252,1
DA:261,1
DA:271,1
DA:93,1
DA:407,1
DA:412,1
DA:424,1
DA:430,1
DA:438,1
DA:445,1
DA:453,1
DA:464,1
DA:476,1
DA:484,1
DA:490,1
DA:496,1
DA:502,1
DA:508,1
DA:514,1
DA:520,1
DA:526,1
DA:532,1
DA:396,1
DA:115,1
DA:110,1
end_of_record
SF:/home/travis/build/psycofdj/xtdcpp/core/src/types.cc
DA:5,1
end_of_record
SF:/home/travis/build/psycofdj/xtdcpp/core/src/utils/scoped_fn.hh
DA:11,-1
DA:16,-1
DA:18,-1
DA:9,-1
end_of_record
SF:/home/travis/build/psycofdj/xtdcpp/core/src/format.hh
DA:25,1
DA:43,1
DA:61,1
DA:13,1
end_of_record
SF:/home/travis/build/psycofdj/xtdcpp/core/src/log/FormatModifiers.hh
DA:22,1
DA:28,1
DA:38,1
DA:17,1
DA:54,1
DA:64,1
DA:49,1
DA:82,1
DA:92,1
DA:75,1
end_of_record
SF:/home/travis/build/psycofdj/xtdcpp/core/src/log/Fields.hh
DA:58,1
DA:59,1
DA:60,1
DA:61,1
DA:62,1
DA:63,1
DA:64,1
DA:65,1
DA:66,1
DA:67,1
DA:68,1
DA:69,1
DA:70,1
DA:71,1
DA:25,1
DA:34,1
DA:40,1
DA:47,1
DA:55,1
DA:17,1
end_of_record
SF:/home/travis/build/psycofdj/xtdcpp/core/src/mixins/cloneable.hh
DA:12,-1
DA:16,-1
DA:20,-1
DA:23,-1
DA:10,-1
DA:47,-1
DA:50,-1
DA:45,-1
DA:35,-1
DA:38,-1
DA:33,-1
end_of_record
SF:/home/travis/build/psycofdj/xtdcpp/core/src/log/helpers.hh
DA:30,1
DA:69,1
DA:79,1
DA:89,1
DA:99,1
DA:109,1
DA:119,1
DA:129,1
DA:139,1
DA:150,1
end_of_record
SF:/home/travis/build/psycofdj/xtdcpp/core/src/text.hh
DA:16,-1
DA:70,-1
DA:19,-1
DA:20,-1
DA:18,-1
DA:74,-1
DA:65,-1
DA:49,1
DA:54,1
DA:28,1
end_of_record
SF:/home/travis/build/psycofdj/xtdcpp/core/src/log/logtypes.hh
DA:105,1
DA:106,1
DA:107,1
DA:108,1
DA:109,1
DA:110,1
DA:92,1
DA:100,1
DA:86,1
DA:28,1
DA:71,1
DA:72,1
DA:73,1
DA:74,1
DA:75,1
DA:76,1
DA:77,1
DA:78,1
DA:59,-1
DA:58,1
DA:41,1
DA:35,1
DA:16,1
end_of_record
SF:/home/travis/build/psycofdj/xtdcpp/core/src/log/ConfLoader.hh
DA:207,1
DA:217,1
DA:226,1
DA:192,1
DA:21,1
DA:32,1
end_of_record
SF:/home/travis/build/psycofdj/xtdcpp/core/src/log/MemoryAppender.hh
DA:51,1
DA:57,1
DA:66,1
DA:73,1
DA:84,1
DA:41,1
end_of_record
SF:/home/travis/build/psycofdj/xtdcpp/core/src/utils/CacheLRU.hh
DA:33,1
DA:38,1
DA:46,1
DA:53,1
DA:59,1
DA:18,-1
end_of_record
SF:/home/travis/build/psycofdj/xtdcpp/core/src/log/Formatter.hh
DA:179,1
DA:184,1
DA:307,1
DA:308,1
DA:309,1
DA:310,1
DA:311,1
DA:190,1
DA:195,1
DA:200,1
DA:225,1
DA:235,1
DA:246,1
DA:256,1
DA:264,1
DA:274,1
DA:212,1
DA:282,1
DA:289,1
DA:296,1
DA:303,1
DA:171,1
end_of_record
SF:/home/travis/build/psycofdj/xtdcpp/core/src/log/helpers.cc
DA:35,1
DA:42,1
DA:50,1
DA:55,1
DA:63,1
DA:68,1
DA:76,1
DA:91,1
end_of_record
SF:/home/travis/build/psycofdj/xtdcpp/core/src/log/Appender.hh
DA:55,1
DA:60,1
DA:67,1
DA:73,1
DA:78,1
DA:83,1
DA:99,1
DA:90,1
DA:45,1
end_of_record
SF:/home/travis/build/psycofdj/xtdcpp/core/src/mixins/singleton.hh
DA:71,1
DA:72,1
DA:39,1
DA:44,1
DA:54,1
DA:63,-1
DA:34,1
end_of_record
SF:/home/travis/build/psycofdj/xtdcpp/core/src/utils/safe_deque.hh
DA:13,-1
DA:14,-1
DA:17,-1
DA:18,-1
DA:19,-1
DA:20,-1
DA:21,-1
DA:11,-1
end_of_record
SF:/home/travis/build/psycofdj/xtdcpp/core/src/error.hh
DA:32,1
DA:39,1
DA:46,1
DA:25,1
DA:11,1
end_of_record
SF:/home/travis/build/psycofdj/xtdcpp/core/src/Application.cc
DA:20,1
end_of_record
SF:/home/travis/build/psycofdj/xtdcpp/core/src/log/Stream.hh
DA:20,1
DA:26,1
DA:32,1
DA:39,1
DA:14,1
end_of_record
SF:/home/travis/build/psycofdj/xtdcpp/core/src/log/StreamAppender.hh
DA:55,1
DA:63,1
DA:69,1
DA:80,1
DA:88,1
DA:45,1
end_of_record
SF:/home/travis/build/psycofdj/xtdcpp/core/src/log/SyslogAppender.hh
DA:94,1
DA:102,1
DA:112,1
DA:121,1
DA:132,1
DA:140,1
DA:79,1
end_of_record
SF:/home/travis/build/psycofdj/xtdcpp/core/src/config/Parser.hh
DA:14,1
DA:36,1
DA:38,1
DA:46,1
DA:54,1
DA:63,1
DA:73,1
DA:84,1
DA:101,1
DA:113,1
DA:129,1
DA:140,1
DA:147,1
DA:154,1
DA:184,1
DA:30,1
DA:21,1
end_of_record
SF:/home/travis/build/psycofdj/xtdcpp/core/src/tty.cc
DA:154,1
DA:272,1
DA:399,1
end_of_record
SF:/home/travis/build/psycofdj/xtdcpp/core/src/log/ColoredFormatter.hh
DA:75,1
DA:81,1
DA:202,1
DA:203,1
DA:87,1
DA:92,1
DA:97,1
DA:118,1
DA:129,1
DA:140,1
DA:151,1
DA:164,1
DA:176,1
DA:185,1
DA:106,1
DA:191,1
DA:196,1
DA:67,1
end_of_record
