SF:/home/travis/build/psycofdj/xtdcpp/core/src/log/Appender.hh
DA:53,1
DA:58,1
DA:65,1
DA:71,1
DA:76,1
DA:81,1
DA:97,1
DA:88,1
DA:43,1
end_of_record
SF:/home/travis/build/psycofdj/xtdcpp/core/src/Application.hh
DA:102,1
DA:112,1
DA:95,1
DA:369,1
DA:370,1
DA:371,1
DA:372,1
DA:373,1
DA:374,1
DA:141,1
DA:146,1
DA:155,1
DA:164,1
DA:169,1
DA:174,1
DA:180,1
DA:192,1
DA:197,1
DA:220,1
DA:232,1
DA:238,1
DA:248,1
DA:256,1
DA:263,1
DA:270,1
DA:277,1
DA:285,1
DA:294,1
DA:309,1
DA:321,1
DA:330,1
DA:343,1
DA:352,1
DA:360,1
DA:88,1
end_of_record
SF:/home/travis/build/psycofdj/xtdcpp/core/src/tty.hh
DA:61,1
DA:62,1
DA:63,1
DA:64,1
DA:65,1
DA:66,1
DA:67,1
DA:68,1
DA:81,1
DA:87,1
DA:94,1
DA:100,1
DA:106,1
DA:112,1
DA:117,1
DA:48,1
end_of_record
SF:/home/travis/build/psycofdj/xtdcpp/core/src/log/FormatModifiers.hh
DA:22,1
DA:28,1
DA:38,1
DA:17,1
end_of_record
SF:/home/travis/build/psycofdj/xtdcpp/core/src/mixins/cloneable.hh
DA:12,-1
DA:16,-1
DA:20,-1
DA:23,-1
DA:10,-1
end_of_record
SF:/home/travis/build/psycofdj/xtdcpp/core/src/mixins/cloneable.hh
DA:47,-1
DA:50,-1
DA:45,-1
end_of_record
SF:/home/travis/build/psycofdj/xtdcpp/core/src/tty.hh
DA:159,1
DA:160,1
DA:161,1
DA:162,1
DA:163,1
DA:164,1
DA:165,1
DA:166,1
DA:167,1
DA:168,1
DA:169,1
DA:170,1
DA:171,1
DA:172,1
DA:173,1
DA:174,1
DA:175,1
DA:176,1
DA:177,1
DA:210,1
DA:231,1
DA:236,1
DA:241,1
DA:246,1
DA:219,1
DA:224,1
DA:157,1
end_of_record
SF:/home/travis/build/psycofdj/xtdcpp/core/src/log/ColoredFormatter.hh
DA:75,1
DA:81,1
DA:199,1
DA:200,1
DA:87,1
DA:92,1
DA:97,1
DA:118,1
DA:129,1
DA:140,1
DA:151,1
DA:164,1
DA:176,1
DA:185,1
DA:106,1
DA:191,1
DA:196,1
DA:67,1
end_of_record
SF:/home/travis/build/psycofdj/xtdcpp/core/src/log/ConfLoader.hh
DA:204,1
DA:214,1
DA:223,1
DA:189,1
end_of_record
SF:/home/travis/build/psycofdj/xtdcpp/core/src/error.hh
DA:32,1
DA:39,1
DA:46,1
DA:25,1
end_of_record
SF:/home/travis/build/psycofdj/xtdcpp/core/src/log/Fields.hh
DA:58,1
DA:59,1
DA:60,1
DA:61,1
DA:62,1
DA:63,1
DA:64,1
DA:65,1
DA:66,1
DA:67,1
DA:68,1
DA:69,1
DA:70,1
DA:71,1
DA:25,1
DA:34,1
DA:40,1
DA:47,1
DA:55,1
DA:17,1
end_of_record
SF:/home/travis/build/psycofdj/xtdcpp/core/src/format.hh
DA:25,1
DA:43,1
DA:61,1
DA:13,1
end_of_record
SF:/home/travis/build/psycofdj/xtdcpp/core/src/log/logtypes.hh
DA:105,1
DA:106,1
DA:107,1
DA:108,1
DA:109,1
DA:110,1
DA:92,1
DA:100,1
DA:86,1
end_of_record
SF:/home/travis/build/psycofdj/xtdcpp/core/src/log/Formatter.hh
DA:179,1
DA:184,1
DA:307,1
DA:308,1
DA:309,1
DA:310,1
DA:311,1
DA:190,1
DA:195,1
DA:200,1
DA:225,1
DA:235,1
DA:246,1
DA:256,1
DA:264,1
DA:274,1
DA:212,1
DA:282,1
DA:289,1
DA:296,1
DA:303,1
DA:171,1
end_of_record
SF:/home/travis/build/psycofdj/xtdcpp/core/src/text.hh
DA:59,-1
end_of_record
SF:/home/travis/build/psycofdj/xtdcpp/core/src/log/logtypes.hh
DA:28,1
end_of_record
SF:/home/travis/build/psycofdj/xtdcpp/core/src/log/Logger.hh
DA:101,1
DA:127,1
DA:132,1
DA:144,1
DA:149,1
DA:155,1
DA:160,1
DA:167,1
DA:174,1
DA:181,1
DA:187,1
DA:196,1
DA:205,1
DA:215,1
DA:225,1
DA:234,1
DA:244,1
DA:253,1
DA:262,1
DA:272,1
DA:94,1
end_of_record
SF:/home/travis/build/psycofdj/xtdcpp/core/src/log/MemoryAppender.hh
DA:49,1
DA:55,1
DA:64,1
DA:71,1
DA:82,1
DA:39,1
end_of_record
SF:/home/travis/build/psycofdj/xtdcpp/core/src/config/Parser.hh
DA:18,1
end_of_record
SF:/home/travis/build/psycofdj/xtdcpp/core/src/config/Parser.hh
DA:40,1
DA:42,1
DA:50,1
DA:58,1
DA:67,1
DA:77,1
DA:88,1
DA:105,1
DA:117,1
DA:133,1
DA:144,1
DA:151,1
DA:158,1
DA:188,1
DA:34,1
end_of_record
SF:/home/travis/build/psycofdj/xtdcpp/core/src/mixins/cloneable.hh
DA:35,-1
DA:38,-1
DA:33,-1
end_of_record
SF:/home/travis/build/psycofdj/xtdcpp/core/src/log/logtypes.hh
DA:71,1
DA:72,1
DA:73,1
DA:74,1
DA:75,1
DA:76,1
DA:77,1
DA:78,1
DA:59,-1
DA:58,1
end_of_record
SF:/home/travis/build/psycofdj/xtdcpp/core/src/log/Logger.hh
DA:408,1
DA:413,1
DA:425,1
DA:431,1
DA:439,1
DA:446,1
DA:454,1
DA:465,1
DA:477,1
DA:485,1
DA:491,1
DA:497,1
DA:503,1
DA:509,1
DA:515,1
DA:521,1
DA:527,1
DA:533,1
DA:397,1
end_of_record
SF:/home/travis/build/psycofdj/xtdcpp/core/src/mixins/singleton.hh
DA:71,1
DA:72,1
DA:39,1
DA:44,1
DA:54,1
DA:63,-1
DA:34,1
end_of_record
SF:/home/travis/build/psycofdj/xtdcpp/core/src/log/Stream.hh
DA:21,1
DA:27,1
DA:33,1
DA:40,1
DA:15,1
end_of_record
SF:/home/travis/build/psycofdj/xtdcpp/core/src/log/StreamAppender.hh
DA:52,1
DA:60,1
DA:66,1
DA:77,1
DA:85,1
DA:42,1
end_of_record
SF:/home/travis/build/psycofdj/xtdcpp/core/src/tty.hh
DA:285,1
DA:294,1
DA:301,1
DA:306,1
DA:311,1
DA:317,1
DA:323,1
DA:329,1
DA:277,1
end_of_record
SF:/home/travis/build/psycofdj/xtdcpp/core/src/log/FormatModifiers.hh
DA:54,1
DA:64,1
DA:49,1
end_of_record
SF:/home/travis/build/psycofdj/xtdcpp/core/src/log/FormatModifiers.hh
DA:81,1
DA:91,1
DA:75,1
end_of_record
SF:/home/travis/build/psycofdj/xtdcpp/core/src/log/SyslogAppender.hh
DA:92,1
DA:100,1
DA:110,1
DA:119,1
DA:130,1
DA:138,1
DA:77,1
end_of_record
SF:/home/travis/build/psycofdj/xtdcpp/core/src/Application.hh
DA:124,1
DA:125,1
DA:126,1
DA:127,1
DA:128,1
DA:129,1
DA:130,1
end_of_record
SF:/home/travis/build/psycofdj/xtdcpp/core/src/tty.hh
DA:367,1
DA:378,1
DA:387,1
DA:394,1
DA:399,1
DA:358,1
end_of_record
SF:/home/travis/build/psycofdj/xtdcpp/core/src/log/Logger.hh
DA:116,1
DA:111,1
end_of_record
SF:/home/travis/build/psycofdj/xtdcpp/core/src/text.hh
DA:63,-1
DA:54,-1
end_of_record
SF:/home/travis/build/psycofdj/xtdcpp/core/src/text.hh
DA:38,1
DA:43,1
DA:17,1
end_of_record
SF:/home/travis/build/psycofdj/xtdcpp/core/src/types.hh
DA:76,1
DA:50,1
DA:63,1
end_of_record
SF:/home/travis/build/psycofdj/xtdcpp/core/src/types.cc
DA:5,1
end_of_record
SF:/home/travis/build/psycofdj/xtdcpp/core/src/config/Parser.hh
DA:25,1
end_of_record
SF:/home/travis/build/psycofdj/xtdcpp/core/src/log/logtypes.hh
DA:41,1
DA:35,1
end_of_record
SF:/home/travis/build/psycofdj/xtdcpp/core/src/log/helpers.hh
DA:29,1
DA:68,1
DA:78,1
DA:88,1
DA:98,1
DA:108,1
DA:118,1
DA:128,1
DA:138,1
DA:149,1
end_of_record
SF:/home/travis/build/psycofdj/xtdcpp/core/src/log/helpers.cc
DA:33,1
DA:40,1
DA:48,1
DA:53,1
DA:61,1
DA:66,1
DA:74,1
DA:89,1
end_of_record
SF:/home/travis/build/psycofdj/xtdcpp/core/src/tty.cc
DA:150,1
DA:268,1
DA:395,1
end_of_record
SF:/home/travis/build/psycofdj/xtdcpp/core/src/Application.cc
DA:19,1
end_of_record
SF:/home/travis/build/psycofdj/xtdcpp/core/src/types.hh
DA:35,1
DA:40,1
end_of_record
SF:/home/travis/build/psycofdj/xtdcpp/core/src/error.hh
DA:11,1
end_of_record
SF:/home/travis/build/psycofdj/xtdcpp/core/src/log/ConfLoader.hh
DA:16,1
DA:27,1
end_of_record
SF:/home/travis/build/psycofdj/xtdcpp/core/src/log/logtypes.hh
DA:16,1
end_of_record
