SF:/home/travis/build/psycofdj/xtdcpp/servers/src/app/HtmlOArchive.hh
DA:22,-1
DA:121,-1
DA:122,-1
DA:123,-1
DA:124,-1
DA:125,-1
DA:126,-1
DA:127,-1
DA:128,-1
DA:129,-1
DA:119,-1
DA:191,-1
DA:192,-1
DA:194,-1
DA:195,-1
DA:134,-1
DA:140,-1
DA:145,-1
DA:146,-1
DA:147,-1
DA:150,-1
DA:153,-1
DA:156,-1
DA:158,-1
DA:160,-1
DA:162,-1
DA:163,-1
DA:164,-1
DA:165,-1
DA:166,-1
DA:167,-1
DA:168,-1
DA:169,-1
DA:170,-1
DA:171,-1
DA:172,-1
DA:173,-1
DA:174,-1
DA:175,-1
DA:176,-1
DA:177,-1
DA:178,-1
DA:179,-1
DA:180,-1
DA:181,-1
DA:182,-1
DA:183,-1
DA:184,-1
DA:185,-1
DA:186,-1
DA:188,-1
DA:33,-1
DA:19,-1
DA:25,-1
DA:53,-1
DA:54,-1
DA:44,-1
DA:45,-1
DA:47,-1
DA:48,-1
DA:50,-1
DA:51,-1
DA:67,-1
DA:68,-1
DA:60,-1
DA:65,-1
DA:87,-1
DA:88,-1
DA:89,-1
DA:90,-1
DA:91,-1
DA:74,-1
DA:80,-1
DA:83,-1
DA:84,-1
DA:98,-1
DA:107,-1
DA:205,-1
end_of_record
SF:/home/travis/build/psycofdj/xtdcpp/servers/src/param/Handler.hh
DA:41,1
DA:62,1
DA:65,-1
DA:76,1
DA:85,1
DA:91,1
DA:99,1
DA:108,1
DA:118,1
DA:128,1
DA:139,1
DA:150,1
DA:161,1
DA:174,1
DA:29,1
DA:46,-1
DA:19,-1
end_of_record
SF:/home/travis/build/psycofdj/xtdcpp/servers/src/param/Base.hh
DA:35,-1
DA:32,1
DA:45,-1
DA:47,-1
DA:50,-1
DA:51,-1
DA:52,-1
DA:53,-1
DA:62,1
DA:70,1
DA:77,1
DA:85,1
DA:93,1
DA:100,1
DA:106,1
DA:114,1
DA:125,1
DA:134,1
DA:146,1
DA:155,1
DA:165,1
DA:175,1
DA:183,1
DA:193,1
DA:201,1
DA:21,1
DA:8,-1
end_of_record
SF:/home/travis/build/psycofdj/xtdcpp/servers/src/app/Server.hh
DA:21,-1
DA:20,-1
DA:31,-1
DA:32,-1
DA:33,-1
DA:43,-1
DA:44,-1
DA:45,-1
DA:46,-1
DA:47,-1
DA:93,-1
DA:94,-1
DA:95,-1
DA:96,-1
DA:97,-1
DA:98,-1
DA:99,-1
DA:100,-1
DA:50,-1
DA:51,-1
DA:54,-1
DA:60,-1
DA:61,-1
DA:62,-1
DA:63,-1
DA:64,-1
DA:65,-1
DA:66,-1
DA:67,-1
DA:68,-1
DA:70,-1
DA:74,-1
DA:78,-1
DA:29,-1
end_of_record
SF:/home/travis/build/psycofdj/xtdcpp/servers/src/param/Pod.hh
DA:21,-1
DA:22,-1
DA:31,1
DA:38,1
DA:46,1
DA:53,1
DA:19,1
end_of_record
SF:/home/travis/build/psycofdj/xtdcpp/servers/src/param/Visitor.hh
DA:57,1
DA:64,1
DA:68,1
DA:72,1
DA:76,1
DA:80,1
DA:84,1
DA:93,1
DA:48,1
DA:20,1
DA:24,1
DA:28,1
DA:32,1
DA:36,1
DA:40,1
DA:15,1
end_of_record
SF:/home/travis/build/psycofdj/xtdcpp/servers/src/app/HttpServer.hh
DA:40,-1
DA:41,-1
DA:42,-1
DA:43,-1
DA:30,-1
DA:37,-1
DA:28,-1
DA:64,-1
DA:65,-1
DA:66,-1
DA:67,-1
DA:68,-1
DA:69,-1
DA:70,-1
DA:73,-1
DA:74,-1
DA:75,-1
DA:76,-1
DA:173,-1
DA:174,-1
DA:175,-1
DA:176,-1
DA:177,-1
DA:178,-1
DA:181,-1
DA:182,-1
DA:183,-1
DA:184,-1
DA:185,-1
DA:186,-1
DA:189,-1
DA:190,-1
DA:191,-1
DA:194,-1
DA:195,-1
DA:196,-1
DA:79,-1
DA:80,-1
DA:83,-1
DA:84,-1
DA:85,-1
DA:86,-1
DA:87,-1
DA:88,-1
DA:89,-1
DA:90,-1
DA:91,-1
DA:92,-1
DA:93,-1
DA:94,-1
DA:96,1
DA:97,-1
DA:98,-1
DA:100,-1
DA:104,-1
DA:111,-1
DA:115,-1
DA:120,-1
DA:125,-1
DA:50,-1
DA:56,-1
DA:57,-1
DA:59,-1
DA:60,-1
end_of_record
