<?xml version="1.0" ?>
<!DOCTYPE coverage
  SYSTEM 'http://cobertura.sourceforge.net/xml/coverage-04.dtd'>
<coverage branch-rate="0.0" branches-covered="0" branches-valid="0" complexity="0" line-rate="0.911764705882" lines-covered="341" lines-valid="374" timestamp="1517778887" version="2.0.3">
	<sources>
		<source>.</source>
	</sources>
	<packages>
		<package branch-rate="0.0" complexity="0" line-rate="0.333333333333" name="......core.src.mixins">
			<classes>
				<class branch-rate="0.0" complexity="0" filename="../../core/src/mixins/cloneable.hh" line-rate="0.0" name="......core.src.mixins.cloneable.hh">
					<methods/>
					<lines>
						<line branch="false" hits="-1" number="10"/>
						<line branch="false" hits="-1" number="12"/>
						<line branch="false" hits="-1" number="16"/>
						<line branch="false" hits="-1" number="20"/>
						<line branch="false" hits="-1" number="23"/>
						<line branch="false" hits="-1" number="33"/>
						<line branch="false" hits="-1" number="35"/>
						<line branch="false" hits="-1" number="38"/>
						<line branch="false" hits="-1" number="45"/>
						<line branch="false" hits="-1" number="47"/>
						<line branch="false" hits="-1" number="50"/>
					</lines>
				</class>
				<class branch-rate="0.0" complexity="0" filename="../../core/src/mixins/singleton.hh" line-rate="0.857142857143" name="......core.src.mixins.singleton.hh">
					<methods/>
					<lines>
						<line branch="false" hits="1" number="34"/>
						<line branch="false" hits="1" number="39"/>
						<line branch="false" hits="1" number="44"/>
						<line branch="false" hits="1" number="54"/>
						<line branch="false" hits="-1" number="63"/>
						<line branch="false" hits="1" number="71"/>
						<line branch="false" hits="1" number="72"/>
					</lines>
				</class>
			</classes>
		</package>
		<package branch-rate="0.0" complexity="0" line-rate="0.945736434109" name="......core.src">
			<classes>
				<class branch-rate="0.0" complexity="0" filename="../../core/src/Application.cc" line-rate="1.0" name="......core.src.Application.cc">
					<methods/>
					<lines>
						<line branch="false" hits="1" number="20"/>
					</lines>
				</class>
				<class branch-rate="0.0" complexity="0" filename="../../core/src/types.cc" line-rate="1.0" name="......core.src.types.cc">
					<methods/>
					<lines>
						<line branch="false" hits="1" number="5"/>
					</lines>
				</class>
				<class branch-rate="0.0" complexity="0" filename="../../core/src/Application.hh" line-rate="1.0" name="......core.src.Application.hh">
					<methods/>
					<lines>
						<line branch="false" hits="1" number="83"/>
						<line branch="false" hits="1" number="90"/>
						<line branch="false" hits="1" number="97"/>
						<line branch="false" hits="1" number="107"/>
						<line branch="false" hits="1" number="119"/>
						<line branch="false" hits="1" number="120"/>
						<line branch="false" hits="1" number="121"/>
						<line branch="false" hits="1" number="122"/>
						<line branch="false" hits="1" number="123"/>
						<line branch="false" hits="1" number="124"/>
						<line branch="false" hits="1" number="125"/>
						<line branch="false" hits="1" number="136"/>
						<line branch="false" hits="1" number="141"/>
						<line branch="false" hits="1" number="150"/>
						<line branch="false" hits="1" number="159"/>
						<line branch="false" hits="1" number="164"/>
						<line branch="false" hits="1" number="169"/>
						<line branch="false" hits="1" number="175"/>
						<line branch="false" hits="1" number="187"/>
						<line branch="false" hits="1" number="192"/>
						<line branch="false" hits="1" number="215"/>
						<line branch="false" hits="1" number="227"/>
						<line branch="false" hits="1" number="233"/>
						<line branch="false" hits="1" number="243"/>
						<line branch="false" hits="1" number="251"/>
						<line branch="false" hits="1" number="258"/>
						<line branch="false" hits="1" number="265"/>
						<line branch="false" hits="1" number="272"/>
						<line branch="false" hits="1" number="280"/>
						<line branch="false" hits="1" number="289"/>
						<line branch="false" hits="1" number="304"/>
						<line branch="false" hits="1" number="316"/>
						<line branch="false" hits="1" number="325"/>
						<line branch="false" hits="1" number="338"/>
						<line branch="false" hits="1" number="347"/>
						<line branch="false" hits="1" number="355"/>
						<line branch="false" hits="1" number="364"/>
						<line branch="false" hits="1" number="365"/>
						<line branch="false" hits="1" number="366"/>
						<line branch="false" hits="1" number="367"/>
						<line branch="false" hits="1" number="368"/>
						<line branch="false" hits="1" number="369"/>
					</lines>
				</class>
				<class branch-rate="0.0" complexity="0" filename="../../core/src/error.hh" line-rate="1.0" name="......core.src.error.hh">
					<methods/>
					<lines>
						<line branch="false" hits="1" number="11"/>
						<line branch="false" hits="1" number="25"/>
						<line branch="false" hits="1" number="32"/>
						<line branch="false" hits="1" number="39"/>
						<line branch="false" hits="1" number="46"/>
					</lines>
				</class>
				<class branch-rate="0.0" complexity="0" filename="../../core/src/tty.cc" line-rate="1.0" name="......core.src.tty.cc">
					<methods/>
					<lines>
						<line branch="false" hits="1" number="154"/>
						<line branch="false" hits="1" number="272"/>
						<line branch="false" hits="1" number="399"/>
					</lines>
				</class>
				<class branch-rate="0.0" complexity="0" filename="../../core/src/types.hh" line-rate="1.0" name="......core.src.types.hh">
					<methods/>
					<lines>
						<line branch="false" hits="1" number="51"/>
						<line branch="false" hits="1" number="56"/>
						<line branch="false" hits="1" number="66"/>
						<line branch="false" hits="1" number="79"/>
						<line branch="false" hits="1" number="92"/>
					</lines>
				</class>
				<class branch-rate="0.0" complexity="0" filename="../../core/src/format.hh" line-rate="1.0" name="......core.src.format.hh">
					<methods/>
					<lines>
						<line branch="false" hits="1" number="13"/>
						<line branch="false" hits="1" number="25"/>
						<line branch="false" hits="1" number="43"/>
						<line branch="false" hits="1" number="61"/>
					</lines>
				</class>
				<class branch-rate="0.0" complexity="0" filename="../../core/src/text.hh" line-rate="0.3" name="......core.src.text.hh">
					<methods/>
					<lines>
						<line branch="false" hits="-1" number="16"/>
						<line branch="false" hits="-1" number="18"/>
						<line branch="false" hits="-1" number="19"/>
						<line branch="false" hits="-1" number="20"/>
						<line branch="false" hits="1" number="28"/>
						<line branch="false" hits="1" number="49"/>
						<line branch="false" hits="1" number="54"/>
						<line branch="false" hits="-1" number="65"/>
						<line branch="false" hits="-1" number="70"/>
						<line branch="false" hits="-1" number="74"/>
					</lines>
				</class>
				<class branch-rate="0.0" complexity="0" filename="../../core/src/tty.hh" line-rate="1.0" name="......core.src.tty.hh">
					<methods/>
					<lines>
						<line branch="false" hits="1" number="46"/>
						<line branch="false" hits="1" number="59"/>
						<line branch="false" hits="1" number="60"/>
						<line branch="false" hits="1" number="61"/>
						<line branch="false" hits="1" number="62"/>
						<line branch="false" hits="1" number="63"/>
						<line branch="false" hits="1" number="64"/>
						<line branch="false" hits="1" number="65"/>
						<line branch="false" hits="1" number="66"/>
						<line branch="false" hits="1" number="79"/>
						<line branch="false" hits="1" number="85"/>
						<line branch="false" hits="1" number="92"/>
						<line branch="false" hits="1" number="98"/>
						<line branch="false" hits="1" number="104"/>
						<line branch="false" hits="1" number="110"/>
						<line branch="false" hits="1" number="115"/>
						<line branch="false" hits="1" number="155"/>
						<line branch="false" hits="1" number="157"/>
						<line branch="false" hits="1" number="158"/>
						<line branch="false" hits="1" number="159"/>
						<line branch="false" hits="1" number="160"/>
						<line branch="false" hits="1" number="161"/>
						<line branch="false" hits="1" number="162"/>
						<line branch="false" hits="1" number="163"/>
						<line branch="false" hits="1" number="164"/>
						<line branch="false" hits="1" number="165"/>
						<line branch="false" hits="1" number="166"/>
						<line branch="false" hits="1" number="167"/>
						<line branch="false" hits="1" number="168"/>
						<line branch="false" hits="1" number="169"/>
						<line branch="false" hits="1" number="170"/>
						<line branch="false" hits="1" number="171"/>
						<line branch="false" hits="1" number="172"/>
						<line branch="false" hits="1" number="173"/>
						<line branch="false" hits="1" number="174"/>
						<line branch="false" hits="1" number="175"/>
						<line branch="false" hits="1" number="208"/>
						<line branch="false" hits="1" number="217"/>
						<line branch="false" hits="1" number="222"/>
						<line branch="false" hits="1" number="229"/>
						<line branch="false" hits="1" number="234"/>
						<line branch="false" hits="1" number="239"/>
						<line branch="false" hits="1" number="244"/>
						<line branch="false" hits="1" number="275"/>
						<line branch="false" hits="1" number="283"/>
						<line branch="false" hits="1" number="292"/>
						<line branch="false" hits="1" number="299"/>
						<line branch="false" hits="1" number="304"/>
						<line branch="false" hits="1" number="309"/>
						<line branch="false" hits="1" number="315"/>
						<line branch="false" hits="1" number="321"/>
						<line branch="false" hits="1" number="327"/>
						<line branch="false" hits="1" number="356"/>
						<line branch="false" hits="1" number="365"/>
						<line branch="false" hits="1" number="376"/>
						<line branch="false" hits="1" number="385"/>
						<line branch="false" hits="1" number="392"/>
						<line branch="false" hits="1" number="397"/>
					</lines>
				</class>
			</classes>
		</package>
		<package branch-rate="0.0" complexity="0" line-rate="0.277777777778" name="......core.src.utils">
			<classes>
				<class branch-rate="0.0" complexity="0" filename="../../core/src/utils/safe_deque.hh" line-rate="0.0" name="......core.src.utils.safe_deque.hh">
					<methods/>
					<lines>
						<line branch="false" hits="-1" number="11"/>
						<line branch="false" hits="-1" number="13"/>
						<line branch="false" hits="-1" number="14"/>
						<line branch="false" hits="-1" number="17"/>
						<line branch="false" hits="-1" number="18"/>
						<line branch="false" hits="-1" number="19"/>
						<line branch="false" hits="-1" number="20"/>
						<line branch="false" hits="-1" number="21"/>
					</lines>
				</class>
				<class branch-rate="0.0" complexity="0" filename="../../core/src/utils/CacheLRU.hh" line-rate="0.833333333333" name="......core.src.utils.CacheLRU.hh">
					<methods/>
					<lines>
						<line branch="false" hits="-1" number="18"/>
						<line branch="false" hits="1" number="33"/>
						<line branch="false" hits="1" number="38"/>
						<line branch="false" hits="1" number="46"/>
						<line branch="false" hits="1" number="53"/>
						<line branch="false" hits="1" number="59"/>
					</lines>
				</class>
				<class branch-rate="0.0" complexity="0" filename="../../core/src/utils/scoped_fn.hh" line-rate="0.0" name="......core.src.utils.scoped_fn.hh">
					<methods/>
					<lines>
						<line branch="false" hits="-1" number="9"/>
						<line branch="false" hits="-1" number="11"/>
						<line branch="false" hits="-1" number="16"/>
						<line branch="false" hits="-1" number="18"/>
					</lines>
				</class>
			</classes>
		</package>
		<package branch-rate="0.0" complexity="0" line-rate="1.0" name="......core.src.config">
			<classes>
				<class branch-rate="0.0" complexity="0" filename="../../core/src/config/Parser.hh" line-rate="1.0" name="......core.src.config.Parser.hh">
					<methods/>
					<lines>
						<line branch="false" hits="1" number="14"/>
						<line branch="false" hits="1" number="21"/>
						<line branch="false" hits="1" number="30"/>
						<line branch="false" hits="1" number="36"/>
						<line branch="false" hits="1" number="38"/>
						<line branch="false" hits="1" number="46"/>
						<line branch="false" hits="1" number="54"/>
						<line branch="false" hits="1" number="63"/>
						<line branch="false" hits="1" number="73"/>
						<line branch="false" hits="1" number="84"/>
						<line branch="false" hits="1" number="101"/>
						<line branch="false" hits="1" number="113"/>
						<line branch="false" hits="1" number="129"/>
						<line branch="false" hits="1" number="140"/>
						<line branch="false" hits="1" number="147"/>
						<line branch="false" hits="1" number="154"/>
						<line branch="false" hits="1" number="184"/>
					</lines>
				</class>
			</classes>
		</package>
		<package branch-rate="0.0" complexity="0" line-rate="0.994791666667" name="......core.src.log">
			<classes>
				<class branch-rate="0.0" complexity="0" filename="../../core/src/log/helpers.hh" line-rate="1.0" name="......core.src.log.helpers.hh">
					<methods/>
					<lines>
						<line branch="false" hits="1" number="30"/>
						<line branch="false" hits="1" number="69"/>
						<line branch="false" hits="1" number="79"/>
						<line branch="false" hits="1" number="89"/>
						<line branch="false" hits="1" number="99"/>
						<line branch="false" hits="1" number="109"/>
						<line branch="false" hits="1" number="119"/>
						<line branch="false" hits="1" number="129"/>
						<line branch="false" hits="1" number="139"/>
						<line branch="false" hits="1" number="150"/>
					</lines>
				</class>
				<class branch-rate="0.0" complexity="0" filename="../../core/src/log/MemoryAppender.hh" line-rate="1.0" name="......core.src.log.MemoryAppender.hh">
					<methods/>
					<lines>
						<line branch="false" hits="1" number="41"/>
						<line branch="false" hits="1" number="51"/>
						<line branch="false" hits="1" number="57"/>
						<line branch="false" hits="1" number="66"/>
						<line branch="false" hits="1" number="73"/>
						<line branch="false" hits="1" number="84"/>
					</lines>
				</class>
				<class branch-rate="0.0" complexity="0" filename="../../core/src/log/logtypes.hh" line-rate="0.95652173913" name="......core.src.log.logtypes.hh">
					<methods/>
					<lines>
						<line branch="false" hits="1" number="16"/>
						<line branch="false" hits="1" number="28"/>
						<line branch="false" hits="1" number="35"/>
						<line branch="false" hits="1" number="41"/>
						<line branch="false" hits="1" number="58"/>
						<line branch="false" hits="-1" number="59"/>
						<line branch="false" hits="1" number="71"/>
						<line branch="false" hits="1" number="72"/>
						<line branch="false" hits="1" number="73"/>
						<line branch="false" hits="1" number="74"/>
						<line branch="false" hits="1" number="75"/>
						<line branch="false" hits="1" number="76"/>
						<line branch="false" hits="1" number="77"/>
						<line branch="false" hits="1" number="78"/>
						<line branch="false" hits="1" number="86"/>
						<line branch="false" hits="1" number="92"/>
						<line branch="false" hits="1" number="100"/>
						<line branch="false" hits="1" number="105"/>
						<line branch="false" hits="1" number="106"/>
						<line branch="false" hits="1" number="107"/>
						<line branch="false" hits="1" number="108"/>
						<line branch="false" hits="1" number="109"/>
						<line branch="false" hits="1" number="110"/>
					</lines>
				</class>
				<class branch-rate="0.0" complexity="0" filename="../../core/src/log/ConfLoader.hh" line-rate="1.0" name="......core.src.log.ConfLoader.hh">
					<methods/>
					<lines>
						<line branch="false" hits="1" number="21"/>
						<line branch="false" hits="1" number="32"/>
						<line branch="false" hits="1" number="192"/>
						<line branch="false" hits="1" number="207"/>
						<line branch="false" hits="1" number="217"/>
						<line branch="false" hits="1" number="226"/>
					</lines>
				</class>
				<class branch-rate="0.0" complexity="0" filename="../../core/src/log/SyslogAppender.hh" line-rate="1.0" name="......core.src.log.SyslogAppender.hh">
					<methods/>
					<lines>
						<line branch="false" hits="1" number="79"/>
						<line branch="false" hits="1" number="94"/>
						<line branch="false" hits="1" number="102"/>
						<line branch="false" hits="1" number="112"/>
						<line branch="false" hits="1" number="121"/>
						<line branch="false" hits="1" number="132"/>
						<line branch="false" hits="1" number="140"/>
					</lines>
				</class>
				<class branch-rate="0.0" complexity="0" filename="../../core/src/log/Logger.hh" line-rate="1.0" name="......core.src.log.Logger.hh">
					<methods/>
					<lines>
						<line branch="false" hits="1" number="93"/>
						<line branch="false" hits="1" number="100"/>
						<line branch="false" hits="1" number="110"/>
						<line branch="false" hits="1" number="115"/>
						<line branch="false" hits="1" number="126"/>
						<line branch="false" hits="1" number="131"/>
						<line branch="false" hits="1" number="143"/>
						<line branch="false" hits="1" number="148"/>
						<line branch="false" hits="1" number="154"/>
						<line branch="false" hits="1" number="159"/>
						<line branch="false" hits="1" number="166"/>
						<line branch="false" hits="1" number="173"/>
						<line branch="false" hits="1" number="180"/>
						<line branch="false" hits="1" number="186"/>
						<line branch="false" hits="1" number="195"/>
						<line branch="false" hits="1" number="204"/>
						<line branch="false" hits="1" number="214"/>
						<line branch="false" hits="1" number="224"/>
						<line branch="false" hits="1" number="233"/>
						<line branch="false" hits="1" number="243"/>
						<line branch="false" hits="1" number="252"/>
						<line branch="false" hits="1" number="261"/>
						<line branch="false" hits="1" number="271"/>
						<line branch="false" hits="1" number="396"/>
						<line branch="false" hits="1" number="407"/>
						<line branch="false" hits="1" number="412"/>
						<line branch="false" hits="1" number="424"/>
						<line branch="false" hits="1" number="430"/>
						<line branch="false" hits="1" number="438"/>
						<line branch="false" hits="1" number="445"/>
						<line branch="false" hits="1" number="453"/>
						<line branch="false" hits="1" number="464"/>
						<line branch="false" hits="1" number="476"/>
						<line branch="false" hits="1" number="484"/>
						<line branch="false" hits="1" number="490"/>
						<line branch="false" hits="1" number="496"/>
						<line branch="false" hits="1" number="502"/>
						<line branch="false" hits="1" number="508"/>
						<line branch="false" hits="1" number="514"/>
						<line branch="false" hits="1" number="520"/>
						<line branch="false" hits="1" number="526"/>
						<line branch="false" hits="1" number="532"/>
					</lines>
				</class>
				<class branch-rate="0.0" complexity="0" filename="../../core/src/log/Fields.hh" line-rate="1.0" name="......core.src.log.Fields.hh">
					<methods/>
					<lines>
						<line branch="false" hits="1" number="17"/>
						<line branch="false" hits="1" number="25"/>
						<line branch="false" hits="1" number="34"/>
						<line branch="false" hits="1" number="40"/>
						<line branch="false" hits="1" number="47"/>
						<line branch="false" hits="1" number="55"/>
						<line branch="false" hits="1" number="58"/>
						<line branch="false" hits="1" number="59"/>
						<line branch="false" hits="1" number="60"/>
						<line branch="false" hits="1" number="61"/>
						<line branch="false" hits="1" number="62"/>
						<line branch="false" hits="1" number="63"/>
						<line branch="false" hits="1" number="64"/>
						<line branch="false" hits="1" number="65"/>
						<line branch="false" hits="1" number="66"/>
						<line branch="false" hits="1" number="67"/>
						<line branch="false" hits="1" number="68"/>
						<line branch="false" hits="1" number="69"/>
						<line branch="false" hits="1" number="70"/>
						<line branch="false" hits="1" number="71"/>
					</lines>
				</class>
				<class branch-rate="0.0" complexity="0" filename="../../core/src/log/FormatModifiers.hh" line-rate="1.0" name="......core.src.log.FormatModifiers.hh">
					<methods/>
					<lines>
						<line branch="false" hits="1" number="17"/>
						<line branch="false" hits="1" number="22"/>
						<line branch="false" hits="1" number="28"/>
						<line branch="false" hits="1" number="38"/>
						<line branch="false" hits="1" number="49"/>
						<line branch="false" hits="1" number="54"/>
						<line branch="false" hits="1" number="64"/>
						<line branch="false" hits="1" number="75"/>
						<line branch="false" hits="1" number="82"/>
						<line branch="false" hits="1" number="92"/>
					</lines>
				</class>
				<class branch-rate="0.0" complexity="0" filename="../../core/src/log/ColoredFormatter.hh" line-rate="1.0" name="......core.src.log.ColoredFormatter.hh">
					<methods/>
					<lines>
						<line branch="false" hits="1" number="67"/>
						<line branch="false" hits="1" number="75"/>
						<line branch="false" hits="1" number="81"/>
						<line branch="false" hits="1" number="87"/>
						<line branch="false" hits="1" number="92"/>
						<line branch="false" hits="1" number="97"/>
						<line branch="false" hits="1" number="106"/>
						<line branch="false" hits="1" number="118"/>
						<line branch="false" hits="1" number="129"/>
						<line branch="false" hits="1" number="140"/>
						<line branch="false" hits="1" number="151"/>
						<line branch="false" hits="1" number="164"/>
						<line branch="false" hits="1" number="176"/>
						<line branch="false" hits="1" number="185"/>
						<line branch="false" hits="1" number="191"/>
						<line branch="false" hits="1" number="196"/>
						<line branch="false" hits="1" number="202"/>
						<line branch="false" hits="1" number="203"/>
					</lines>
				</class>
				<class branch-rate="0.0" complexity="0" filename="../../core/src/log/Formatter.hh" line-rate="1.0" name="......core.src.log.Formatter.hh">
					<methods/>
					<lines>
						<line branch="false" hits="1" number="171"/>
						<line branch="false" hits="1" number="179"/>
						<line branch="false" hits="1" number="184"/>
						<line branch="false" hits="1" number="190"/>
						<line branch="false" hits="1" number="195"/>
						<line branch="false" hits="1" number="200"/>
						<line branch="false" hits="1" number="212"/>
						<line branch="false" hits="1" number="225"/>
						<line branch="false" hits="1" number="235"/>
						<line branch="false" hits="1" number="246"/>
						<line branch="false" hits="1" number="256"/>
						<line branch="false" hits="1" number="264"/>
						<line branch="false" hits="1" number="274"/>
						<line branch="false" hits="1" number="282"/>
						<line branch="false" hits="1" number="289"/>
						<line branch="false" hits="1" number="296"/>
						<line branch="false" hits="1" number="303"/>
						<line branch="false" hits="1" number="307"/>
						<line branch="false" hits="1" number="308"/>
						<line branch="false" hits="1" number="309"/>
						<line branch="false" hits="1" number="310"/>
						<line branch="false" hits="1" number="311"/>
					</lines>
				</class>
				<class branch-rate="0.0" complexity="0" filename="../../core/src/log/helpers.cc" line-rate="1.0" name="......core.src.log.helpers.cc">
					<methods/>
					<lines>
						<line branch="false" hits="1" number="35"/>
						<line branch="false" hits="1" number="42"/>
						<line branch="false" hits="1" number="50"/>
						<line branch="false" hits="1" number="55"/>
						<line branch="false" hits="1" number="63"/>
						<line branch="false" hits="1" number="68"/>
						<line branch="false" hits="1" number="76"/>
						<line branch="false" hits="1" number="91"/>
					</lines>
				</class>
				<class branch-rate="0.0" complexity="0" filename="../../core/src/log/StreamAppender.hh" line-rate="1.0" name="......core.src.log.StreamAppender.hh">
					<methods/>
					<lines>
						<line branch="false" hits="1" number="45"/>
						<line branch="false" hits="1" number="55"/>
						<line branch="false" hits="1" number="63"/>
						<line branch="false" hits="1" number="69"/>
						<line branch="false" hits="1" number="80"/>
						<line branch="false" hits="1" number="88"/>
					</lines>
				</class>
				<class branch-rate="0.0" complexity="0" filename="../../core/src/log/Stream.hh" line-rate="1.0" name="......core.src.log.Stream.hh">
					<methods/>
					<lines>
						<line branch="false" hits="1" number="14"/>
						<line branch="false" hits="1" number="20"/>
						<line branch="false" hits="1" number="26"/>
						<line branch="false" hits="1" number="32"/>
						<line branch="false" hits="1" number="39"/>
					</lines>
				</class>
				<class branch-rate="0.0" complexity="0" filename="../../core/src/log/Appender.hh" line-rate="1.0" name="......core.src.log.Appender.hh">
					<methods/>
					<lines>
						<line branch="false" hits="1" number="45"/>
						<line branch="false" hits="1" number="55"/>
						<line branch="false" hits="1" number="60"/>
						<line branch="false" hits="1" number="67"/>
						<line branch="false" hits="1" number="73"/>
						<line branch="false" hits="1" number="78"/>
						<line branch="false" hits="1" number="83"/>
						<line branch="false" hits="1" number="90"/>
						<line branch="false" hits="1" number="99"/>
					</lines>
				</class>
			</classes>
		</package>
	</packages>
</coverage>
