SF:/home/travis/build/psycofdj/xtdcpp/servers/src/app/HttpServer.hh
DA:40,0
DA:41,0
DA:42,0
DA:43,0
DA:30,0
DA:37,0
DA:28,0
DA:64,0
DA:65,0
DA:66,0
DA:67,0
DA:68,0
DA:69,0
DA:70,0
DA:73,0
DA:74,0
DA:75,0
DA:76,0
DA:173,0
DA:174,0
DA:175,0
DA:176,0
DA:177,0
DA:178,0
DA:181,0
DA:182,0
DA:183,0
DA:184,0
DA:185,0
DA:186,0
DA:189,0
DA:190,0
DA:191,0
DA:194,0
DA:195,0
DA:196,0
DA:79,0
DA:80,0
DA:83,0
DA:84,0
DA:85,0
DA:86,0
DA:87,0
DA:88,0
DA:89,0
DA:90,0
DA:91,0
DA:92,0
DA:93,0
DA:94,0
DA:96,1
DA:97,0
DA:98,0
DA:100,0
DA:104,0
DA:111,0
DA:115,0
DA:120,0
DA:125,0
DA:50,0
DA:56,0
DA:57,0
DA:59,0
DA:60,0
end_of_record
SF:/home/travis/build/psycofdj/xtdcpp/servers/src/app/Server.hh
DA:21,0
DA:20,0
DA:31,0
DA:32,0
DA:33,0
DA:43,0
DA:44,0
DA:45,0
DA:46,0
DA:47,0
DA:93,0
DA:94,0
DA:95,0
DA:96,0
DA:97,0
DA:98,0
DA:99,0
DA:100,0
DA:50,0
DA:51,0
DA:54,0
DA:60,0
DA:61,0
DA:62,0
DA:63,0
DA:64,0
DA:65,0
DA:66,0
DA:67,0
DA:68,0
DA:70,0
DA:74,0
DA:78,0
DA:29,0
end_of_record
SF:/home/travis/build/psycofdj/xtdcpp/servers/src/param/Base.hh
DA:35,0
DA:32,1
DA:45,0
DA:47,0
DA:50,0
DA:51,0
DA:52,0
DA:53,0
DA:62,1
DA:70,1
DA:77,1
DA:85,1
DA:93,1
DA:100,1
DA:106,1
DA:114,1
DA:125,1
DA:134,1
DA:146,1
DA:155,1
DA:165,1
DA:175,1
DA:183,1
DA:193,1
DA:201,1
DA:21,1
DA:8,0
end_of_record
SF:/home/travis/build/psycofdj/xtdcpp/servers/src/app/HtmlOArchive.hh
DA:31,0
DA:130,0
DA:131,0
DA:132,0
DA:133,0
DA:134,0
DA:135,0
DA:136,0
DA:137,0
DA:138,0
DA:128,0
DA:200,0
DA:201,0
DA:203,0
DA:204,0
DA:143,0
DA:149,0
DA:154,0
DA:155,0
DA:156,0
DA:159,0
DA:162,0
DA:165,0
DA:167,0
DA:169,0
DA:171,0
DA:172,0
DA:173,0
DA:174,0
DA:175,0
DA:176,0
DA:177,0
DA:178,0
DA:179,0
DA:180,0
DA:181,0
DA:182,0
DA:183,0
DA:184,0
DA:185,0
DA:186,0
DA:187,0
DA:188,0
DA:189,0
DA:190,0
DA:191,0
DA:192,0
DA:193,0
DA:194,0
DA:195,0
DA:197,0
DA:42,0
DA:28,0
DA:34,0
DA:62,0
DA:63,0
DA:53,0
DA:54,0
DA:56,0
DA:57,0
DA:59,0
DA:60,0
DA:76,0
DA:77,0
DA:69,0
DA:74,0
DA:96,0
DA:97,0
DA:98,0
DA:99,0
DA:100,0
DA:83,0
DA:89,0
DA:92,0
DA:93,0
DA:107,0
DA:116,0
DA:214,0
DA:17,0
DA:18,0
end_of_record
SF:/home/travis/build/psycofdj/xtdcpp/servers/src/param/Handler.hh
DA:41,1
DA:62,1
DA:65,0
DA:76,1
DA:85,1
DA:91,1
DA:99,1
DA:108,1
DA:118,1
DA:128,1
DA:139,1
DA:150,1
DA:161,1
DA:174,1
DA:29,1
DA:46,0
DA:19,0
end_of_record
SF:/home/travis/build/psycofdj/xtdcpp/servers/src/param/Visitor.hh
DA:57,1
DA:64,1
DA:68,1
DA:72,1
DA:76,1
DA:80,1
DA:84,1
DA:93,1
DA:48,1
DA:20,1
DA:24,1
DA:28,1
DA:32,1
DA:36,1
DA:40,1
DA:15,1
end_of_record
SF:/home/travis/build/psycofdj/xtdcpp/servers/src/param/Pod.hh
DA:21,0
DA:22,0
DA:31,1
DA:38,1
DA:46,1
DA:53,1
DA:19,1
end_of_record
