SF:/home/travis/build/psycofdj/xtdcpp/counters/src/Perf.hh
DA:28,-1
DA:34,-1
DA:35,-1
DA:21,1
end_of_record
SF:/home/travis/build/psycofdj/xtdcpp/counters/src/AvgTimedValue.hh
DA:21,-1
DA:22,-1
DA:23,-1
DA:26,-1
DA:53,-1
DA:54,-1
DA:55,-1
DA:56,-1
DA:57,-1
DA:58,-1
DA:59,-1
DA:60,-1
DA:61,-1
DA:62,-1
DA:63,-1
DA:64,-1
DA:29,-1
DA:34,-1
DA:37,-1
DA:38,-1
DA:39,-1
DA:40,-1
DA:43,-1
DA:17,-1
end_of_record
SF:/home/travis/build/psycofdj/xtdcpp/counters/src/Freq.hh
DA:15,-1
DA:16,-1
DA:19,-1
DA:20,-1
DA:23,-1
DA:11,-1
end_of_record
SF:/home/travis/build/psycofdj/xtdcpp/counters/src/Visitor.hh
DA:12,-1
DA:13,-1
DA:14,-1
DA:15,-1
DA:16,-1
DA:10,-1
end_of_record
SF:/home/travis/build/psycofdj/xtdcpp/counters/src/counters_fwd.hh
DA:13,-1
DA:10,-1
DA:12,-1
DA:9,-1
end_of_record
SF:/home/travis/build/psycofdj/xtdcpp/counters/src/Cache.hh
DA:24,-1
DA:27,-1
DA:31,-1
DA:32,-1
DA:33,-1
DA:34,-1
DA:35,-1
DA:20,1
end_of_record
SF:/home/travis/build/psycofdj/xtdcpp/counters/src/Value.hh
DA:16,-1
DA:19,-1
DA:20,-1
DA:21,-1
DA:24,-1
DA:26,-1
DA:28,-1
DA:14,-1
DA:41,-1
DA:63,-1
DA:64,-1
DA:65,-1
DA:44,-1
DA:45,-1
DA:48,-1
DA:49,-1
DA:50,-1
DA:51,-1
DA:52,-1
DA:53,-1
DA:54,-1
DA:57,-1
DA:60,-1
DA:68,-1
DA:69,-1
end_of_record
SF:/home/travis/build/psycofdj/xtdcpp/counters/src/ExtValue.hh
DA:18,-1
DA:19,-1
DA:22,-1
DA:28,-1
DA:29,-1
end_of_record
SF:/home/travis/build/psycofdj/xtdcpp/counters/src/Composed.hh
DA:13,-1
DA:14,-1
DA:17,-1
DA:20,-1
DA:21,-1
DA:11,-1
end_of_record
SF:/home/travis/build/psycofdj/xtdcpp/counters/src/AvgValue.hh
DA:17,-1
DA:20,-1
DA:23,-1
DA:39,-1
DA:40,-1
DA:41,-1
DA:42,-1
DA:43,-1
DA:45,-1
DA:26,-1
DA:28,-1
DA:31,-1
DA:32,-1
DA:35,-1
DA:36,-1
DA:13,-1
DA:48,-1
DA:49,-1
end_of_record
SF:/home/travis/build/psycofdj/xtdcpp/counters/src/Base.hh
DA:16,-1
DA:17,-1
DA:33,-1
DA:34,-1
DA:20,-1
DA:21,-1
DA:24,-1
DA:25,-1
DA:26,-1
DA:29,-1
DA:30,-1
DA:12,-1
end_of_record
SF:/home/travis/build/psycofdj/xtdcpp/counters/src/InstantFreq.hh
DA:22,-1
DA:24,-1
DA:27,-1
DA:28,-1
DA:31,-1
DA:15,-1
end_of_record
SF:/home/travis/build/psycofdj/xtdcpp/counters/src/CounterManager.hh
DA:19,-1
DA:20,-1
DA:23,-1
DA:24,-1
DA:27,-1
DA:28,-1
DA:29,-1
DA:30,-1
DA:31,-1
DA:32,-1
DA:33,-1
DA:16,-1
DA:13,-1
end_of_record
SF:/home/travis/build/psycofdj/xtdcpp/counters/src/JsonVisitor.hh
DA:20,-1
DA:27,-1
DA:28,-1
DA:29,-1
DA:30,-1
DA:31,-1
DA:14,-1
end_of_record
SF:/home/travis/build/psycofdj/xtdcpp/counters/src/FileVisitor.hh
DA:20,-1
DA:26,-1
DA:27,-1
DA:28,-1
DA:29,-1
DA:30,-1
DA:15,-1
end_of_record
SF:/home/travis/build/psycofdj/xtdcpp/counters/src/SumExt.hh
DA:20,-1
DA:21,-1
DA:24,-1
DA:27,-1
DA:33,-1
DA:34,-1
end_of_record
