SF:/home/travis/build/psycofdj/xtdcpp/network/src/bip/Connection.hh
DA:55,-1
DA:62,-1
DA:46,1
end_of_record
SF:/home/travis/build/psycofdj/xtdcpp/network/src/http/cpptempl.cc
DA:64,-1
DA:253,-1
DA:281,-1
DA:349,-1
end_of_record
SF:/home/travis/build/psycofdj/xtdcpp/network/src/utils/Resolver.hh
DA:7,-1
DA:38,1
DA:39,-1
DA:48,1
DA:54,1
DA:59,1
DA:31,-1
DA:71,-1
DA:72,-1
DA:75,-1
DA:78,-1
DA:79,-1
DA:69,-1
end_of_record
SF:/home/travis/build/psycofdj/xtdcpp/network/src/base/ThreadManager.hh
DA:17,-1
DA:20,-1
DA:21,-1
DA:24,-1
DA:27,-1
DA:28,-1
DA:13,-1
end_of_record
SF:/home/travis/build/psycofdj/xtdcpp/network/src/http/ClientPool.hh
DA:12,-1
end_of_record
SF:/home/travis/build/psycofdj/xtdcpp/network/src/http/Server.cc
DA:10,-1
DA:20,-1
end_of_record
SF:/home/travis/build/psycofdj/xtdcpp/network/src/http/http_types.cc
DA:9,-1
DA:21,-1
DA:37,-1
end_of_record
SF:/home/travis/build/psycofdj/xtdcpp/network/src/base/Client.hh
DA:33,1
DA:27,-1
DA:85,-1
DA:86,-1
DA:87,-1
DA:90,-1
DA:91,-1
DA:92,-1
DA:93,-1
DA:94,-1
DA:95,-1
DA:96,-1
DA:97,-1
DA:98,-1
DA:99,-1
DA:100,-1
DA:101,-1
DA:102,-1
DA:43,-1
DA:44,-1
DA:74,-1
DA:75,-1
DA:47,-1
DA:50,-1
DA:52,-1
DA:54,-1
DA:55,-1
DA:56,-1
DA:59,-1
DA:60,-1
DA:61,-1
DA:62,-1
DA:63,-1
DA:64,-1
DA:65,-1
DA:66,-1
DA:67,-1
DA:68,-1
DA:69,-1
DA:70,-1
DA:71,-1
DA:25,1
DA:18,1
end_of_record
SF:/home/travis/build/psycofdj/xtdcpp/network/src/base/Connection.hh
DA:59,1
DA:206,-1
DA:207,-1
DA:208,-1
DA:209,-1
DA:63,-1
DA:68,-1
DA:202,-1
DA:203,-1
DA:72,1
DA:75,-1
DA:76,-1
DA:88,1
DA:97,1
DA:106,1
DA:115,1
DA:121,1
DA:126,1
DA:131,1
DA:9,1
end_of_record
SF:/home/travis/build/psycofdj/xtdcpp/network/src/http/Message.hh
DA:13,-1
DA:45,-1
DA:46,-1
DA:47,-1
DA:16,-1
DA:17,-1
DA:20,-1
DA:21,-1
DA:22,-1
DA:23,-1
DA:24,-1
DA:25,-1
DA:26,-1
DA:27,-1
DA:30,-1
DA:31,-1
DA:32,-1
DA:35,-1
DA:36,-1
DA:37,-1
DA:38,1
DA:39,-1
DA:40,-1
DA:41,-1
DA:11,-1
end_of_record
SF:/home/travis/build/psycofdj/xtdcpp/network/src/http/Connection.hh
DA:44,-1
DA:48,1
DA:55,-1
DA:56,-1
DA:57,-1
DA:39,1
end_of_record
SF:/home/travis/build/psycofdj/xtdcpp/network/src/http/Request.hh
DA:17,-1
DA:20,-1
DA:23,-1
DA:24,-1
DA:25,-1
DA:26,-1
DA:27,-1
DA:28,-1
DA:29,-1
DA:31,-1
DA:32,-1
DA:33,-1
DA:34,-1
DA:35,-1
DA:36,-1
DA:37,-1
DA:38,-1
DA:39,-1
DA:40,-1
DA:43,-1
DA:45,-1
DA:47,-1
DA:49,-1
DA:51,-1
DA:53,-1
DA:55,-1
DA:57,-1
DA:59,-1
DA:61,-1
DA:13,-1
DA:98,-1
end_of_record
SF:/home/travis/build/psycofdj/xtdcpp/network/src/http/Request.cc
DA:422,-1
end_of_record
SF:/home/travis/build/psycofdj/xtdcpp/network/src/http/Response.hh
DA:14,-1
DA:17,-1
DA:18,-1
DA:19,-1
DA:20,-1
DA:21,-1
DA:22,-1
DA:25,-1
DA:26,-1
DA:12,-1
DA:33,-1
end_of_record
SF:/home/travis/build/psycofdj/xtdcpp/network/src/http/Template.hh
DA:15,-1
DA:18,-1
DA:19,-1
DA:22,-1
DA:23,-1
DA:29,-1
DA:26,-1
DA:13,-1
DA:106,-1
DA:109,-1
DA:110,-1
DA:111,-1
DA:112,-1
DA:113,-1
DA:114,-1
DA:115,-1
DA:116,-1
DA:120,-1
DA:101,-1
DA:42,-1
DA:43,-1
DA:46,-1
DA:49,-1
DA:38,-1
DA:60,-1
DA:61,-1
DA:62,-1
DA:66,-1
DA:67,-1
DA:70,-1
DA:71,-1
DA:74,-1
DA:75,-1
DA:76,-1
DA:79,-1
DA:82,-1
DA:85,-1
DA:88,-1
DA:58,-1
DA:142,-1
DA:145,-1
DA:146,-1
DA:149,-1
DA:137,-1
end_of_record
SF:/home/travis/build/psycofdj/xtdcpp/network/src/base/ClientPool.hh
DA:48,-1
DA:55,1
DA:60,-1
DA:61,-1
DA:62,-1
DA:63,-1
DA:64,-1
DA:65,-1
DA:66,-1
DA:67,-1
DA:68,-1
DA:69,-1
DA:70,-1
DA:76,1
DA:82,1
DA:88,1
DA:93,1
DA:17,-1
DA:24,-1
DA:26,-1
end_of_record
SF:/home/travis/build/psycofdj/xtdcpp/network/src/utils/Utils.cc
DA:15,-1
DA:32,-1
end_of_record
SF:/home/travis/build/psycofdj/xtdcpp/network/src/http/Response.cc
DA:95,-1
end_of_record
SF:/home/travis/build/psycofdj/xtdcpp/network/src/base/Config.hh
DA:25,1
DA:32,1
DA:35,-1
DA:36,-1
DA:37,-1
DA:38,-1
DA:39,-1
DA:40,-1
DA:41,-1
DA:42,-1
DA:44,-1
DA:45,-1
DA:46,-1
DA:47,-1
DA:48,-1
DA:49,-1
DA:50,-1
DA:20,-1
end_of_record
SF:/home/travis/build/psycofdj/xtdcpp/network/src/base/Server.hh
DA:32,-1
DA:136,-1
DA:137,-1
DA:138,-1
DA:139,-1
DA:35,-1
DA:36,-1
DA:37,-1
DA:47,1
DA:54,1
DA:59,1
DA:64,1
DA:69,1
DA:77,1
DA:82,-1
DA:83,-1
DA:84,-1
DA:85,-1
DA:95,1
DA:105,1
DA:108,-1
DA:109,-1
DA:121,-1
DA:122,-1
DA:123,-1
DA:124,-1
DA:125,-1
DA:126,-1
DA:127,-1
DA:128,-1
DA:129,-1
DA:130,-1
DA:131,-1
DA:132,-1
DA:133,-1
DA:30,1
end_of_record
SF:/home/travis/build/psycofdj/xtdcpp/network/src/bip/Client.hh
DA:41,-1
DA:42,-1
DA:50,-1
DA:51,-1
DA:52,-1
DA:65,1
DA:76,1
DA:78,-1
DA:80,-1
DA:83,-1
DA:39,1
end_of_record
SF:/home/travis/build/psycofdj/xtdcpp/network/src/bip/ClientPool.hh
DA:12,-1
end_of_record
SF:/home/travis/build/psycofdj/xtdcpp/network/src/http/cpptempl.hh
DA:85,-1
DA:86,-1
DA:87,-1
DA:88,-1
DA:89,-1
DA:83,-1
DA:107,-1
DA:108,-1
DA:109,-1
DA:104,-1
DA:117,-1
DA:118,-1
DA:119,-1
DA:114,-1
DA:97,-1
DA:98,-1
DA:99,-1
DA:94,-1
DA:65,-1
DA:68,-1
DA:72,-1
DA:63,-1
DA:188,-1
DA:189,-1
DA:190,-1
DA:191,-1
DA:192,-1
DA:186,-1
DA:244,-1
DA:245,-1
DA:246,-1
DA:241,-1
DA:217,-1
DA:218,-1
DA:219,-1
DA:220,-1
DA:221,-1
DA:222,-1
DA:223,-1
DA:224,-1
DA:215,-1
DA:230,-1
DA:231,-1
DA:232,-1
DA:233,-1
DA:234,-1
DA:235,-1
DA:236,-1
DA:237,-1
DA:228,-1
DA:200,-1
DA:201,-1
DA:202,-1
DA:197,-1
DA:209,-1
DA:210,-1
DA:211,-1
DA:206,-1
DA:173,-1
DA:52,-1
DA:53,-1
DA:54,-1
DA:57,-1
DA:58,-1
DA:124,-1
DA:129,-1
DA:134,-1
DA:140,-1
DA:146,-1
DA:157,-1
end_of_record
SF:/home/travis/build/psycofdj/xtdcpp/network/src/http/Client.hh
DA:24,-1
DA:25,-1
DA:37,1
DA:47,1
DA:17,-1
end_of_record
SF:/home/travis/build/psycofdj/xtdcpp/network/src/http/http_types.hh
DA:10,-1
DA:15,-1
DA:24,-1
end_of_record
SF:/home/travis/build/psycofdj/xtdcpp/network/src/http/codes.hh
DA:15,-1
DA:16,-1
DA:17,-1
DA:11,-1
end_of_record
SF:/home/travis/build/psycofdj/xtdcpp/network/src/http/Server.hh
DA:249,-1
DA:250,-1
DA:251,-1
DA:260,-1
DA:261,-1
DA:262,-1
DA:263,-1
DA:264,-1
DA:254,-1
DA:257,-1
DA:247,-1
DA:268,-1
DA:269,-1
DA:223,-1
DA:224,-1
DA:229,1
DA:234,1
DA:273,-1
DA:276,-1
DA:288,1
DA:297,1
DA:305,1
DA:314,1
DA:321,1
DA:327,1
DA:335,1
DA:345,1
DA:352,1
DA:360,1
DA:369,1
DA:383,1
DA:397,1
DA:416,1
DA:435,1
DA:457,1
DA:476,1
DA:492,1
DA:508,1
DA:524,1
DA:529,-1
DA:538,1
DA:548,1
DA:563,1
DA:578,1
DA:590,1
DA:599,1
DA:605,1
DA:283,1
DA:217,1
DA:16,-1
DA:21,-1
end_of_record
SF:/home/travis/build/psycofdj/xtdcpp/network/src/bip/Server.hh
DA:104,-1
DA:36,1
DA:41,1
DA:46,1
DA:52,1
DA:57,1
DA:65,1
DA:69,-1
DA:71,-1
DA:80,1
DA:86,-1
DA:92,-1
DA:27,1
end_of_record
SF:/home/travis/build/psycofdj/xtdcpp/network/src/network_types.hh
DA:15,-1
DA:22,-1
DA:10,-1
DA:11,-1
DA:12,-1
end_of_record
SF:/home/travis/build/psycofdj/xtdcpp/network/src/bip/compress.hh
DA:16,-1
DA:22,-1
end_of_record
