SF:/home/travis/build/psycofdj/xtdcpp/network/src/utils/CacheDns.hh
DA:60,1
DA:65,1
DA:73,1
DA:80,1
DA:83,1
DA:53,1
end_of_record
SF:/home/travis/build/psycofdj/xtdcpp/network/src/utils/CacheDns.hh
DA:33,-1
DA:34,-1
DA:27,-1
DA:26,-1
end_of_record
SF:/home/travis/build/psycofdj/xtdcpp/network/src/base/Client.hh
DA:34,1
DA:28,-1
DA:86,-1
DA:87,-1
DA:88,-1
DA:89,-1
DA:92,-1
DA:93,-1
DA:94,-1
DA:95,-1
DA:96,-1
DA:97,-1
DA:98,-1
DA:99,-1
DA:100,-1
DA:101,-1
DA:102,-1
DA:103,-1
DA:104,-1
DA:44,-1
DA:45,-1
DA:75,-1
DA:76,-1
DA:48,-1
DA:51,-1
DA:53,-1
DA:55,-1
DA:56,-1
DA:57,-1
DA:60,-1
DA:61,-1
DA:62,-1
DA:63,-1
DA:64,-1
DA:65,-1
DA:66,-1
DA:67,-1
DA:68,-1
DA:69,-1
DA:70,-1
DA:71,-1
DA:72,-1
DA:26,1
end_of_record
SF:/home/travis/build/psycofdj/xtdcpp/network/src/http/Client.hh
DA:22,-1
DA:23,-1
DA:35,1
DA:45,1
DA:15,-1
end_of_record
SF:/home/travis/build/psycofdj/xtdcpp/network/src/bip/Client.hh
DA:37,-1
DA:38,-1
DA:46,-1
DA:47,-1
DA:60,1
DA:71,1
DA:73,-1
DA:35,1
end_of_record
SF:/home/travis/build/psycofdj/xtdcpp/network/src/bip/ClientPool.hh
DA:53,-1
DA:54,-1
DA:60,1
DA:66,-1
DA:67,-1
DA:68,-1
DA:69,-1
DA:70,-1
DA:71,-1
DA:72,-1
DA:73,-1
DA:74,-1
DA:75,-1
DA:76,-1
DA:82,1
DA:87,1
DA:92,1
DA:97,1
DA:23,-1
end_of_record
SF:/home/travis/build/psycofdj/xtdcpp/network/src/utils/Config.hh
DA:23,1
DA:29,1
DA:32,-1
DA:33,-1
DA:34,-1
DA:35,-1
DA:36,-1
DA:37,-1
DA:38,-1
DA:39,-1
DA:40,-1
DA:41,-1
DA:43,-1
DA:44,-1
DA:45,-1
DA:46,-1
DA:47,-1
DA:48,-1
DA:49,-1
DA:50,-1
DA:51,-1
DA:18,-1
end_of_record
SF:/home/travis/build/psycofdj/xtdcpp/network/src/bip/Connection.hh
DA:53,-1
DA:60,-1
DA:44,1
end_of_record
SF:/home/travis/build/psycofdj/xtdcpp/network/src/base/Client.hh
DA:19,1
end_of_record
SF:/home/travis/build/psycofdj/xtdcpp/network/src/base/Connection.hh
DA:61,1
DA:201,-1
DA:202,-1
DA:203,-1
DA:204,-1
DA:65,-1
DA:70,-1
DA:197,-1
DA:198,-1
DA:74,1
DA:77,-1
DA:78,-1
DA:90,1
DA:99,1
DA:108,1
DA:117,1
DA:123,1
DA:128,1
DA:133,1
end_of_record
SF:/home/travis/build/psycofdj/xtdcpp/network/src/http/Connection.hh
DA:44,-1
DA:48,1
DA:55,-1
DA:56,-1
DA:57,-1
DA:39,1
end_of_record
SF:/home/travis/build/psycofdj/xtdcpp/network/src/http/cpptempl.hh
DA:89,-1
DA:90,-1
DA:91,-1
DA:92,-1
DA:93,-1
DA:87,-1
end_of_record
SF:/home/travis/build/psycofdj/xtdcpp/network/src/http/cpptempl.hh
DA:111,-1
DA:112,-1
DA:113,-1
DA:108,-1
end_of_record
SF:/home/travis/build/psycofdj/xtdcpp/network/src/http/cpptempl.hh
DA:121,-1
DA:122,-1
DA:123,-1
DA:118,-1
end_of_record
SF:/home/travis/build/psycofdj/xtdcpp/network/src/http/cpptempl.hh
DA:101,-1
DA:102,-1
DA:103,-1
DA:98,-1
end_of_record
SF:/home/travis/build/psycofdj/xtdcpp/network/src/utils/Utils.hh
DA:42,-1
DA:43,-1
DA:44,-1
DA:45,-1
DA:46,-1
DA:40,-1
end_of_record
SF:/home/travis/build/psycofdj/xtdcpp/network/src/http/Template.hh
DA:16,-1
DA:19,-1
DA:20,-1
DA:23,-1
DA:24,-1
DA:30,-1
DA:27,-1
DA:14,-1
end_of_record
SF:/home/travis/build/psycofdj/xtdcpp/network/src/http/Server.hh
DA:251,-1
DA:252,-1
DA:253,-1
DA:262,-1
DA:263,-1
DA:264,-1
DA:265,-1
DA:266,-1
DA:256,-1
DA:259,-1
DA:249,-1
end_of_record
SF:/home/travis/build/psycofdj/xtdcpp/network/src/http/Template.hh
DA:107,-1
DA:110,-1
DA:111,-1
DA:112,-1
DA:113,-1
DA:114,-1
DA:115,-1
DA:116,-1
DA:117,-1
DA:121,-1
DA:102,-1
end_of_record
SF:/home/travis/build/psycofdj/xtdcpp/network/src/http/Template.hh
DA:43,-1
DA:44,-1
DA:47,-1
DA:50,-1
DA:39,-1
end_of_record
SF:/home/travis/build/psycofdj/xtdcpp/network/src/http/Message.hh
DA:13,-1
DA:45,-1
DA:46,-1
DA:47,-1
DA:16,-1
DA:17,-1
DA:20,-1
DA:21,-1
DA:22,-1
DA:23,-1
DA:24,-1
DA:25,-1
DA:26,-1
DA:27,-1
DA:30,-1
DA:31,-1
DA:32,-1
DA:35,-1
DA:36,-1
DA:37,-1
DA:38,1
DA:39,-1
DA:40,-1
DA:41,-1
DA:11,-1
end_of_record
SF:/home/travis/build/psycofdj/xtdcpp/network/src/bip/ClientPool.hh
DA:33,1
DA:36,-1
DA:26,-1
end_of_record
SF:/home/travis/build/psycofdj/xtdcpp/network/src/http/Request.hh
DA:21,-1
DA:24,-1
DA:27,-1
DA:28,-1
DA:29,-1
DA:30,-1
DA:31,-1
DA:32,-1
DA:33,-1
DA:35,-1
DA:36,-1
DA:37,-1
DA:38,-1
DA:39,-1
DA:40,-1
DA:41,-1
DA:42,-1
DA:43,-1
DA:44,-1
DA:47,-1
DA:49,-1
DA:51,-1
DA:53,-1
DA:55,-1
DA:57,-1
DA:59,-1
DA:61,-1
DA:63,-1
DA:65,-1
DA:17,-1
end_of_record
SF:/home/travis/build/psycofdj/xtdcpp/network/src/base/Server.hh
DA:10,1
end_of_record
SF:/home/travis/build/psycofdj/xtdcpp/network/src/utils/Resolver.hh
DA:38,1
DA:39,-1
DA:48,1
DA:54,1
DA:59,1
DA:31,-1
end_of_record
SF:/home/travis/build/psycofdj/xtdcpp/network/src/utils/Resolver.hh
DA:71,-1
DA:72,-1
DA:75,-1
DA:78,-1
DA:79,-1
DA:69,-1
end_of_record
SF:/home/travis/build/psycofdj/xtdcpp/network/src/http/Response.hh
DA:14,-1
DA:17,-1
DA:18,-1
DA:19,-1
DA:20,-1
DA:21,-1
DA:24,-1
DA:25,-1
DA:12,-1
end_of_record
SF:/home/travis/build/psycofdj/xtdcpp/network/src/utils/Utils.hh
DA:30,-1
DA:31,-1
DA:32,-1
DA:25,-1
end_of_record
SF:/home/travis/build/psycofdj/xtdcpp/network/src/bip/Server.hh
DA:81,-1
DA:34,1
DA:35,-1
DA:40,1
DA:45,1
DA:54,1
DA:66,1
DA:72,-1
DA:78,-1
DA:25,1
end_of_record
SF:/home/travis/build/psycofdj/xtdcpp/network/src/base/Server.hh
DA:32,-1
DA:138,-1
DA:139,-1
DA:140,-1
DA:141,-1
DA:142,-1
DA:35,-1
DA:36,-1
DA:37,-1
DA:48,1
DA:56,1
DA:61,1
DA:66,1
DA:71,1
DA:79,1
DA:84,-1
DA:85,-1
DA:86,-1
DA:87,-1
DA:97,1
DA:107,1
DA:110,-1
DA:111,-1
DA:123,-1
DA:124,-1
DA:125,-1
DA:126,-1
DA:127,-1
DA:128,-1
DA:129,-1
DA:130,-1
DA:131,-1
DA:132,-1
DA:133,-1
DA:134,-1
DA:135,-1
DA:30,1
end_of_record
SF:/home/travis/build/psycofdj/xtdcpp/network/src/http/fwd.hh
DA:10,1
end_of_record
SF:/home/travis/build/psycofdj/xtdcpp/network/src/http/Server.hh
DA:270,-1
DA:271,-1
DA:225,-1
DA:226,-1
DA:231,1
DA:236,1
DA:275,-1
DA:278,-1
DA:290,1
DA:299,1
DA:307,1
DA:316,1
DA:323,1
DA:329,1
DA:337,1
DA:347,1
DA:354,1
DA:362,1
DA:371,1
DA:385,1
DA:399,1
DA:418,1
DA:437,1
DA:459,1
DA:478,1
DA:494,1
DA:510,1
DA:526,1
DA:531,-1
DA:540,1
DA:550,1
DA:565,1
DA:580,1
DA:592,1
DA:601,1
DA:607,1
DA:285,1
end_of_record
SF:/home/travis/build/psycofdj/xtdcpp/network/src/http/Template.hh
DA:61,-1
DA:62,-1
DA:63,-1
DA:67,-1
DA:68,-1
DA:71,-1
DA:72,-1
DA:75,-1
DA:76,-1
DA:77,-1
DA:80,-1
DA:83,-1
DA:86,-1
DA:89,-1
DA:59,-1
end_of_record
SF:/home/travis/build/psycofdj/xtdcpp/network/src/http/cpptempl.hh
DA:69,-1
DA:72,-1
DA:76,-1
DA:67,-1
end_of_record
SF:/home/travis/build/psycofdj/xtdcpp/network/src/base/ClientThreadManager.hh
DA:20,-1
DA:23,-1
DA:24,-1
DA:27,-1
DA:30,-1
DA:31,-1
DA:16,-1
end_of_record
SF:/home/travis/build/psycofdj/xtdcpp/network/src/http/cpptempl.hh
DA:192,-1
DA:193,-1
DA:194,-1
DA:195,-1
DA:196,-1
DA:190,-1
end_of_record
SF:/home/travis/build/psycofdj/xtdcpp/network/src/http/cpptempl.hh
DA:248,-1
DA:249,-1
DA:250,-1
DA:245,-1
end_of_record
SF:/home/travis/build/psycofdj/xtdcpp/network/src/http/cpptempl.hh
DA:221,-1
DA:222,-1
DA:223,-1
DA:224,-1
DA:225,-1
DA:226,-1
DA:227,-1
DA:228,-1
DA:219,-1
end_of_record
SF:/home/travis/build/psycofdj/xtdcpp/network/src/http/cpptempl.hh
DA:234,-1
DA:235,-1
DA:236,-1
DA:237,-1
DA:238,-1
DA:239,-1
DA:240,-1
DA:241,-1
DA:232,-1
end_of_record
SF:/home/travis/build/psycofdj/xtdcpp/network/src/http/cpptempl.hh
DA:204,-1
DA:205,-1
DA:206,-1
DA:201,-1
end_of_record
SF:/home/travis/build/psycofdj/xtdcpp/network/src/http/cpptempl.hh
DA:213,-1
DA:214,-1
DA:215,-1
DA:210,-1
end_of_record
SF:/home/travis/build/psycofdj/xtdcpp/network/src/utils/Utils.hh
DA:65,-1
DA:63,-1
end_of_record
SF:/home/travis/build/psycofdj/xtdcpp/network/src/http/Template.hh
DA:143,-1
DA:146,-1
DA:147,-1
DA:150,-1
DA:138,-1
end_of_record
SF:/home/travis/build/psycofdj/xtdcpp/network/src/bip/tools.hh
DA:17,-1
DA:24,-1
end_of_record
SF:/home/travis/build/psycofdj/xtdcpp/network/src/http/Response.cc
DA:86,-1
end_of_record
SF:/home/travis/build/psycofdj/xtdcpp/network/src/http/types.hh
DA:9,-1
DA:14,-1
DA:23,-1
end_of_record
SF:/home/travis/build/psycofdj/xtdcpp/network/src/http/Response.hh
DA:32,-1
end_of_record
SF:/home/travis/build/psycofdj/xtdcpp/network/src/http/Request.cc
DA:428,-1
end_of_record
SF:/home/travis/build/psycofdj/xtdcpp/network/src/http/types.cc
DA:7,-1
DA:19,-1
DA:35,-1
end_of_record
SF:/home/travis/build/psycofdj/xtdcpp/network/src/http/Server.hh
DA:18,-1
DA:23,-1
end_of_record
SF:/home/travis/build/psycofdj/xtdcpp/network/src/http/Server.cc
DA:10,-1
DA:20,-1
end_of_record
SF:/home/travis/build/psycofdj/xtdcpp/network/src/http/Request.hh
DA:102,-1
end_of_record
SF:/home/travis/build/psycofdj/xtdcpp/network/src/http/cpptempl.cc
DA:56,-1
DA:245,-1
DA:273,-1
DA:341,-1
end_of_record
SF:/home/travis/build/psycofdj/xtdcpp/network/src/http/cpptempl.hh
DA:177,-1
DA:56,-1
DA:57,-1
DA:58,-1
DA:61,-1
DA:62,-1
DA:128,-1
DA:133,-1
DA:138,-1
DA:144,-1
DA:150,-1
DA:161,-1
end_of_record
SF:/home/travis/build/psycofdj/xtdcpp/network/src/utils/Config.hh
DA:14,-1
DA:15,-1
end_of_record
SF:/home/travis/build/psycofdj/xtdcpp/network/src/utils/CommTypeDefs.hh
DA:15,-1
DA:16,-1
DA:17,-1
DA:18,-1
DA:19,-1
DA:20,-1
DA:23,-1
DA:24,-1
DA:25,-1
DA:28,-1
DA:29,-1
DA:30,-1
DA:31,-1
DA:32,-1
DA:33,-1
end_of_record
SF:/home/travis/build/psycofdj/xtdcpp/network/src/utils/CacheDns.hh
DA:38,1
DA:40,1
DA:42,1
DA:22,-1
DA:23,-1
end_of_record
SF:/home/travis/build/psycofdj/xtdcpp/network/src/utils/Utils.cc
DA:9,-1
DA:26,-1
end_of_record
