<?xml version="1.0" ?>
<!DOCTYPE coverage
  SYSTEM 'http://cobertura.sourceforge.net/xml/coverage-04.dtd'>
<coverage branch-rate="0.0" branches-covered="0" branches-valid="0" complexity="0" line-rate="0.535299806576" lines-covered="1107" lines-valid="2068" timestamp="1517817452" version="2.0.3">
	<sources>
		<source>.</source>
	</sources>
	<packages>
		<package branch-rate="0.0" complexity="0" line-rate="0.584905660377" name="......network.src.utils">
			<classes>
				<class branch-rate="0.0" complexity="0" filename="../../network/src/utils/Resolver.cc" line-rate="0.642857142857" name="......network.src.utils.Resolver.cc">
					<methods>
						<method branch-rate="0.0" line-rate="0.0" name="xtd::network::utils::Resolver&lt;boost::asio::local::stream_protocol&gt;::getAddr[abi:cxx11](boost::asio::local::basic_endpoint&lt;boost::asio::local::stream_protocol&gt; const&amp;)" signature="">
							<lines>
								<line branch="false" hits="0" number="113"/>
							</lines>
						</method>
						<method branch-rate="1.0" line-rate="1.0" name="xtd::network::utils::Resolver&lt;boost::asio::ip::tcp&gt;::getPort(boost::asio::ip::basic_endpoint&lt;boost::asio::ip::tcp&gt; const&amp;)" signature="">
							<lines>
								<line branch="false" hits="17" number="68"/>
							</lines>
						</method>
						<method branch-rate="1.0" line-rate="1.0" name="xtd::network::utils::Resolver&lt;boost::asio::ip::tcp&gt;::Resolver(boost::asio::io_service&amp;, unsigned int)" signature="">
							<lines>
								<line branch="false" hits="7" number="17"/>
							</lines>
						</method>
						<method branch-rate="0.0" line-rate="0.0" name="xtd::network::utils::Resolver&lt;boost::asio::local::stream_protocol&gt;::Resolver(boost::asio::io_service&amp;, unsigned int)" signature="">
							<lines>
								<line branch="false" hits="0" number="82"/>
							</lines>
						</method>
						<method branch-rate="1.0" line-rate="1.0" name="xtd::network::utils::Resolver&lt;boost::asio::ip::tcp&gt;::getAddr[abi:cxx11](boost::asio::ip::basic_endpoint&lt;boost::asio::ip::tcp&gt; const&amp;)" signature="">
							<lines>
								<line branch="false" hits="17" number="75"/>
							</lines>
						</method>
						<method branch-rate="0.0" line-rate="0.0" name="xtd::network::utils::Resolver&lt;boost::asio::local::stream_protocol&gt;::~Resolver()" signature="">
							<lines>
								<line branch="false" hits="0" number="87"/>
							</lines>
						</method>
						<method branch-rate="1.0" line-rate="1.0" name="_GLOBAL__sub_I_Resolver.cc" signature="">
							<lines>
								<line branch="false" hits="1" number="118"/>
							</lines>
						</method>
						<method branch-rate="1.0" line-rate="1.0" name="xtd::network::utils::Resolver&lt;boost::asio::ip::tcp&gt;::resolve(std::__cxx11::basic_string&lt;char, std::char_traits&lt;char&gt;, std::allocator&lt;char&gt; &gt; const&amp;, std::__cxx11::basic_string&lt;char, std::char_traits&lt;char&gt;, std::allocator&lt;char&gt; &gt; const&amp;)" signature="">
							<lines>
								<line branch="false" hits="8" number="29"/>
							</lines>
						</method>
						<method branch-rate="1.0" line-rate="1.0" name="xtd::network::utils::Resolver&lt;boost::asio::ip::tcp&gt;::~Resolver()" signature="">
							<lines>
								<line branch="false" hits="7" number="23"/>
							</lines>
						</method>
						<method branch-rate="0.0" line-rate="0.0" name="xtd::network::utils::Resolver&lt;boost::asio::local::stream_protocol&gt;::resolve(std::__cxx11::basic_string&lt;char, std::char_traits&lt;char&gt;, std::allocator&lt;char&gt; &gt; const&amp;, std::__cxx11::basic_string&lt;char, std::char_traits&lt;char&gt;, std::allocator&lt;char&gt; &gt; const&amp;)" signature="">
							<lines>
								<line branch="false" hits="0" number="95"/>
							</lines>
						</method>
						<method branch-rate="1.0" line-rate="1.0" name="__static_initialization_and_destruction_0(int, int)" signature="">
							<lines>
								<line branch="false" hits="1" number="118"/>
							</lines>
						</method>
						<method branch-rate="0.0" line-rate="0.0" name="xtd::network::utils::Resolver&lt;boost::asio::local::stream_protocol&gt;::getPort(boost::asio::local::basic_endpoint&lt;boost::asio::local::stream_protocol&gt; const&amp;)" signature="">
							<lines>
								<line branch="false" hits="0" number="106"/>
							</lines>
						</method>
					</methods>
					<lines>
						<line branch="false" hits="7" number="17"/>
						<line branch="false" hits="7" number="18"/>
						<line branch="false" hits="7" number="20"/>
						<line branch="false" hits="7" number="21"/>
						<line branch="false" hits="7" number="23"/>
						<line branch="false" hits="7" number="25"/>
						<line branch="false" hits="8" number="29"/>
						<line branch="false" hits="16" number="32"/>
						<line branch="false" hits="8" number="33"/>
						<line branch="false" hits="8" number="35"/>
						<line branch="false" hits="1" number="39"/>
						<line branch="false" hits="2" number="40"/>
						<line branch="false" hits="1" number="41"/>
						<line branch="false" hits="1" number="42"/>
						<line branch="false" hits="1" number="43"/>
						<line branch="false" hits="1" number="44"/>
						<line branch="false" hits="14" number="49"/>
						<line branch="false" hits="14" number="50"/>
						<line branch="false" hits="7" number="51"/>
						<line branch="false" hits="7" number="54"/>
						<line branch="false" hits="7" number="56"/>
						<line branch="false" hits="0" number="58"/>
						<line branch="false" hits="0" number="60"/>
						<line branch="false" hits="7" number="62"/>
						<line branch="false" hits="17" number="68"/>
						<line branch="false" hits="17" number="70"/>
						<line branch="false" hits="17" number="75"/>
						<line branch="false" hits="17" number="77"/>
						<line branch="false" hits="0" number="82"/>
						<line branch="false" hits="0" number="84"/>
						<line branch="false" hits="0" number="87"/>
						<line branch="false" hits="0" number="89"/>
						<line branch="false" hits="0" number="95"/>
						<line branch="false" hits="0" number="98"/>
						<line branch="false" hits="0" number="100"/>
						<line branch="false" hits="0" number="101"/>
						<line branch="false" hits="0" number="102"/>
						<line branch="false" hits="0" number="106"/>
						<line branch="false" hits="0" number="108"/>
						<line branch="false" hits="0" number="113"/>
						<line branch="false" hits="0" number="115"/>
						<line branch="false" hits="3" number="118"/>
					</lines>
				</class>
				<class branch-rate="0.0" complexity="0" filename="../../network/src/utils/Utils.cc" line-rate="0.363636363636" name="......network.src.utils.Utils.cc">
					<methods>
						<method branch-rate="1.0" line-rate="1.0" name="__static_initialization_and_destruction_0(int, int)" signature="">
							<lines>
								<line branch="false" hits="1" number="39"/>
							</lines>
						</method>
						<method branch-rate="1.0" line-rate="1.0" name="_GLOBAL__sub_I_Utils.cc" signature="">
							<lines>
								<line branch="false" hits="1" number="39"/>
							</lines>
						</method>
						<method branch-rate="1.0" line-rate="1.0" name="xtd::network::utils::do_sem_wait(boost::interprocess::interprocess_semaphore&amp;)" signature="">
							<lines>
								<line branch="false" hits="6" number="15"/>
							</lines>
						</method>
						<method branch-rate="0.0" line-rate="0.0" name="xtd::network::utils::ptime_to_time_t(boost::posix_time::ptime const&amp;)" signature="">
							<lines>
								<line branch="false" hits="0" number="32"/>
							</lines>
						</method>
					</methods>
					<lines>
						<line branch="false" hits="6" number="15"/>
						<line branch="false" hits="6" number="19"/>
						<line branch="false" hits="0" number="21"/>
						<line branch="false" hits="0" number="23"/>
						<line branch="false" hits="0" number="25"/>
						<line branch="false" hits="6" number="28"/>
						<line branch="false" hits="0" number="32"/>
						<line branch="false" hits="0" number="34"/>
						<line branch="false" hits="0" number="35"/>
						<line branch="false" hits="0" number="36"/>
						<line branch="false" hits="3" number="39"/>
					</lines>
				</class>
			</classes>
		</package>
		<package branch-rate="0.0" complexity="0" line-rate="0.588976377953" name="......network.src.http">
			<classes>
				<class branch-rate="0.0" complexity="0" filename="../../network/src/http/Request.hxx" line-rate="0.411764705882" name="......network.src.http.Request.hxx">
					<methods>
						<method branch-rate="1.0" line-rate="1.0" name="bool xtd::network::http::Request::getCgi&lt;std::__cxx11::basic_string&lt;char, std::char_traits&lt;char&gt;, std::allocator&lt;char&gt; &gt; &gt;(std::__cxx11::basic_string&lt;char, std::char_traits&lt;char&gt;, std::allocator&lt;char&gt; &gt; const&amp;, std::__cxx11::basic_string&lt;char, std::char_traits&lt;char&gt;, std::allocator&lt;char&gt; &gt;&amp;) const" signature="">
							<lines>
								<line branch="false" hits="2" number="15"/>
							</lines>
						</method>
						<method branch-rate="0.0" line-rate="0.0" name="bool xtd::network::http::Request::getPost&lt;std::__cxx11::basic_string&lt;char, std::char_traits&lt;char&gt;, std::allocator&lt;char&gt; &gt; &gt;(std::__cxx11::basic_string&lt;char, std::char_traits&lt;char&gt;, std::allocator&lt;char&gt; &gt; const&amp;, std::__cxx11::basic_string&lt;char, std::char_traits&lt;char&gt;, std::allocator&lt;char&gt; &gt;&amp;) const" signature="">
							<lines>
								<line branch="false" hits="0" number="38"/>
							</lines>
						</method>
						<method branch-rate="0.0" line-rate="0.0" name="bool xtd::network::http::Request::getParam&lt;std::__cxx11::basic_string&lt;char, std::char_traits&lt;char&gt;, std::allocator&lt;char&gt; &gt; &gt;(std::__cxx11::basic_string&lt;char, std::char_traits&lt;char&gt;, std::allocator&lt;char&gt; &gt; const&amp;, std::__cxx11::basic_string&lt;char, std::char_traits&lt;char&gt;, std::allocator&lt;char&gt; &gt;&amp;) const" signature="">
							<lines>
								<line branch="false" hits="0" number="59"/>
							</lines>
						</method>
						<method branch-rate="1.0" line-rate="1.0" name="bool xtd::network::http::Request::getData&lt;std::__cxx11::basic_string&lt;char, std::char_traits&lt;char&gt;, std::allocator&lt;char&gt; &gt; &gt;(std::multimap&lt;std::__cxx11::basic_string&lt;char, std::char_traits&lt;char&gt;, std::allocator&lt;char&gt; &gt;, std::__cxx11::basic_string&lt;char, std::char_traits&lt;char&gt;, std::allocator&lt;char&gt; &gt;, std::less&lt;std::__cxx11::basic_string&lt;char, std::char_traits&lt;char&gt;, std::allocator&lt;char&gt; &gt; &gt;, std::allocator&lt;std::pair&lt;std::__cxx11::basic_string&lt;char, std::char_traits&lt;char&gt;, std::allocator&lt;char&gt; &gt; const, std::__cxx11::basic_string&lt;char, std::char_traits&lt;char&gt;, std::allocator&lt;char&gt; &gt; &gt; &gt; &gt; const&amp;, std::__cxx11::basic_string&lt;char, std::char_traits&lt;char&gt;, std::allocator&lt;char&gt; &gt; const&amp;, std::__cxx11::basic_string&lt;char, std::char_traits&lt;char&gt;, std::allocator&lt;char&gt; &gt;&amp;) const" signature="">
							<lines>
								<line branch="false" hits="2" number="108"/>
							</lines>
						</method>
						<method branch-rate="0.0" line-rate="0.0" name="bool xtd::network::http::Request::as&lt;unsigned long&gt;(std::__cxx11::basic_string&lt;char, std::char_traits&lt;char&gt;, std::allocator&lt;char&gt; &gt; const&amp;, unsigned long&amp;) const" signature="">
							<lines>
								<line branch="false" hits="0" number="94"/>
							</lines>
						</method>
					</methods>
					<lines>
						<line branch="false" hits="2" number="15"/>
						<line branch="false" hits="2" number="17"/>
						<line branch="false" hits="0" number="38"/>
						<line branch="false" hits="0" number="40"/>
						<line branch="false" hits="0" number="59"/>
						<line branch="false" hits="0" number="61"/>
						<line branch="false" hits="0" number="94"/>
						<line branch="false" hits="0" number="97"/>
						<line branch="false" hits="0" number="99"/>
						<line branch="false" hits="0" number="100"/>
						<line branch="false" hits="0" number="101"/>
						<line branch="false" hits="0" number="103"/>
						<line branch="false" hits="2" number="108"/>
						<line branch="false" hits="2" number="110"/>
						<line branch="false" hits="2" number="111"/>
						<line branch="false" hits="1" number="112"/>
						<line branch="false" hits="1" number="113"/>
					</lines>
				</class>
				<class branch-rate="0.0" complexity="0" filename="../../network/src/http/Message.hh" line-rate="1.0" name="......network.src.http.Message.hh">
					<methods>
						<method branch-rate="1.0" line-rate="1.0" name="xtd::network::http::Message::operator=(xtd::network::http::Message const&amp;)" signature="">
							<lines>
								<line branch="false" hits="3" number="10"/>
							</lines>
						</method>
					</methods>
					<lines>
						<line branch="false" hits="3" number="10"/>
					</lines>
				</class>
				<class branch-rate="0.0" complexity="0" filename="../../network/src/http/Response.hh" line-rate="1.0" name="......network.src.http.Response.hh">
					<methods>
						<method branch-rate="1.0" line-rate="1.0" name="xtd::network::http::Response::operator=(xtd::network::http::Response&amp;&amp;)" signature="">
							<lines>
								<line branch="false" hits="3" number="11"/>
							</lines>
						</method>
						<method branch-rate="0.0" line-rate="0.0" name="xtd::network::http::Response::~Response()" signature="">
							<lines>
								<line branch="false" hits="0" number="11"/>
							</lines>
						</method>
						<method branch-rate="1.0" line-rate="1.0" name="xtd::network::http::Response::~Response()" signature="">
							<lines>
								<line branch="false" hits="16" number="11"/>
							</lines>
						</method>
					</methods>
					<lines>
						<line branch="false" hits="19" number="11"/>
					</lines>
				</class>
				<class branch-rate="0.0" complexity="0" filename="../../network/src/http/codes.cc" line-rate="0.934782608696" name="......network.src.http.codes.cc">
					<methods>
						<method branch-rate="1.0" line-rate="1.0" name="_GLOBAL__sub_I_codes.cc" signature="">
							<lines>
								<line branch="false" hits="1" number="120"/>
							</lines>
						</method>
						<method branch-rate="1.0" line-rate="1.0" name="__static_initialization_and_destruction_0(int, int)" signature="">
							<lines>
								<line branch="false" hits="1" number="120"/>
							</lines>
						</method>
						<method branch-rate="0.0" line-rate="0.0" name="xtd::network::http::codes::getMessage[abi:cxx11](xtd::network::http::code)" signature="">
							<lines>
								<line branch="false" hits="0" number="115"/>
							</lines>
						</method>
						<method branch-rate="0.0" line-rate="0.0" name="xtd::network::http::codes::setMessage(unsigned int, std::__cxx11::basic_string&lt;char, std::char_traits&lt;char&gt;, std::allocator&lt;char&gt; &gt; const&amp;)" signature="">
							<lines>
								<line branch="false" hits="0" number="98"/>
							</lines>
						</method>
						<method branch-rate="1.0" line-rate="1.0" name="xtd::network::http::codes::getMessage[abi:cxx11](unsigned int)" signature="">
							<lines>
								<line branch="false" hits="12" number="105"/>
							</lines>
						</method>
					</methods>
					<lines>
						<line branch="false" hits="159" number="9"/>
						<line branch="false" hits="1" number="10"/>
						<line branch="false" hits="1" number="11"/>
						<line branch="false" hits="1" number="12"/>
						<line branch="false" hits="1" number="14"/>
						<line branch="false" hits="1" number="15"/>
						<line branch="false" hits="1" number="16"/>
						<line branch="false" hits="1" number="17"/>
						<line branch="false" hits="1" number="18"/>
						<line branch="false" hits="1" number="19"/>
						<line branch="false" hits="1" number="20"/>
						<line branch="false" hits="1" number="21"/>
						<line branch="false" hits="1" number="22"/>
						<line branch="false" hits="1" number="23"/>
						<line branch="false" hits="1" number="25"/>
						<line branch="false" hits="1" number="26"/>
						<line branch="false" hits="1" number="27"/>
						<line branch="false" hits="1" number="28"/>
						<line branch="false" hits="1" number="29"/>
						<line branch="false" hits="1" number="30"/>
						<line branch="false" hits="1" number="31"/>
						<line branch="false" hits="1" number="32"/>
						<line branch="false" hits="1" number="33"/>
						<line branch="false" hits="1" number="35"/>
						<line branch="false" hits="1" number="36"/>
						<line branch="false" hits="1" number="37"/>
						<line branch="false" hits="1" number="38"/>
						<line branch="false" hits="1" number="39"/>
						<line branch="false" hits="1" number="40"/>
						<line branch="false" hits="1" number="41"/>
						<line branch="false" hits="1" number="42"/>
						<line branch="false" hits="1" number="43"/>
						<line branch="false" hits="1" number="44"/>
						<line branch="false" hits="1" number="45"/>
						<line branch="false" hits="1" number="46"/>
						<line branch="false" hits="1" number="47"/>
						<line branch="false" hits="1" number="48"/>
						<line branch="false" hits="1" number="49"/>
						<line branch="false" hits="1" number="50"/>
						<line branch="false" hits="1" number="51"/>
						<line branch="false" hits="1" number="52"/>
						<line branch="false" hits="1" number="53"/>
						<line branch="false" hits="1" number="54"/>
						<line branch="false" hits="1" number="55"/>
						<line branch="false" hits="1" number="56"/>
						<line branch="false" hits="1" number="57"/>
						<line branch="false" hits="1" number="58"/>
						<line branch="false" hits="1" number="59"/>
						<line branch="false" hits="1" number="60"/>
						<line branch="false" hits="1" number="61"/>
						<line branch="false" hits="1" number="62"/>
						<line branch="false" hits="1" number="63"/>
						<line branch="false" hits="1" number="64"/>
						<line branch="false" hits="1" number="65"/>
						<line branch="false" hits="1" number="66"/>
						<line branch="false" hits="1" number="67"/>
						<line branch="false" hits="1" number="68"/>
						<line branch="false" hits="1" number="69"/>
						<line branch="false" hits="1" number="70"/>
						<line branch="false" hits="1" number="71"/>
						<line branch="false" hits="1" number="73"/>
						<line branch="false" hits="1" number="74"/>
						<line branch="false" hits="1" number="75"/>
						<line branch="false" hits="1" number="76"/>
						<line branch="false" hits="1" number="77"/>
						<line branch="false" hits="1" number="78"/>
						<line branch="false" hits="1" number="79"/>
						<line branch="false" hits="1" number="80"/>
						<line branch="false" hits="1" number="81"/>
						<line branch="false" hits="1" number="82"/>
						<line branch="false" hits="1" number="83"/>
						<line branch="false" hits="1" number="84"/>
						<line branch="false" hits="1" number="85"/>
						<line branch="false" hits="1" number="86"/>
						<line branch="false" hits="1" number="87"/>
						<line branch="false" hits="1" number="88"/>
						<line branch="false" hits="1" number="89"/>
						<line branch="false" hits="1" number="90"/>
						<line branch="false" hits="1" number="91"/>
						<line branch="false" hits="1" number="92"/>
						<line branch="false" hits="80" number="94"/>
						<line branch="false" hits="0" number="98"/>
						<line branch="false" hits="0" number="100"/>
						<line branch="false" hits="0" number="101"/>
						<line branch="false" hits="12" number="105"/>
						<line branch="false" hits="12" number="107"/>
						<line branch="false" hits="12" number="108"/>
						<line branch="false" hits="0" number="109"/>
						<line branch="false" hits="12" number="110"/>
						<line branch="false" hits="0" number="115"/>
						<line branch="false" hits="0" number="117"/>
						<line branch="false" hits="3" number="120"/>
					</lines>
				</class>
				<class branch-rate="0.0" complexity="0" filename="../../network/src/http/Server.hh" line-rate="1.0" name="......network.src.http.Server.hh">
					<methods>
						<method branch-rate="1.0" line-rate="1.0" name="xtd::network::http::Server&lt;boost::asio::ip::tcp&gt;::Handler::operator=(xtd::network::http::Server&lt;boost::asio::ip::tcp&gt;::Handler&amp;&amp;)" signature="">
							<lines>
								<line branch="false" hits="3" number="246"/>
							</lines>
						</method>
						<method branch-rate="0.0" line-rate="0.0" name="xtd::network::http::Server&lt;boost::asio::local::stream_protocol&gt;::Handler::~Handler()" signature="">
							<lines>
								<line branch="false" hits="0" number="246"/>
							</lines>
						</method>
						<method branch-rate="0.0" line-rate="0.0" name="xtd::network::http::Server&lt;boost::asio::local::stream_protocol&gt;::Handler::Handler(xtd::network::http::Server&lt;boost::asio::local::stream_protocol&gt;::Handler&amp;&amp;)" signature="">
							<lines>
								<line branch="false" hits="0" number="246"/>
							</lines>
						</method>
						<method branch-rate="1.0" line-rate="1.0" name="xtd::network::http::Server&lt;boost::asio::ip::tcp&gt;::Handler::Handler(xtd::network::http::Server&lt;boost::asio::ip::tcp&gt;::Handler const&amp;)" signature="">
							<lines>
								<line branch="false" hits="7" number="246"/>
							</lines>
						</method>
						<method branch-rate="1.0" line-rate="1.0" name="xtd::network::http::Server&lt;boost::asio::ip::tcp&gt;::Handler::Handler(xtd::network::http::Server&lt;boost::asio::ip::tcp&gt;::Handler&amp;&amp;)" signature="">
							<lines>
								<line branch="false" hits="2" number="246"/>
							</lines>
						</method>
						<method branch-rate="0.0" line-rate="0.0" name="xtd::network::http::Server&lt;boost::asio::local::stream_protocol&gt;::Handler::operator=(xtd::network::http::Server&lt;boost::asio::local::stream_protocol&gt;::Handler&amp;&amp;)" signature="">
							<lines>
								<line branch="false" hits="0" number="246"/>
							</lines>
						</method>
						<method branch-rate="1.0" line-rate="1.0" name="xtd::network::http::Server&lt;boost::asio::ip::tcp&gt;::Handler::~Handler()" signature="">
							<lines>
								<line branch="false" hits="14" number="246"/>
							</lines>
						</method>
						<method branch-rate="0.0" line-rate="0.0" name="xtd::network::http::Server&lt;boost::asio::local::stream_protocol&gt;::Handler::Handler(xtd::network::http::Server&lt;boost::asio::local::stream_protocol&gt;::Handler const&amp;)" signature="">
							<lines>
								<line branch="false" hits="0" number="246"/>
							</lines>
						</method>
					</methods>
					<lines>
						<line branch="false" hits="26" number="246"/>
					</lines>
				</class>
				<class branch-rate="0.0" complexity="0" filename="../../network/src/http/http_types.cc" line-rate="0.529411764706" name="......network.src.http.http_types.cc">
					<methods>
						<method branch-rate="1.0" line-rate="1.0" name="xtd::network::http::str[abi:cxx11](xtd::network::http::version)" signature="">
							<lines>
								<line branch="false" hits="20" number="9"/>
							</lines>
						</method>
						<method branch-rate="1.0" line-rate="1.0" name="xtd::network::http::str[abi:cxx11](xtd::network::http::method)" signature="">
							<lines>
								<line branch="false" hits="8" number="21"/>
							</lines>
						</method>
						<method branch-rate="0.0" line-rate="0.0" name="xtd::network::http::str[abi:cxx11](xtd::network::http::code)" signature="">
							<lines>
								<line branch="false" hits="0" number="37"/>
							</lines>
						</method>
					</methods>
					<lines>
						<line branch="false" hits="20" number="9"/>
						<line branch="false" hits="20" number="11"/>
						<line branch="false" hits="4" number="14"/>
						<line branch="false" hits="16" number="16"/>
						<line branch="false" hits="0" number="18"/>
						<line branch="false" hits="8" number="21"/>
						<line branch="false" hits="8" number="23"/>
						<line branch="false" hits="8" number="25"/>
						<line branch="false" hits="8" number="27"/>
						<line branch="false" hits="0" number="28"/>
						<line branch="false" hits="0" number="29"/>
						<line branch="false" hits="0" number="30"/>
						<line branch="false" hits="0" number="31"/>
						<line branch="false" hits="0" number="32"/>
						<line branch="false" hits="8" number="34"/>
						<line branch="false" hits="0" number="37"/>
						<line branch="false" hits="0" number="39"/>
					</lines>
				</class>
				<class branch-rate="0.0" complexity="0" filename="../../network/src/http/ClientPool.cc" line-rate="0.0" name="......network.src.http.ClientPool.cc">
					<methods>
						<method branch-rate="0.0" line-rate="0.0" name="_GLOBAL__sub_I_ClientPool.cc" signature="">
							<lines>
								<line branch="false" hits="0" number="11"/>
							</lines>
						</method>
						<method branch-rate="0.0" line-rate="0.0" name="__static_initialization_and_destruction_0(int, int)" signature="">
							<lines>
								<line branch="false" hits="0" number="11"/>
							</lines>
						</method>
					</methods>
					<lines>
						<line branch="false" hits="0" number="11"/>
					</lines>
				</class>
				<class branch-rate="0.0" complexity="0" filename="../../network/src/http/Server.hxx" line-rate="0.496153846154" name="......network.src.http.Server.hxx">
					<methods>
						<method branch-rate="0.0" line-rate="0.0" name="xtd::network::http::Server&lt;boost::asio::local::stream_protocol&gt;::bind_public(std::__cxx11::basic_string&lt;char, std::char_traits&lt;char&gt;, std::allocator&lt;char&gt; &gt; const&amp;, std::function&lt;xtd::status (unsigned int, xtd::network::http::Request const&amp;, xtd::network::http::Response&amp;)&gt;, std::__cxx11::basic_string&lt;char, std::char_traits&lt;char&gt;, std::allocator&lt;char&gt; &gt; const&amp;)" signature="">
							<lines>
								<line branch="false" hits="0" number="661"/>
							</lines>
						</method>
						<method branch-rate="0.0" line-rate="0.0" name="xtd::network::http::Server&lt;boost::asio::ip::tcp&gt;::f_post_equal(std::__cxx11::basic_string&lt;char, std::char_traits&lt;char&gt;, std::allocator&lt;char&gt; &gt; const&amp;, std::__cxx11::basic_string&lt;char, std::char_traits&lt;char&gt;, std::allocator&lt;char&gt; &gt; const&amp;, xtd::network::http::Request const&amp;)" signature="">
							<lines>
								<line branch="false" hits="0" number="361"/>
							</lines>
						</method>
						<method branch-rate="0.0" line-rate="0.0" name="xtd::network::http::Server&lt;boost::asio::local::stream_protocol&gt;::bind_xml(std::__cxx11::basic_string&lt;char, std::char_traits&lt;char&gt;, std::allocator&lt;char&gt; &gt; const&amp;, std::__cxx11::basic_string&lt;char, std::char_traits&lt;char&gt;, std::allocator&lt;char&gt; &gt; const&amp;, std::__cxx11::basic_string&lt;char, std::char_traits&lt;char&gt;, std::allocator&lt;char&gt; &gt; const&amp;, std::function&lt;bool (xtd::network::http::Request const&amp;)&gt;)" signature="">
							<lines>
								<line branch="false" hits="0" number="603"/>
							</lines>
						</method>
						<method branch-rate="0.0" line-rate="0.0" name="xtd::network::http::Server&lt;boost::asio::local::stream_protocol&gt;::h_template_file(xtd::network::http::Template&amp;, std::__cxx11::basic_string&lt;char, std::char_traits&lt;char&gt;, std::allocator&lt;char&gt; &gt; const&amp;, unsigned int, xtd::network::http::Request const&amp;, xtd::network::http::Response&amp;)" signature="">
							<lines>
								<line branch="false" hits="0" number="481"/>
							</lines>
						</method>
						<method branch-rate="0.0" line-rate="0.0" name="std::function&lt;xtd::status (unsigned int, xtd::network::http::Request const&amp;, xtd::network::http::Response&amp;)&gt; xtd::network::http::Server&lt;boost::asio::local::stream_protocol&gt;::h&lt;xtd::status (xtd::network::http::Server&lt;boost::asio::local::stream_protocol&gt;::*)(std::__cxx11::basic_string&lt;char, std::char_traits&lt;char&gt;, std::allocator&lt;char&gt; &gt; const&amp;, unsigned int, xtd::network::http::Request const&amp;, xtd::network::http::Response&amp;), xtd::network::http::Server&lt;boost::asio::local::stream_protocol&gt;*, char const (&amp;) [75]&gt;(xtd::status (xtd::network::http::Server&lt;boost::asio::local::stream_protocol&gt;::*)(std::__cxx11::basic_string&lt;char, std::char_traits&lt;char&gt;, std::allocator&lt;char&gt; &gt; const&amp;, unsigned int, xtd::network::http::Request const&amp;, xtd::network::http::Response&amp;), xtd::network::http::Server&lt;boost::asio::local::stream_protocol&gt;*&amp;&amp;, char const (&amp;) [75])" signature="">
							<lines>
								<line branch="false" hits="0" number="55"/>
							</lines>
						</method>
						<method branch-rate="0.0" line-rate="0.0" name="xtd::network::http::Server&lt;boost::asio::local::stream_protocol&gt;::f_cgi_exist(std::__cxx11::basic_string&lt;char, std::char_traits&lt;char&gt;, std::allocator&lt;char&gt; &gt; const&amp;, xtd::network::http::Request const&amp;)" signature="">
							<lines>
								<line branch="false" hits="0" number="278"/>
							</lines>
						</method>
						<method branch-rate="0.0" line-rate="0.0" name="xtd::network::http::Server&lt;boost::asio::ip::tcp&gt;::f_cgi_exist(std::__cxx11::basic_string&lt;char, std::char_traits&lt;char&gt;, std::allocator&lt;char&gt; &gt; const&amp;, xtd::network::http::Request const&amp;)" signature="">
							<lines>
								<line branch="false" hits="0" number="278"/>
							</lines>
						</method>
						<method branch-rate="1.0" line-rate="1.0" name="xtd::network::http::Server&lt;boost::asio::ip::tcp&gt;::onReceiveError(boost::system::error_code, std::shared_ptr&lt;xtd::network::base::Connection&lt;boost::asio::ip::tcp&gt; &gt;)" signature="">
							<lines>
								<line branch="false" hits="8" number="137"/>
							</lines>
						</method>
						<method branch-rate="0.0" line-rate="0.0" name="xtd::network::http::Server&lt;boost::asio::local::stream_protocol&gt;::findHandler(xtd::network::http::Request const&amp;)" signature="">
							<lines>
								<line branch="false" hits="0" number="249"/>
							</lines>
						</method>
						<method branch-rate="0.0" line-rate="0.0" name="xtd::network::http::Server&lt;boost::asio::ip::tcp&gt;::getMatchingHandlers(xtd::network::http::Request const&amp;, std::vector&lt;xtd::network::http::Server&lt;boost::asio::ip::tcp&gt;::Handler, std::allocator&lt;xtd::network::http::Server&lt;boost::asio::ip::tcp&gt;::Handler&gt; &gt;&amp;) const" signature="">
							<lines>
								<line branch="false" hits="0" number="704"/>
							</lines>
						</method>
						<method branch-rate="0.0" line-rate="0.0" name="xtd::network::http::Server&lt;boost::asio::local::stream_protocol&gt;::isUrlBinded(std::__cxx11::basic_string&lt;char, std::char_traits&lt;char&gt;, std::allocator&lt;char&gt; &gt; const&amp;) const" signature="">
							<lines>
								<line branch="false" hits="0" number="692"/>
							</lines>
						</method>
						<method branch-rate="0.0" line-rate="0.0" name="xtd::network::http::Server&lt;boost::asio::local::stream_protocol&gt;::h_file(std::__cxx11::basic_string&lt;char, std::char_traits&lt;char&gt;, std::allocator&lt;char&gt; &gt; const&amp;, std::__cxx11::basic_string&lt;char, std::char_traits&lt;char&gt;, std::allocator&lt;char&gt; &gt; const&amp;, bool, unsigned int, xtd::network::http::Request const&amp;, xtd::network::http::Response&amp;)" signature="">
							<lines>
								<line branch="false" hits="0" number="540"/>
							</lines>
						</method>
						<method branch-rate="0.0" line-rate="0.0" name="xtd::network::http::Server&lt;boost::asio::local::stream_protocol&gt;::Server()" signature="">
							<lines>
								<line branch="false" hits="0" number="76"/>
							</lines>
						</method>
						<method branch-rate="0.0" line-rate="0.0" name="xtd::network::http::Server&lt;boost::asio::ip::tcp&gt;::bind_redirect(std::__cxx11::basic_string&lt;char, std::char_traits&lt;char&gt;, std::allocator&lt;char&gt; &gt; const&amp;, std::__cxx11::basic_string&lt;char, std::char_traits&lt;char&gt;, std::allocator&lt;char&gt; &gt; const&amp;, std::function&lt;bool (xtd::network::http::Request const&amp;)&gt;)" signature="">
							<lines>
								<line branch="false" hits="0" number="592"/>
							</lines>
						</method>
						<method branch-rate="0.0" line-rate="0.0" name="xtd::network::http::Server&lt;boost::asio::ip::tcp&gt;::isUrlBinded(std::__cxx11::basic_string&lt;char, std::char_traits&lt;char&gt;, std::allocator&lt;char&gt; &gt; const&amp;) const::{lambda(xtd::network::http::Server&lt;boost::asio::ip::tcp&gt;::Handler const&amp;)#1}::operator()(xtd::network::http::Server&lt;boost::asio::ip::tcp&gt;::Handler const&amp;) const" signature="">
							<lines>
								<line branch="false" hits="0" number="694"/>
							</lines>
						</method>
						<method branch-rate="0.0" line-rate="0.0" name="xtd::network::http::Server&lt;boost::asio::local::stream_protocol&gt;::bind_file(std::__cxx11::basic_string&lt;char, std::char_traits&lt;char&gt;, std::allocator&lt;char&gt; &gt; const&amp;, std::__cxx11::basic_string&lt;char, std::char_traits&lt;char&gt;, std::allocator&lt;char&gt; &gt; const&amp;, std::__cxx11::basic_string&lt;char, std::char_traits&lt;char&gt;, std::allocator&lt;char&gt; &gt; const&amp;, bool, std::function&lt;bool (xtd::network::http::Request const&amp;)&gt;)" signature="">
							<lines>
								<line branch="false" hits="0" number="617"/>
							</lines>
						</method>
						<method branch-rate="1.0" line-rate="1.0" name="xtd::network::http::Server&lt;boost::asio::ip::tcp&gt;::h_error_html(std::__cxx11::basic_string&lt;char, std::char_traits&lt;char&gt;, std::allocator&lt;char&gt; &gt; const&amp;, unsigned int, xtd::network::http::Request const&amp;, xtd::network::http::Response&amp;)" signature="">
							<lines>
								<line branch="false" hits="4" number="449"/>
							</lines>
						</method>
						<method branch-rate="0.0" line-rate="0.0" name="xtd::network::http::Server&lt;boost::asio::local::stream_protocol&gt;::stop()" signature="">
							<lines>
								<line branch="false" hits="0" number="103"/>
							</lines>
						</method>
						<method branch-rate="1.0" line-rate="1.0" name="xtd::network::http::Server&lt;boost::asio::ip::tcp&gt;::bind(std::__cxx11::basic_string&lt;char, std::char_traits&lt;char&gt;, std::allocator&lt;char&gt; &gt; const&amp;, std::function&lt;xtd::status (unsigned int, xtd::network::http::Request const&amp;, xtd::network::http::Response&amp;)&gt;, std::function&lt;bool (xtd::network::http::Request const&amp;)&gt;, std::__cxx11::basic_string&lt;char, std::char_traits&lt;char&gt;, std::allocator&lt;char&gt; &gt; const&amp;)" signature="">
							<lines>
								<line branch="false" hits="4" number="643"/>
							</lines>
						</method>
						<method branch-rate="1.0" line-rate="1.0" name="xtd::network::http::Server&lt;boost::asio::ip::tcp&gt;::~Server()" signature="">
							<lines>
								<line branch="false" hits="6" number="88"/>
							</lines>
						</method>
						<method branch-rate="1.0" line-rate="1.0" name="xtd::network::http::Server&lt;boost::asio::ip::tcp&gt;::createCnx(std::__cxx11::basic_string&lt;char, std::char_traits&lt;char&gt;, std::allocator&lt;char&gt; &gt;, unsigned int)" signature="">
							<lines>
								<line branch="false" hits="17" number="112"/>
							</lines>
						</method>
						<method branch-rate="0.0" line-rate="0.0" name="xtd::network::http::Server&lt;boost::asio::local::stream_protocol&gt;::Handler::Handler()" signature="">
							<lines>
								<line branch="false" hits="0" number="34"/>
							</lines>
						</method>
						<method branch-rate="0.0" line-rate="0.0" name="xtd::network::http::Server&lt;boost::asio::local::stream_protocol&gt;::f_none(xtd::network::http::Request const&amp;)" signature="">
							<lines>
								<line branch="false" hits="0" number="271"/>
							</lines>
						</method>
						<method branch-rate="0.0" line-rate="0.0" name="xtd::network::http::Server&lt;boost::asio::ip::tcp&gt;::f_header_equal(std::__cxx11::basic_string&lt;char, std::char_traits&lt;char&gt;, std::allocator&lt;char&gt; &gt; const&amp;, std::__cxx11::basic_string&lt;char, std::char_traits&lt;char&gt;, std::allocator&lt;char&gt; &gt; const&amp;, xtd::network::http::Request const&amp;)" signature="">
							<lines>
								<line branch="false" hits="0" number="401"/>
							</lines>
						</method>
						<method branch-rate="0.0" line-rate="0.0" name="xtd::network::http::Server&lt;boost::asio::local::stream_protocol&gt;::f_header_match(std::__cxx11::basic_string&lt;char, std::char_traits&lt;char&gt;, std::allocator&lt;char&gt; &gt; const&amp;, std::__cxx11::basic_string&lt;char, std::char_traits&lt;char&gt;, std::allocator&lt;char&gt; &gt; const&amp;, xtd::network::http::Request const&amp;)" signature="">
							<lines>
								<line branch="false" hits="0" number="414"/>
							</lines>
						</method>
						<method branch-rate="0.0" line-rate="0.0" name="xtd::network::http::Server&lt;boost::asio::local::stream_protocol&gt;::getMatchingHandlers(xtd::network::http::Request const&amp;, std::vector&lt;xtd::network::http::Server&lt;boost::asio::local::stream_protocol&gt;::Handler, std::allocator&lt;xtd::network::http::Server&lt;boost::asio::local::stream_protocol&gt;::Handler&gt; &gt;&amp;) const" signature="">
							<lines>
								<line branch="false" hits="0" number="704"/>
							</lines>
						</method>
						<method branch-rate="0.0" line-rate="0.0" name="xtd::network::http::Server&lt;boost::asio::ip::tcp&gt;::h_gen(xtd::network::http::Generator&amp;, unsigned int, xtd::network::http::Request const&amp;, xtd::network::http::Response&amp;)" signature="">
							<lines>
								<line branch="false" hits="0" number="494"/>
							</lines>
						</method>
						<method branch-rate="0.0" line-rate="0.0" name="xtd::network::http::Server&lt;boost::asio::local::stream_protocol&gt;::f_cgi_equal(std::__cxx11::basic_string&lt;char, std::char_traits&lt;char&gt;, std::allocator&lt;char&gt; &gt; const&amp;, std::__cxx11::basic_string&lt;char, std::char_traits&lt;char&gt;, std::allocator&lt;char&gt; &gt; const&amp;, xtd::network::http::Request const&amp;)" signature="">
							<lines>
								<line branch="false" hits="0" number="310"/>
							</lines>
						</method>
						<method branch-rate="1.0" line-rate="1.0" name="xtd::network::http::Server&lt;boost::asio::ip::tcp&gt;::onReceiveTimeout(boost::system::error_code, std::shared_ptr&lt;xtd::network::base::Connection&lt;boost::asio::ip::tcp&gt; &gt;)" signature="">
							<lines>
								<line branch="false" hits="1" number="151"/>
							</lines>
						</method>
						<method branch-rate="0.0" line-rate="0.0" name="std::function&lt;xtd::status (unsigned int, xtd::network::http::Request const&amp;, xtd::network::http::Response&amp;)&gt; xtd::network::http::Server&lt;boost::asio::local::stream_protocol&gt;::h&lt;xtd::status (xtd::network::http::Server&lt;boost::asio::local::stream_protocol&gt;::*)(std::__cxx11::basic_string&lt;char, std::char_traits&lt;char&gt;, std::allocator&lt;char&gt; &gt; const&amp;, unsigned int, xtd::network::http::Request const&amp;, xtd::network::http::Response&amp;), xtd::network::http::Server&lt;boost::asio::local::stream_protocol&gt;*, std::__cxx11::basic_string&lt;char, std::char_traits&lt;char&gt;, std::allocator&lt;char&gt; &gt; const&amp;&gt;(xtd::status (xtd::network::http::Server&lt;boost::asio::local::stream_protocol&gt;::*)(std::__cxx11::basic_string&lt;char, std::char_traits&lt;char&gt;, std::allocator&lt;char&gt; &gt; const&amp;, unsigned int, xtd::network::http::Request const&amp;, xtd::network::http::Response&amp;), xtd::network::http::Server&lt;boost::asio::local::stream_protocol&gt;*&amp;&amp;, std::__cxx11::basic_string&lt;char, std::char_traits&lt;char&gt;, std::allocator&lt;char&gt; &gt; const&amp;)" signature="">
							<lines>
								<line branch="false" hits="0" number="55"/>
							</lines>
						</method>
						<method branch-rate="0.0" line-rate="0.0" name="xtd::network::http::Server&lt;boost::asio::local::stream_protocol&gt;::onReceiveError(boost::system::error_code, std::shared_ptr&lt;xtd::network::base::Connection&lt;boost::asio::local::stream_protocol&gt; &gt;)" signature="">
							<lines>
								<line branch="false" hits="0" number="137"/>
							</lines>
						</method>
						<method branch-rate="0.0" line-rate="0.0" name="xtd::network::http::Server&lt;boost::asio::ip::tcp&gt;::f_header_match(std::__cxx11::basic_string&lt;char, std::char_traits&lt;char&gt;, std::allocator&lt;char&gt; &gt; const&amp;, std::__cxx11::basic_string&lt;char, std::char_traits&lt;char&gt;, std::allocator&lt;char&gt; &gt; const&amp;, xtd::network::http::Request const&amp;)" signature="">
							<lines>
								<line branch="false" hits="0" number="414"/>
							</lines>
						</method>
						<method branch-rate="0.0" line-rate="0.0" name="xtd::network::http::Server&lt;boost::asio::local::stream_protocol&gt;::h_dir(std::__cxx11::basic_string&lt;char, std::char_traits&lt;char&gt;, std::allocator&lt;char&gt; &gt; const&amp;, std::__cxx11::basic_string&lt;char, std::char_traits&lt;char&gt;, std::allocator&lt;char&gt; &gt; const&amp;, bool, unsigned int, xtd::network::http::Request const&amp;, xtd::network::http::Response&amp;)" signature="">
							<lines>
								<line branch="false" hits="0" number="573"/>
							</lines>
						</method>
						<method branch-rate="0.0" line-rate="0.0" name="xtd::network::http::Server&lt;boost::asio::ip::tcp&gt;::h_redirect(std::__cxx11::basic_string&lt;char, std::char_traits&lt;char&gt;, std::allocator&lt;char&gt; &gt; const&amp;, unsigned int, xtd::network::http::Request const&amp;, xtd::network::http::Response&amp;)" signature="">
							<lines>
								<line branch="false" hits="0" number="512"/>
							</lines>
						</method>
						<method branch-rate="0.0" line-rate="0.0" name="xtd::network::http::Server&lt;boost::asio::local::stream_protocol&gt;::f_param_exist(std::__cxx11::basic_string&lt;char, std::char_traits&lt;char&gt;, std::allocator&lt;char&gt; &gt; const&amp;, xtd::network::http::Request const&amp;)" signature="">
							<lines>
								<line branch="false" hits="0" number="349"/>
							</lines>
						</method>
						<method branch-rate="0.0" line-rate="0.0" name="xtd::network::http::Server&lt;boost::asio::local::stream_protocol&gt;::bind(std::__cxx11::basic_string&lt;char, std::char_traits&lt;char&gt;, std::allocator&lt;char&gt; &gt; const&amp;, std::function&lt;xtd::status (unsigned int, xtd::network::http::Request const&amp;, xtd::network::http::Response&amp;)&gt;, std::function&lt;bool (xtd::network::http::Request const&amp;)&gt;, std::__cxx11::basic_string&lt;char, std::char_traits&lt;char&gt;, std::allocator&lt;char&gt; &gt; const&amp;)" signature="">
							<lines>
								<line branch="false" hits="0" number="643"/>
							</lines>
						</method>
						<method branch-rate="1.0" line-rate="1.0" name="xtd::network::http::Server&lt;boost::asio::ip::tcp&gt;::bind_any(std::function&lt;xtd::status (unsigned int, xtd::network::http::Request const&amp;, xtd::network::http::Response&amp;)&gt;, std::function&lt;bool (xtd::network::http::Request const&amp;)&gt;)" signature="">
							<lines>
								<line branch="false" hits="1" number="671"/>
							</lines>
						</method>
						<method branch-rate="0.0" line-rate="0.0" name="xtd::network::http::Server&lt;boost::asio::ip::tcp&gt;::bind_public(std::__cxx11::basic_string&lt;char, std::char_traits&lt;char&gt;, std::allocator&lt;char&gt; &gt; const&amp;, std::function&lt;xtd::status (unsigned int, xtd::network::http::Request const&amp;, xtd::network::http::Response&amp;)&gt;, std::__cxx11::basic_string&lt;char, std::char_traits&lt;char&gt;, std::allocator&lt;char&gt; &gt; const&amp;)" signature="">
							<lines>
								<line branch="false" hits="0" number="661"/>
							</lines>
						</method>
						<method branch-rate="1.0" line-rate="1.0" name="xtd::network::http::Server&lt;boost::asio::ip::tcp&gt;::f_none(xtd::network::http::Request const&amp;)" signature="">
							<lines>
								<line branch="false" hits="6" number="271"/>
							</lines>
						</method>
						<method branch-rate="0.0" line-rate="0.0" name="xtd::network::http::Server&lt;boost::asio::local::stream_protocol&gt;::f_one_cgi_exist(std::vector&lt;std::__cxx11::basic_string&lt;char, std::char_traits&lt;char&gt;, std::allocator&lt;char&gt; &gt;, std::allocator&lt;std::__cxx11::basic_string&lt;char, std::char_traits&lt;char&gt;, std::allocator&lt;char&gt; &gt; &gt; &gt; const&amp;, xtd::network::http::Request const&amp;)" signature="">
							<lines>
								<line branch="false" hits="0" number="290"/>
							</lines>
						</method>
						<method branch-rate="1.0" line-rate="1.0" name="xtd::network::http::Server&lt;boost::asio::ip::tcp&gt;::start()" signature="">
							<lines>
								<line branch="false" hits="6" number="94"/>
							</lines>
						</method>
						<method branch-rate="0.0" line-rate="0.0" name="std::function&lt;xtd::status (unsigned int, xtd::network::http::Request const&amp;, xtd::network::http::Response&amp;)&gt; xtd::network::http::Server&lt;boost::asio::ip::tcp&gt;::h&lt;xtd::status (xtd::network::http::Server&lt;boost::asio::ip::tcp&gt;::*)(std::__cxx11::basic_string&lt;char, std::char_traits&lt;char&gt;, std::allocator&lt;char&gt; &gt; const&amp;, unsigned int, xtd::network::http::Request const&amp;, xtd::network::http::Response&amp;), xtd::network::http::Server&lt;boost::asio::ip::tcp&gt;*, std::__cxx11::basic_string&lt;char, std::char_traits&lt;char&gt;, std::allocator&lt;char&gt; &gt; const&amp;&gt;(xtd::status (xtd::network::http::Server&lt;boost::asio::ip::tcp&gt;::*)(std::__cxx11::basic_string&lt;char, std::char_traits&lt;char&gt;, std::allocator&lt;char&gt; &gt; const&amp;, unsigned int, xtd::network::http::Request const&amp;, xtd::network::http::Response&amp;), xtd::network::http::Server&lt;boost::asio::ip::tcp&gt;*&amp;&amp;, std::__cxx11::basic_string&lt;char, std::char_traits&lt;char&gt;, std::allocator&lt;char&gt; &gt; const&amp;)" signature="">
							<lines>
								<line branch="false" hits="0" number="55"/>
							</lines>
						</method>
						<method branch-rate="1.0" line-rate="1.0" name="xtd::network::http::Server&lt;boost::asio::ip::tcp&gt;::afterReceive(std::shared_ptr&lt;xtd::network::base::Connection&lt;boost::asio::ip::tcp&gt; &gt;, std::shared_ptr&lt;std::vector&lt;char, std::allocator&lt;char&gt; &gt; &gt;)" signature="">
							<lines>
								<line branch="false" hits="12" number="171"/>
							</lines>
						</method>
						<method branch-rate="1.0" line-rate="1.0" name="xtd::network::http::Server&lt;boost::asio::ip::tcp&gt;::findHandler(xtd::network::http::Request const&amp;)" signature="">
							<lines>
								<line branch="false" hits="11" number="249"/>
							</lines>
						</method>
						<method branch-rate="0.0" line-rate="0.0" name="xtd::network::http::Server&lt;boost::asio::local::stream_protocol&gt;::createCnx(std::__cxx11::basic_string&lt;char, std::char_traits&lt;char&gt;, std::allocator&lt;char&gt; &gt;, unsigned int)" signature="">
							<lines>
								<line branch="false" hits="0" number="112"/>
							</lines>
						</method>
						<method branch-rate="0.0" line-rate="0.0" name="xtd::network::http::Server&lt;boost::asio::local::stream_protocol&gt;::bind_default(std::function&lt;xtd::status (unsigned int, xtd::network::http::Request const&amp;, xtd::network::http::Response&amp;)&gt;)" signature="">
							<lines>
								<line branch="false" hits="0" number="685"/>
							</lines>
						</method>
						<method branch-rate="0.0" line-rate="0.0" name="xtd::network::http::Server&lt;boost::asio::local::stream_protocol&gt;::start()" signature="">
							<lines>
								<line branch="false" hits="0" number="94"/>
							</lines>
						</method>
						<method branch-rate="0.0" line-rate="0.0" name="xtd::network::http::Server&lt;boost::asio::ip::tcp&gt;::h_raw(std::__cxx11::basic_string&lt;char, std::char_traits&lt;char&gt;, std::allocator&lt;char&gt; &gt; const&amp;, std::__cxx11::basic_string&lt;char, std::char_traits&lt;char&gt;, std::allocator&lt;char&gt; &gt; const&amp;, unsigned int, xtd::network::http::Request const&amp;, xtd::network::http::Response&amp;)" signature="">
							<lines>
								<line branch="false" hits="0" number="525"/>
							</lines>
						</method>
						<method branch-rate="0.0" line-rate="0.0" name="xtd::network::http::Server&lt;boost::asio::ip::tcp&gt;::bind_dir(std::__cxx11::basic_string&lt;char, std::char_traits&lt;char&gt;, std::allocator&lt;char&gt; &gt; const&amp;, std::__cxx11::basic_string&lt;char, std::char_traits&lt;char&gt;, std::allocator&lt;char&gt; &gt; const&amp;, std::__cxx11::basic_string&lt;char, std::char_traits&lt;char&gt;, std::allocator&lt;char&gt; &gt; const&amp;, bool, std::function&lt;bool (xtd::network::http::Request const&amp;)&gt;)" signature="">
							<lines>
								<line branch="false" hits="0" number="630"/>
							</lines>
						</method>
						<method branch-rate="0.0" line-rate="0.0" name="xtd::network::http::Server&lt;boost::asio::ip::tcp&gt;::bind_file(std::__cxx11::basic_string&lt;char, std::char_traits&lt;char&gt;, std::allocator&lt;char&gt; &gt; const&amp;, std::__cxx11::basic_string&lt;char, std::char_traits&lt;char&gt;, std::allocator&lt;char&gt; &gt; const&amp;, std::__cxx11::basic_string&lt;char, std::char_traits&lt;char&gt;, std::allocator&lt;char&gt; &gt; const&amp;, bool, std::function&lt;bool (xtd::network::http::Request const&amp;)&gt;)" signature="">
							<lines>
								<line branch="false" hits="0" number="617"/>
							</lines>
						</method>
						<method branch-rate="0.0" line-rate="0.0" name="xtd::network::http::Server&lt;boost::asio::ip::tcp&gt;::f_header_exist(std::__cxx11::basic_string&lt;char, std::char_traits&lt;char&gt;, std::allocator&lt;char&gt; &gt; const&amp;, xtd::network::http::Request const&amp;)" signature="">
							<lines>
								<line branch="false" hits="0" number="389"/>
							</lines>
						</method>
						<method branch-rate="0.0" line-rate="0.0" name="xtd::network::http::Server&lt;boost::asio::ip::tcp&gt;::h_error_text(std::__cxx11::basic_string&lt;char, std::char_traits&lt;char&gt;, std::allocator&lt;char&gt; &gt; const&amp;, unsigned int, xtd::network::http::Request const&amp;, xtd::network::http::Response&amp;)" signature="">
							<lines>
								<line branch="false" hits="0" number="428"/>
							</lines>
						</method>
						<method branch-rate="1.0" line-rate="1.0" name="xtd::network::http::Server&lt;boost::asio::ip::tcp&gt;::Handler::Handler()" signature="">
							<lines>
								<line branch="false" hits="5" number="34"/>
							</lines>
						</method>
						<method branch-rate="0.0" line-rate="0.0" name="xtd::network::http::Server&lt;boost::asio::local::stream_protocol&gt;::Handler::less(xtd::network::http::Server&lt;boost::asio::local::stream_protocol&gt;::Handler const&amp;, xtd::network::http::Server&lt;boost::asio::local::stream_protocol&gt;::Handler const&amp;)" signature="">
							<lines>
								<line branch="false" hits="0" number="43"/>
							</lines>
						</method>
						<method branch-rate="0.0" line-rate="0.0" name="xtd::network::http::Server&lt;boost::asio::ip::tcp&gt;::f_param_exist(std::__cxx11::basic_string&lt;char, std::char_traits&lt;char&gt;, std::allocator&lt;char&gt; &gt; const&amp;, xtd::network::http::Request const&amp;)" signature="">
							<lines>
								<line branch="false" hits="0" number="349"/>
							</lines>
						</method>
						<method branch-rate="0.0" line-rate="0.0" name="xtd::network::http::Server&lt;boost::asio::local::stream_protocol&gt;::bind_dir(std::__cxx11::basic_string&lt;char, std::char_traits&lt;char&gt;, std::allocator&lt;char&gt; &gt; const&amp;, std::__cxx11::basic_string&lt;char, std::char_traits&lt;char&gt;, std::allocator&lt;char&gt; &gt; const&amp;, std::__cxx11::basic_string&lt;char, std::char_traits&lt;char&gt;, std::allocator&lt;char&gt; &gt; const&amp;, bool, std::function&lt;bool (xtd::network::http::Request const&amp;)&gt;)" signature="">
							<lines>
								<line branch="false" hits="0" number="630"/>
							</lines>
						</method>
						<method branch-rate="0.0" line-rate="0.0" name="xtd::network::http::Server&lt;boost::asio::local::stream_protocol&gt;::f_cgi_match(std::__cxx11::basic_string&lt;char, std::char_traits&lt;char&gt;, std::allocator&lt;char&gt; &gt; const&amp;, std::__cxx11::basic_string&lt;char, std::char_traits&lt;char&gt;, std::allocator&lt;char&gt; &gt; const&amp;, xtd::network::http::Request const&amp;)" signature="">
							<lines>
								<line branch="false" hits="0" number="323"/>
							</lines>
						</method>
						<method branch-rate="0.0" line-rate="0.0" name="xtd::network::http::Server&lt;boost::asio::local::stream_protocol&gt;::h_redirect(std::__cxx11::basic_string&lt;char, std::char_traits&lt;char&gt;, std::allocator&lt;char&gt; &gt; const&amp;, unsigned int, xtd::network::http::Request const&amp;, xtd::network::http::Response&amp;)" signature="">
							<lines>
								<line branch="false" hits="0" number="512"/>
							</lines>
						</method>
						<method branch-rate="0.0" line-rate="0.0" name="xtd::network::http::Server&lt;boost::asio::ip::tcp&gt;::h_dir(std::__cxx11::basic_string&lt;char, std::char_traits&lt;char&gt;, std::allocator&lt;char&gt; &gt; const&amp;, std::__cxx11::basic_string&lt;char, std::char_traits&lt;char&gt;, std::allocator&lt;char&gt; &gt; const&amp;, bool, unsigned int, xtd::network::http::Request const&amp;, xtd::network::http::Response&amp;)" signature="">
							<lines>
								<line branch="false" hits="0" number="573"/>
							</lines>
						</method>
						<method branch-rate="0.0" line-rate="0.0" name="xtd::network::http::Server&lt;boost::asio::local::stream_protocol&gt;::f_header_exist(std::__cxx11::basic_string&lt;char, std::char_traits&lt;char&gt;, std::allocator&lt;char&gt; &gt; const&amp;, xtd::network::http::Request const&amp;)" signature="">
							<lines>
								<line branch="false" hits="0" number="389"/>
							</lines>
						</method>
						<method branch-rate="1.0" line-rate="1.0" name="xtd::network::http::Server&lt;boost::asio::ip::tcp&gt;::stop()" signature="">
							<lines>
								<line branch="false" hits="6" number="103"/>
							</lines>
						</method>
						<method branch-rate="0.0" line-rate="0.0" name="xtd::network::http::Server&lt;boost::asio::local::stream_protocol&gt;::h_error_text(std::__cxx11::basic_string&lt;char, std::char_traits&lt;char&gt;, std::allocator&lt;char&gt; &gt; const&amp;, unsigned int, xtd::network::http::Request const&amp;, xtd::network::http::Response&amp;)" signature="">
							<lines>
								<line branch="false" hits="0" number="428"/>
							</lines>
						</method>
						<method branch-rate="0.0" line-rate="0.0" name="xtd::network::http::Server&lt;boost::asio::local::stream_protocol&gt;::bind_redirect(std::__cxx11::basic_string&lt;char, std::char_traits&lt;char&gt;, std::allocator&lt;char&gt; &gt; const&amp;, std::__cxx11::basic_string&lt;char, std::char_traits&lt;char&gt;, std::allocator&lt;char&gt; &gt; const&amp;, std::function&lt;bool (xtd::network::http::Request const&amp;)&gt;)" signature="">
							<lines>
								<line branch="false" hits="0" number="592"/>
							</lines>
						</method>
						<method branch-rate="1.0" line-rate="1.0" name="xtd::network::http::Server&lt;boost::asio::ip::tcp&gt;::Handler::less(xtd::network::http::Server&lt;boost::asio::ip::tcp&gt;::Handler const&amp;, xtd::network::http::Server&lt;boost::asio::ip::tcp&gt;::Handler const&amp;)" signature="">
							<lines>
								<line branch="false" hits="3" number="43"/>
							</lines>
						</method>
						<method branch-rate="0.0" line-rate="0.0" name="xtd::network::http::Server&lt;boost::asio::ip::tcp&gt;::bind_xml(std::__cxx11::basic_string&lt;char, std::char_traits&lt;char&gt;, std::allocator&lt;char&gt; &gt; const&amp;, std::__cxx11::basic_string&lt;char, std::char_traits&lt;char&gt;, std::allocator&lt;char&gt; &gt; const&amp;, std::__cxx11::basic_string&lt;char, std::char_traits&lt;char&gt;, std::allocator&lt;char&gt; &gt; const&amp;, std::function&lt;bool (xtd::network::http::Request const&amp;)&gt;)" signature="">
							<lines>
								<line branch="false" hits="0" number="603"/>
							</lines>
						</method>
						<method branch-rate="0.0" line-rate="0.0" name="xtd::network::http::Server&lt;boost::asio::local::stream_protocol&gt;::onReceiveTimeout(boost::system::error_code, std::shared_ptr&lt;xtd::network::base::Connection&lt;boost::asio::local::stream_protocol&gt; &gt;)" signature="">
							<lines>
								<line branch="false" hits="0" number="151"/>
							</lines>
						</method>
						<method branch-rate="0.0" line-rate="0.0" name="xtd::network::http::Server&lt;boost::asio::local::stream_protocol&gt;::bind_any(std::function&lt;xtd::status (unsigned int, xtd::network::http::Request const&amp;, xtd::network::http::Response&amp;)&gt;, std::function&lt;bool (xtd::network::http::Request const&amp;)&gt;)" signature="">
							<lines>
								<line branch="false" hits="0" number="671"/>
							</lines>
						</method>
						<method branch-rate="1.0" line-rate="1.0" name="std::function&lt;xtd::status (unsigned int, xtd::network::http::Request const&amp;, xtd::network::http::Response&amp;)&gt; xtd::network::http::Server&lt;boost::asio::ip::tcp&gt;::h&lt;xtd::status (xtd::network::http::Server&lt;boost::asio::ip::tcp&gt;::*)(std::__cxx11::basic_string&lt;char, std::char_traits&lt;char&gt;, std::allocator&lt;char&gt; &gt; const&amp;, unsigned int, xtd::network::http::Request const&amp;, xtd::network::http::Response&amp;), xtd::network::http::Server&lt;boost::asio::ip::tcp&gt;*, char const (&amp;) [75]&gt;(xtd::status (xtd::network::http::Server&lt;boost::asio::ip::tcp&gt;::*)(std::__cxx11::basic_string&lt;char, std::char_traits&lt;char&gt;, std::allocator&lt;char&gt; &gt; const&amp;, unsigned int, xtd::network::http::Request const&amp;, xtd::network::http::Response&amp;), xtd::network::http::Server&lt;boost::asio::ip::tcp&gt;*&amp;&amp;, char const (&amp;) [75])" signature="">
							<lines>
								<line branch="false" hits="6" number="55"/>
							</lines>
						</method>
						<method branch-rate="0.0" line-rate="0.0" name="xtd::network::http::Server&lt;boost::asio::ip::tcp&gt;::f_one_cgi_exist(std::vector&lt;std::__cxx11::basic_string&lt;char, std::char_traits&lt;char&gt;, std::allocator&lt;char&gt; &gt;, std::allocator&lt;std::__cxx11::basic_string&lt;char, std::char_traits&lt;char&gt;, std::allocator&lt;char&gt; &gt; &gt; &gt; const&amp;, xtd::network::http::Request const&amp;)" signature="">
							<lines>
								<line branch="false" hits="0" number="290"/>
							</lines>
						</method>
						<method branch-rate="0.0" line-rate="0.0" name="xtd::network::http::Server&lt;boost::asio::local::stream_protocol&gt;::f_post_equal(std::__cxx11::basic_string&lt;char, std::char_traits&lt;char&gt;, std::allocator&lt;char&gt; &gt; const&amp;, std::__cxx11::basic_string&lt;char, std::char_traits&lt;char&gt;, std::allocator&lt;char&gt; &gt; const&amp;, xtd::network::http::Request const&amp;)" signature="">
							<lines>
								<line branch="false" hits="0" number="361"/>
							</lines>
						</method>
						<method branch-rate="0.0" line-rate="0.0" name="xtd::network::http::Server&lt;boost::asio::ip::tcp&gt;::f_post_match(std::__cxx11::basic_string&lt;char, std::char_traits&lt;char&gt;, std::allocator&lt;char&gt; &gt; const&amp;, std::__cxx11::basic_string&lt;char, std::char_traits&lt;char&gt;, std::allocator&lt;char&gt; &gt; const&amp;, xtd::network::http::Request const&amp;)" signature="">
							<lines>
								<line branch="false" hits="0" number="374"/>
							</lines>
						</method>
						<method branch-rate="0.0" line-rate="0.0" name="xtd::network::http::Server&lt;boost::asio::local::stream_protocol&gt;::f_header_equal(std::__cxx11::basic_string&lt;char, std::char_traits&lt;char&gt;, std::allocator&lt;char&gt; &gt; const&amp;, std::__cxx11::basic_string&lt;char, std::char_traits&lt;char&gt;, std::allocator&lt;char&gt; &gt; const&amp;, xtd::network::http::Request const&amp;)" signature="">
							<lines>
								<line branch="false" hits="0" number="401"/>
							</lines>
						</method>
						<method branch-rate="0.0" line-rate="0.0" name="xtd::network::http::Server&lt;boost::asio::local::stream_protocol&gt;::h_error_html(std::__cxx11::basic_string&lt;char, std::char_traits&lt;char&gt;, std::allocator&lt;char&gt; &gt; const&amp;, unsigned int, xtd::network::http::Request const&amp;, xtd::network::http::Response&amp;)" signature="">
							<lines>
								<line branch="false" hits="0" number="449"/>
							</lines>
						</method>
						<method branch-rate="1.0" line-rate="1.0" name="xtd::network::http::Server&lt;boost::asio::ip::tcp&gt;::bind_default(std::function&lt;xtd::status (unsigned int, xtd::network::http::Request const&amp;, xtd::network::http::Response&amp;)&gt;)" signature="">
							<lines>
								<line branch="false" hits="6" number="685"/>
							</lines>
						</method>
						<method branch-rate="0.0" line-rate="0.0" name="xtd::network::http::Server&lt;boost::asio::local::stream_protocol&gt;::processRequest(unsigned int, std::basic_istream&lt;char, std::char_traits&lt;char&gt; &gt;&amp;, xtd::network::http::Request&amp;, xtd::network::http::Response&amp;)" signature="">
							<lines>
								<line branch="false" hits="0" number="227"/>
							</lines>
						</method>
						<method branch-rate="1.0" line-rate="1.0" name="xtd::network::http::Server&lt;boost::asio::ip::tcp&gt;::afterSend(std::shared_ptr&lt;xtd::network::base::Connection&lt;boost::asio::ip::tcp&gt; &gt;)" signature="">
							<lines>
								<line branch="false" hits="12" number="215"/>
							</lines>
						</method>
						<method branch-rate="0.0" line-rate="0.0" name="xtd::network::http::Server&lt;boost::asio::ip::tcp&gt;::~Server()" signature="">
							<lines>
								<line branch="false" hits="0" number="88"/>
							</lines>
						</method>
						<method branch-rate="0.0" line-rate="0.0" name="xtd::network::http::Server&lt;boost::asio::local::stream_protocol&gt;::f_post_match(std::__cxx11::basic_string&lt;char, std::char_traits&lt;char&gt;, std::allocator&lt;char&gt; &gt; const&amp;, std::__cxx11::basic_string&lt;char, std::char_traits&lt;char&gt;, std::allocator&lt;char&gt; &gt; const&amp;, xtd::network::http::Request const&amp;)" signature="">
							<lines>
								<line branch="false" hits="0" number="374"/>
							</lines>
						</method>
						<method branch-rate="0.0" line-rate="0.0" name="xtd::network::http::Server&lt;boost::asio::ip::tcp&gt;::f_cgi_match(std::__cxx11::basic_string&lt;char, std::char_traits&lt;char&gt;, std::allocator&lt;char&gt; &gt; const&amp;, std::__cxx11::basic_string&lt;char, std::char_traits&lt;char&gt;, std::allocator&lt;char&gt; &gt; const&amp;, xtd::network::http::Request const&amp;)" signature="">
							<lines>
								<line branch="false" hits="0" number="323"/>
							</lines>
						</method>
						<method branch-rate="0.0" line-rate="0.0" name="xtd::network::http::Server&lt;boost::asio::ip::tcp&gt;::h_template_file(xtd::network::http::Template&amp;, std::__cxx11::basic_string&lt;char, std::char_traits&lt;char&gt;, std::allocator&lt;char&gt; &gt; const&amp;, unsigned int, xtd::network::http::Request const&amp;, xtd::network::http::Response&amp;)" signature="">
							<lines>
								<line branch="false" hits="0" number="481"/>
							</lines>
						</method>
						<method branch-rate="1.0" line-rate="1.0" name="xtd::network::http::Server&lt;boost::asio::ip::tcp&gt;::Server()" signature="">
							<lines>
								<line branch="false" hits="6" number="76"/>
							</lines>
						</method>
						<method branch-rate="0.0" line-rate="0.0" name="xtd::network::http::Server&lt;boost::asio::ip::tcp&gt;::h_file(std::__cxx11::basic_string&lt;char, std::char_traits&lt;char&gt;, std::allocator&lt;char&gt; &gt; const&amp;, std::__cxx11::basic_string&lt;char, std::char_traits&lt;char&gt;, std::allocator&lt;char&gt; &gt; const&amp;, bool, unsigned int, xtd::network::http::Request const&amp;, xtd::network::http::Response&amp;)" signature="">
							<lines>
								<line branch="false" hits="0" number="540"/>
							</lines>
						</method>
						<method branch-rate="1.0" line-rate="1.0" name="xtd::network::http::Server&lt;boost::asio::ip::tcp&gt;::afterAccept(std::shared_ptr&lt;xtd::network::base::Connection&lt;boost::asio::ip::tcp&gt; &gt;)" signature="">
							<lines>
								<line branch="false" hits="11" number="120"/>
							</lines>
						</method>
						<method branch-rate="0.0" line-rate="0.0" name="xtd::network::http::Server&lt;boost::asio::ip::tcp&gt;::f_cgi_equal(std::__cxx11::basic_string&lt;char, std::char_traits&lt;char&gt;, std::allocator&lt;char&gt; &gt; const&amp;, std::__cxx11::basic_string&lt;char, std::char_traits&lt;char&gt;, std::allocator&lt;char&gt; &gt; const&amp;, xtd::network::http::Request const&amp;)" signature="">
							<lines>
								<line branch="false" hits="0" number="310"/>
							</lines>
						</method>
						<method branch-rate="0.0" line-rate="0.0" name="xtd::network::http::Server&lt;boost::asio::local::stream_protocol&gt;::isUrlBinded(std::__cxx11::basic_string&lt;char, std::char_traits&lt;char&gt;, std::allocator&lt;char&gt; &gt; const&amp;) const::{lambda(xtd::network::http::Server&lt;boost::asio::local::stream_protocol&gt;::Handler const&amp;)#1}::operator()(xtd::network::http::Server&lt;boost::asio::local::stream_protocol&gt;::Handler const&amp;) const" signature="">
							<lines>
								<line branch="false" hits="0" number="694"/>
							</lines>
						</method>
						<method branch-rate="0.0" line-rate="0.0" name="std::function&lt;xtd::status (unsigned int, xtd::network::http::Request const&amp;, xtd::network::http::Response&amp;)&gt; xtd::network::http::Server&lt;boost::asio::local::stream_protocol&gt;::h&lt;xtd::status (xtd::network::http::Server&lt;boost::asio::local::stream_protocol&gt;::*)(std::__cxx11::basic_string&lt;char, std::char_traits&lt;char&gt;, std::allocator&lt;char&gt; &gt; const&amp;, std::__cxx11::basic_string&lt;char, std::char_traits&lt;char&gt;, std::allocator&lt;char&gt; &gt; const&amp;, bool, unsigned int, xtd::network::http::Request const&amp;, xtd::network::http::Response&amp;), xtd::network::http::Server&lt;boost::asio::local::stream_protocol&gt;*, std::__cxx11::basic_string&lt;char, std::char_traits&lt;char&gt;, std::allocator&lt;char&gt; &gt; const&amp;, std::__cxx11::basic_string&lt;char, std::char_traits&lt;char&gt;, std::allocator&lt;char&gt; &gt; const&amp;, bool&amp;&gt;(xtd::status (xtd::network::http::Server&lt;boost::asio::local::stream_protocol&gt;::*)(std::__cxx11::basic_string&lt;char, std::char_traits&lt;char&gt;, std::allocator&lt;char&gt; &gt; const&amp;, std::__cxx11::basic_string&lt;char, std::char_traits&lt;char&gt;, std::allocator&lt;char&gt; &gt; const&amp;, bool, unsigned int, xtd::network::http::Request const&amp;, xtd::network::http::Response&amp;), xtd::network::http::Server&lt;boost::asio::local::stream_protocol&gt;*&amp;&amp;, std::__cxx11::basic_string&lt;char, std::char_traits&lt;char&gt;, std::allocator&lt;char&gt; &gt; const&amp;, std::__cxx11::basic_string&lt;char, std::char_traits&lt;char&gt;, std::allocator&lt;char&gt; &gt; const&amp;, bool&amp;)" signature="">
							<lines>
								<line branch="false" hits="0" number="55"/>
							</lines>
						</method>
						<method branch-rate="0.0" line-rate="0.0" name="xtd::network::http::Server&lt;boost::asio::local::stream_protocol&gt;::~Server()" signature="">
							<lines>
								<line branch="false" hits="0" number="88"/>
							</lines>
						</method>
						<method branch-rate="0.0" line-rate="0.0" name="xtd::network::http::Server&lt;boost::asio::local::stream_protocol&gt;::~Server()" signature="">
							<lines>
								<line branch="false" hits="0" number="88"/>
							</lines>
						</method>
						<method branch-rate="0.0" line-rate="0.0" name="xtd::network::http::Server&lt;boost::asio::local::stream_protocol&gt;::afterReceive(std::shared_ptr&lt;xtd::network::base::Connection&lt;boost::asio::local::stream_protocol&gt; &gt;, std::shared_ptr&lt;std::vector&lt;char, std::allocator&lt;char&gt; &gt; &gt;)" signature="">
							<lines>
								<line branch="false" hits="0" number="171"/>
							</lines>
						</method>
						<method branch-rate="1.0" line-rate="1.0" name="xtd::network::http::Server&lt;boost::asio::ip::tcp&gt;::processRequest(unsigned int, std::basic_istream&lt;char, std::char_traits&lt;char&gt; &gt;&amp;, xtd::network::http::Request&amp;, xtd::network::http::Response&amp;)" signature="">
							<lines>
								<line branch="false" hits="12" number="227"/>
							</lines>
						</method>
						<method branch-rate="0.0" line-rate="0.0" name="xtd::network::http::Server&lt;boost::asio::local::stream_protocol&gt;::h_raw(std::__cxx11::basic_string&lt;char, std::char_traits&lt;char&gt;, std::allocator&lt;char&gt; &gt; const&amp;, std::__cxx11::basic_string&lt;char, std::char_traits&lt;char&gt;, std::allocator&lt;char&gt; &gt; const&amp;, unsigned int, xtd::network::http::Request const&amp;, xtd::network::http::Response&amp;)" signature="">
							<lines>
								<line branch="false" hits="0" number="525"/>
							</lines>
						</method>
						<method branch-rate="0.0" line-rate="0.0" name="xtd::network::http::Server&lt;boost::asio::local::stream_protocol&gt;::afterSend(std::shared_ptr&lt;xtd::network::base::Connection&lt;boost::asio::local::stream_protocol&gt; &gt;)" signature="">
							<lines>
								<line branch="false" hits="0" number="215"/>
							</lines>
						</method>
						<method branch-rate="0.0" line-rate="0.0" name="xtd::network::http::Server&lt;boost::asio::ip::tcp&gt;::isUrlBinded(std::__cxx11::basic_string&lt;char, std::char_traits&lt;char&gt;, std::allocator&lt;char&gt; &gt; const&amp;) const" signature="">
							<lines>
								<line branch="false" hits="0" number="692"/>
							</lines>
						</method>
						<method branch-rate="0.0" line-rate="0.0" name="xtd::network::http::Server&lt;boost::asio::local::stream_protocol&gt;::h_gen(xtd::network::http::Generator&amp;, unsigned int, xtd::network::http::Request const&amp;, xtd::network::http::Response&amp;)" signature="">
							<lines>
								<line branch="false" hits="0" number="494"/>
							</lines>
						</method>
						<method branch-rate="0.0" line-rate="0.0" name="xtd::network::http::Server&lt;boost::asio::local::stream_protocol&gt;::afterAccept(std::shared_ptr&lt;xtd::network::base::Connection&lt;boost::asio::local::stream_protocol&gt; &gt;)" signature="">
							<lines>
								<line branch="false" hits="0" number="120"/>
							</lines>
						</method>
						<method branch-rate="0.0" line-rate="0.0" name="xtd::network::http::Server&lt;boost::asio::local::stream_protocol&gt;::f_post_exist(std::__cxx11::basic_string&lt;char, std::char_traits&lt;char&gt;, std::allocator&lt;char&gt; &gt; const&amp;, xtd::network::http::Request const&amp;)" signature="">
							<lines>
								<line branch="false" hits="0" number="337"/>
							</lines>
						</method>
						<method branch-rate="0.0" line-rate="0.0" name="xtd::network::http::Server&lt;boost::asio::ip::tcp&gt;::f_post_exist(std::__cxx11::basic_string&lt;char, std::char_traits&lt;char&gt;, std::allocator&lt;char&gt; &gt; const&amp;, xtd::network::http::Request const&amp;)" signature="">
							<lines>
								<line branch="false" hits="0" number="337"/>
							</lines>
						</method>
						<method branch-rate="0.0" line-rate="0.0" name="std::function&lt;xtd::status (unsigned int, xtd::network::http::Request const&amp;, xtd::network::http::Response&amp;)&gt; xtd::network::http::Server&lt;boost::asio::ip::tcp&gt;::h&lt;xtd::status (xtd::network::http::Server&lt;boost::asio::ip::tcp&gt;::*)(std::__cxx11::basic_string&lt;char, std::char_traits&lt;char&gt;, std::allocator&lt;char&gt; &gt; const&amp;, std::__cxx11::basic_string&lt;char, std::char_traits&lt;char&gt;, std::allocator&lt;char&gt; &gt; const&amp;, bool, unsigned int, xtd::network::http::Request const&amp;, xtd::network::http::Response&amp;), xtd::network::http::Server&lt;boost::asio::ip::tcp&gt;*, std::__cxx11::basic_string&lt;char, std::char_traits&lt;char&gt;, std::allocator&lt;char&gt; &gt; const&amp;, std::__cxx11::basic_string&lt;char, std::char_traits&lt;char&gt;, std::allocator&lt;char&gt; &gt; const&amp;, bool&amp;&gt;(xtd::status (xtd::network::http::Server&lt;boost::asio::ip::tcp&gt;::*)(std::__cxx11::basic_string&lt;char, std::char_traits&lt;char&gt;, std::allocator&lt;char&gt; &gt; const&amp;, std::__cxx11::basic_string&lt;char, std::char_traits&lt;char&gt;, std::allocator&lt;char&gt; &gt; const&amp;, bool, unsigned int, xtd::network::http::Request const&amp;, xtd::network::http::Response&amp;), xtd::network::http::Server&lt;boost::asio::ip::tcp&gt;*&amp;&amp;, std::__cxx11::basic_string&lt;char, std::char_traits&lt;char&gt;, std::allocator&lt;char&gt; &gt; const&amp;, std::__cxx11::basic_string&lt;char, std::char_traits&lt;char&gt;, std::allocator&lt;char&gt; &gt; const&amp;, bool&amp;)" signature="">
							<lines>
								<line branch="false" hits="0" number="55"/>
							</lines>
						</method>
					</methods>
					<lines>
						<line branch="false" hits="5" number="34"/>
						<line branch="false" hits="5" number="38"/>
						<line branch="false" hits="5" number="39"/>
						<line branch="false" hits="3" number="43"/>
						<line branch="false" hits="3" number="45"/>
						<line branch="false" hits="2" number="46"/>
						<line branch="false" hits="1" number="47"/>
						<line branch="false" hits="6" number="55"/>
						<line branch="false" hits="6" number="61"/>
						<line branch="false" hits="6" number="76"/>
						<line branch="false" hits="6" number="77"/>
						<line branch="false" hits="12" number="81"/>
						<line branch="false" hits="6" number="83"/>
						<line branch="false" hits="6" number="84"/>
						<line branch="false" hits="6" number="88"/>
						<line branch="false" hits="6" number="90"/>
						<line branch="false" hits="6" number="94"/>
						<line branch="false" hits="6" number="96"/>
						<line branch="false" hits="6" number="97"/>
						<line branch="false" hits="6" number="98"/>
						<line branch="false" hits="6" number="99"/>
						<line branch="false" hits="6" number="103"/>
						<line branch="false" hits="6" number="105"/>
						<line branch="false" hits="6" number="106"/>
						<line branch="false" hits="6" number="107"/>
						<line branch="false" hits="6" number="108"/>
						<line branch="false" hits="17" number="112"/>
						<line branch="false" hits="17" number="114"/>
						<line branch="false" hits="11" number="120"/>
						<line branch="false" hits="11" number="122"/>
						<line branch="false" hits="11" number="123"/>
						<line branch="false" hits="8" number="137"/>
						<line branch="false" hits="16" number="140"/>
						<line branch="false" hits="8" number="142"/>
						<line branch="false" hits="8" number="143"/>
						<line branch="false" hits="0" number="145"/>
						<line branch="false" hits="8" number="146"/>
						<line branch="false" hits="1" number="151"/>
						<line branch="false" hits="2" number="153"/>
						<line branch="false" hits="1" number="155"/>
						<line branch="false" hits="1" number="157"/>
						<line branch="false" hits="0" number="161"/>
						<line branch="false" hits="1" number="164"/>
						<line branch="false" hits="1" number="165"/>
						<line branch="false" hits="12" number="171"/>
						<line branch="false" hits="24" number="174"/>
						<line branch="false" hits="24" number="175"/>
						<line branch="false" hits="24" number="176"/>
						<line branch="false" hits="24" number="177"/>
						<line branch="false" hits="24" number="178"/>
						<line branch="false" hits="12" number="179"/>
						<line branch="false" hits="12" number="181"/>
						<line branch="false" hits="12" number="183"/>
						<line branch="false" hits="12" number="185"/>
						<line branch="false" hits="2" number="186"/>
						<line branch="false" hits="10" number="187"/>
						<line branch="false" hits="0" number="188"/>
						<line branch="false" hits="12" number="190"/>
						<line branch="false" hits="4" number="193"/>
						<line branch="false" hits="2" number="194"/>
						<line branch="false" hits="2" number="195"/>
						<line branch="false" hits="10" number="197"/>
						<line branch="false" hits="10" number="198"/>
						<line branch="false" hits="10" number="199"/>
						<line branch="false" hits="24" number="203"/>
						<line branch="false" hits="12" number="204"/>
						<line branch="false" hits="12" number="205"/>
						<line branch="false" hits="12" number="206"/>
						<line branch="false" hits="12" number="209"/>
						<line branch="false" hits="12" number="210"/>
						<line branch="false" hits="12" number="215"/>
						<line branch="false" hits="24" number="218"/>
						<line branch="false" hits="12" number="220"/>
						<line branch="false" hits="10" number="221"/>
						<line branch="false" hits="12" number="222"/>
						<line branch="false" hits="12" number="227"/>
						<line branch="false" hits="12" number="232"/>
						<line branch="false" hits="1" number="234"/>
						<line branch="false" hits="1" number="235"/>
						<line branch="false" hits="1" number="236"/>
						<line branch="false" hits="1" number="237"/>
						<line branch="false" hits="1" number="238"/>
						<line branch="false" hits="11" number="241"/>
						<line branch="false" hits="11" number="243"/>
						<line branch="false" hits="11" number="249"/>
						<line branch="false" hits="18" number="251"/>
						<line branch="false" hits="24" number="253"/>
						<line branch="false" hits="8" number="254"/>
						<line branch="false" hits="5" number="255"/>
						<line branch="false" hits="4" number="256"/>
						<line branch="false" hits="10" number="259"/>
						<line branch="false" hits="9" number="261"/>
						<line branch="false" hits="3" number="262"/>
						<line branch="false" hits="3" number="263"/>
						<line branch="false" hits="4" number="266"/>
						<line branch="false" hits="6" number="271"/>
						<line branch="false" hits="6" number="273"/>
						<line branch="false" hits="0" number="278"/>
						<line branch="false" hits="0" number="281"/>
						<line branch="false" hits="0" number="284"/>
						<line branch="false" hits="0" number="285"/>
						<line branch="false" hits="0" number="290"/>
						<line branch="false" hits="0" number="293"/>
						<line branch="false" hits="0" number="295"/>
						<line branch="false" hits="0" number="297"/>
						<line branch="false" hits="0" number="299"/>
						<line branch="false" hits="0" number="300"/>
						<line branch="false" hits="0" number="304"/>
						<line branch="false" hits="0" number="310"/>
						<line branch="false" hits="0" number="314"/>
						<line branch="false" hits="0" number="316"/>
						<line branch="false" hits="0" number="317"/>
						<line branch="false" hits="0" number="323"/>
						<line branch="false" hits="0" number="327"/>
						<line branch="false" hits="0" number="328"/>
						<line branch="false" hits="0" number="330"/>
						<line branch="false" hits="0" number="331"/>
						<line branch="false" hits="0" number="337"/>
						<line branch="false" hits="0" number="340"/>
						<line branch="false" hits="0" number="342"/>
						<line branch="false" hits="0" number="343"/>
						<line branch="false" hits="0" number="349"/>
						<line branch="false" hits="0" number="352"/>
						<line branch="false" hits="0" number="354"/>
[...]
								<line branch="false" hits="0" number="175"/>
							</lines>
						</method>
						<method branch-rate="0.0" line-rate="0.0" name="xtd::network::base::Server&lt;boost::asio::local::stream_protocol&gt;::getSendTotal()" signature="">
							<lines>
								<line branch="false" hits="0" number="169"/>
							</lines>
						</method>
						<method branch-rate="0.0" line-rate="0.0" name="xtd::network::base::Server&lt;boost::asio::local::stream_protocol&gt;::getCnxAccepted()" signature="">
							<lines>
								<line branch="false" hits="0" number="174"/>
							</lines>
						</method>
						<method branch-rate="0.0" line-rate="0.0" name="xtd::network::base::Server&lt;boost::asio::ip::tcp&gt;::getReceiveError()" signature="">
							<lines>
								<line branch="false" hits="0" number="165"/>
							</lines>
						</method>
						<method branch-rate="0.0" line-rate="0.0" name="xtd::network::base::Server&lt;boost::asio::local::stream_protocol&gt;::getSendSuccess()" signature="">
							<lines>
								<line branch="false" hits="0" number="170"/>
							</lines>
						</method>
						<method branch-rate="0.0" line-rate="0.0" name="xtd::network::base::Server&lt;boost::asio::local::stream_protocol&gt;::getReceiveTimeout()" signature="">
							<lines>
								<line branch="false" hits="0" number="166"/>
							</lines>
						</method>
						<method branch-rate="0.0" line-rate="0.0" name="xtd::network::base::Server&lt;boost::asio::ip::tcp&gt;::getSendSuccess()" signature="">
							<lines>
								<line branch="false" hits="0" number="170"/>
							</lines>
						</method>
						<method branch-rate="0.0" line-rate="0.0" name="xtd::network::base::Server&lt;boost::asio::local::stream_protocol&gt;::getCnxRejected()" signature="">
							<lines>
								<line branch="false" hits="0" number="175"/>
							</lines>
						</method>
					</methods>
					<lines>
						<line branch="false" hits="0" number="163"/>
						<line branch="false" hits="0" number="164"/>
						<line branch="false" hits="0" number="165"/>
						<line branch="false" hits="0" number="166"/>
						<line branch="false" hits="0" number="167"/>
						<line branch="false" hits="0" number="168"/>
						<line branch="false" hits="0" number="169"/>
						<line branch="false" hits="0" number="170"/>
						<line branch="false" hits="0" number="171"/>
						<line branch="false" hits="0" number="172"/>
						<line branch="false" hits="0" number="173"/>
						<line branch="false" hits="0" number="174"/>
						<line branch="false" hits="0" number="175"/>
					</lines>
				</class>
				<class branch-rate="0.0" complexity="0" filename="../../network/src/base/Server.hxx" line-rate="0.826446280992" name="......network.src.base.Server.hxx">
					<methods>
						<method branch-rate="1.0" line-rate="1.0" name="xtd::network::base::Server&lt;boost::asio::ip::tcp&gt;::stop()" signature="">
							<lines>
								<line branch="false" hits="6" number="159"/>
							</lines>
						</method>
						<method branch-rate="1.0" line-rate="1.0" name="xtd::network::base::Server&lt;boost::asio::ip::tcp&gt;::getEndPoint() const" signature="">
							<lines>
								<line branch="false" hits="6" number="106"/>
							</lines>
						</method>
						<method branch-rate="0.0" line-rate="0.0" name="xtd::network::base::Server&lt;boost::asio::local::stream_protocol&gt;::onReceiveTimeout(boost::system::error_code, std::shared_ptr&lt;xtd::network::base::Connection&lt;boost::asio::local::stream_protocol&gt; &gt;)" signature="">
							<lines>
								<line branch="false" hits="0" number="265"/>
							</lines>
						</method>
						<method branch-rate="1.0" line-rate="1.0" name="xtd::network::base::Server&lt;boost::asio::ip::tcp&gt;::start()::{lambda()#1}::operator()() const" signature="">
							<lines>
								<line branch="false" hits="66" number="126"/>
							</lines>
						</method>
						<method branch-rate="0.0" line-rate="0.0" name="xtd::network::base::Server&lt;boost::asio::local::stream_protocol&gt;::do_send(std::shared_ptr&lt;xtd::network::base::Connection&lt;boost::asio::local::stream_protocol&gt; &gt;, std::vector&lt;char, std::allocator&lt;char&gt; &gt; const&amp;)" signature="">
							<lines>
								<line branch="false" hits="0" number="343"/>
							</lines>
						</method>
						<method branch-rate="1.0" line-rate="1.0" name="xtd::network::base::Server&lt;boost::asio::ip::tcp&gt;::initialize(std::__cxx11::basic_string&lt;char, std::char_traits&lt;char&gt;, std::allocator&lt;char&gt; &gt; const&amp;, unsigned int, unsigned long)" signature="">
							<lines>
								<line branch="false" hits="6" number="87"/>
							</lines>
						</method>
						<method branch-rate="0.0" line-rate="0.0" name="xtd::network::base::Server&lt;boost::asio::local::stream_protocol&gt;::~Server()" signature="">
							<lines>
								<line branch="false" hits="0" number="69"/>
							</lines>
						</method>
						<method branch-rate="0.0" line-rate="0.0" name="xtd::network::base::Server&lt;boost::asio::local::stream_protocol&gt;::start()::{lambda()#1}::operator()() const" signature="">
							<lines>
								<line branch="false" hits="0" number="126"/>
							</lines>
						</method>
						<method branch-rate="0.0" line-rate="0.0" name="xtd::network::base::Server&lt;boost::asio::ip::tcp&gt;::onReceiveError(boost::system::error_code, std::shared_ptr&lt;xtd::network::base::Connection&lt;boost::asio::ip::tcp&gt; &gt;)" signature="">
							<lines>
								<line branch="false" hits="0" number="255"/>
							</lines>
						</method>
						<method branch-rate="1.0" line-rate="1.0" name="xtd::network::base::Server&lt;boost::asio::ip::tcp&gt;::do_receive(std::shared_ptr&lt;xtd::network::base::Connection&lt;boost::asio::ip::tcp&gt; &gt;)" signature="">
							<lines>
								<line branch="false" hits="21" number="236"/>
							</lines>
						</method>
						<method branch-rate="1.0" line-rate="1.0" name="xtd::network::base::Server&lt;boost::asio::ip::tcp&gt;::onAccepted(boost::system::error_code, std::shared_ptr&lt;xtd::network::base::Connection&lt;boost::asio::ip::tcp&gt; &gt;)" signature="">
							<lines>
								<line branch="false" hits="11" number="206"/>
							</lines>
						</method>
						<method branch-rate="0.0" line-rate="0.0" name="xtd::network::base::Server&lt;boost::asio::local::stream_protocol&gt;::onAccepted(boost::system::error_code, std::shared_ptr&lt;xtd::network::base::Connection&lt;boost::asio::local::stream_protocol&gt; &gt;)" signature="">
							<lines>
								<line branch="false" hits="0" number="206"/>
							</lines>
						</method>
						<method branch-rate="0.0" line-rate="0.0" name="xtd::network::base::Server&lt;boost::asio::local::stream_protocol&gt;::accept()" signature="">
							<lines>
								<line branch="false" hits="0" number="175"/>
							</lines>
						</method>
						<method branch-rate="1.0" line-rate="1.0" name="xtd::network::base::Server&lt;boost::asio::ip::tcp&gt;::onSent(boost::system::error_code, std::shared_ptr&lt;xtd::network::base::Connection&lt;boost::asio::ip::tcp&gt; &gt;)" signature="">
							<lines>
								<line branch="false" hits="12" number="356"/>
							</lines>
						</method>
						<method branch-rate="0.0" line-rate="0.0" name="xtd::network::base::Server&lt;boost::asio::local::stream_protocol&gt;::run()" signature="">
							<lines>
								<line branch="false" hits="0" number="150"/>
							</lines>
						</method>
						<method branch-rate="1.0" line-rate="1.0" name="xtd::network::base::Server&lt;boost::asio::ip::tcp&gt;::do_send(std::shared_ptr&lt;xtd::network::base::Connection&lt;boost::asio::ip::tcp&gt; &gt;, std::vector&lt;char, std::allocator&lt;char&gt; &gt; const&amp;)" signature="">
							<lines>
								<line branch="false" hits="12" number="343"/>
							</lines>
						</method>
						<method branch-rate="0.0" line-rate="0.0" name="xtd::network::base::Server&lt;boost::asio::ip::tcp&gt;::~Server()" signature="">
							<lines>
								<line branch="false" hits="0" number="69"/>
							</lines>
						</method>
						<method branch-rate="1.0" line-rate="1.0" name="xtd::network::base::Server&lt;boost::asio::ip::tcp&gt;::accept()" signature="">
							<lines>
								<line branch="false" hits="17" number="175"/>
							</lines>
						</method>
						<method branch-rate="0.0" line-rate="0.0" name="xtd::network::base::Server&lt;boost::asio::local::stream_protocol&gt;::getEndPoint() const" signature="">
							<lines>
								<line branch="false" hits="0" number="106"/>
							</lines>
						</method>
						<method branch-rate="0.0" line-rate="0.0" name="xtd::network::base::Server&lt;boost::asio::local::stream_protocol&gt;::onSent(boost::system::error_code, std::shared_ptr&lt;xtd::network::base::Connection&lt;boost::asio::local::stream_protocol&gt; &gt;)" signature="">
							<lines>
								<line branch="false" hits="0" number="356"/>
							</lines>
						</method>
						<method branch-rate="0.0" line-rate="0.0" name="xtd::network::base::Server&lt;boost::asio::local::stream_protocol&gt;::stop()" signature="">
							<lines>
								<line branch="false" hits="0" number="159"/>
							</lines>
						</method>
						<method branch-rate="0.0" line-rate="0.0" name="xtd::network::base::Server&lt;boost::asio::local::stream_protocol&gt;::start()" signature="">
							<lines>
								<line branch="false" hits="0" number="120"/>
							</lines>
						</method>
						<method branch-rate="0.0" line-rate="0.0" name="xtd::network::base::Server&lt;boost::asio::local::stream_protocol&gt;::do_receive(std::shared_ptr&lt;xtd::network::base::Connection&lt;boost::asio::local::stream_protocol&gt; &gt;)" signature="">
							<lines>
								<line branch="false" hits="0" number="236"/>
							</lines>
						</method>
						<method branch-rate="0.0" line-rate="0.0" name="xtd::network::base::Server&lt;boost::asio::local::stream_protocol&gt;::Server()" signature="">
							<lines>
								<line branch="false" hits="0" number="40"/>
							</lines>
						</method>
						<method branch-rate="0.0" line-rate="0.0" name="xtd::network::base::Server&lt;boost::asio::local::stream_protocol&gt;::initialize(std::__cxx11::basic_string&lt;char, std::char_traits&lt;char&gt;, std::allocator&lt;char&gt; &gt; const&amp;, unsigned int, unsigned long)" signature="">
							<lines>
								<line branch="false" hits="0" number="87"/>
							</lines>
						</method>
						<method branch-rate="0.0" line-rate="0.0" name="xtd::network::base::Server&lt;boost::asio::ip::tcp&gt;::run()" signature="">
							<lines>
								<line branch="false" hits="0" number="150"/>
							</lines>
						</method>
						<method branch-rate="1.0" line-rate="1.0" name="xtd::network::base::Server&lt;boost::asio::ip::tcp&gt;::start()" signature="">
							<lines>
								<line branch="false" hits="6" number="120"/>
							</lines>
						</method>
						<method branch-rate="0.0" line-rate="0.0" name="xtd::network::base::Server&lt;boost::asio::local::stream_protocol&gt;::onReceived(boost::system::error_code, std::shared_ptr&lt;xtd::network::base::Connection&lt;boost::asio::local::stream_protocol&gt; &gt;, std::shared_ptr&lt;std::vector&lt;char, std::allocator&lt;char&gt; &gt; &gt;)" signature="">
							<lines>
								<line branch="false" hits="0" number="291"/>
							</lines>
						</method>
						<method branch-rate="1.0" line-rate="1.0" name="xtd::network::base::Server&lt;boost::asio::ip::tcp&gt;::onReceived(boost::system::error_code, std::shared_ptr&lt;xtd::network::base::Connection&lt;boost::asio::ip::tcp&gt; &gt;, std::shared_ptr&lt;std::vector&lt;char, std::allocator&lt;char&gt; &gt; &gt;)" signature="">
							<lines>
								<line branch="false" hits="21" number="291"/>
							</lines>
						</method>
						<method branch-rate="1.0" line-rate="1.0" name="xtd::network::base::Server&lt;boost::asio::ip::tcp&gt;::Server()" signature="">
							<lines>
								<line branch="false" hits="6" number="40"/>
							</lines>
						</method>
						<method branch-rate="0.0" line-rate="0.0" name="xtd::network::base::Server&lt;boost::asio::local::stream_protocol&gt;::join()" signature="">
							<lines>
								<line branch="false" hits="0" number="140"/>
							</lines>
						</method>
						<method branch-rate="1.0" line-rate="1.0" name="xtd::network::base::Server&lt;boost::asio::ip::tcp&gt;::join()" signature="">
							<lines>
								<line branch="false" hits="6" number="140"/>
							</lines>
						</method>
						<method branch-rate="0.0" line-rate="0.0" name="xtd::network::base::Server&lt;boost::asio::local::stream_protocol&gt;::~Server()" signature="">
							<lines>
								<line branch="false" hits="0" number="69"/>
							</lines>
						</method>
						<method branch-rate="1.0" line-rate="1.0" name="xtd::network::base::Server&lt;boost::asio::ip::tcp&gt;::~Server()" signature="">
							<lines>
								<line branch="false" hits="6" number="69"/>
							</lines>
						</method>
						<method branch-rate="1.0" line-rate="1.0" name="xtd::network::base::Server&lt;boost::asio::ip::tcp&gt;::onReceiveTimeout(boost::system::error_code, std::shared_ptr&lt;xtd::network::base::Connection&lt;boost::asio::ip::tcp&gt; &gt;)" signature="">
							<lines>
								<line branch="false" hits="1" number="265"/>
							</lines>
						</method>
						<method branch-rate="0.0" line-rate="0.0" name="xtd::network::base::Server&lt;boost::asio::local::stream_protocol&gt;::onReceiveError(boost::system::error_code, std::shared_ptr&lt;xtd::network::base::Connection&lt;boost::asio::local::stream_protocol&gt; &gt;)" signature="">
							<lines>
								<line branch="false" hits="0" number="255"/>
							</lines>
						</method>
					</methods>
					<lines>
						<line branch="false" hits="6" number="40"/>
						<line branch="false" hits="6" number="62"/>
						<line branch="false" hits="6" number="64"/>
						<line branch="false" hits="6" number="69"/>
						<line branch="false" hits="6" number="71"/>
						<line branch="false" hits="6" number="72"/>
						<line branch="false" hits="6" number="73"/>
						<line branch="false" hits="6" number="74"/>
						<line branch="false" hits="12" number="75"/>
						<line branch="false" hits="6" number="87"/>
						<line branch="false" hits="6" number="91"/>
						<line branch="false" hits="6" number="93"/>
						<line branch="false" hits="6" number="95"/>
						<line branch="false" hits="6" number="96"/>
						<line branch="false" hits="6" number="99"/>
						<line branch="false" hits="6" number="101"/>
						<line branch="false" hits="6" number="102"/>
						<line branch="false" hits="6" number="106"/>
						<line branch="false" hits="6" number="108"/>
						<line branch="false" hits="6" number="120"/>
						<line branch="false" hits="6" number="122"/>
						<line branch="false" hits="72" number="125"/>
						<line branch="false" hits="132" number="126"/>
						<line branch="false" hits="66" number="127"/>
						<line branch="false" hits="66" number="128"/>
						<line branch="false" hits="66" number="130"/>
						<line branch="false" hits="60" number="131"/>
						<line branch="false" hits="6" number="134"/>
						<line branch="false" hits="6" number="135"/>
						<line branch="false" hits="6" number="140"/>
						<line branch="false" hits="6" number="142"/>
						<line branch="false" hits="6" number="143"/>
						<line branch="false" hits="6" number="144"/>
						<line branch="false" hits="6" number="145"/>
						<line branch="false" hits="0" number="150"/>
						<line branch="false" hits="0" number="152"/>
						<line branch="false" hits="0" number="153"/>
						<line branch="false" hits="0" number="154"/>
						<line branch="false" hits="6" number="159"/>
						<line branch="false" hits="6" number="161"/>
						<line branch="false" hits="6" number="162"/>
						<line branch="false" hits="6" number="163"/>
						<line branch="false" hits="17" number="175"/>
						<line branch="false" hits="17" number="177"/>
						<line branch="false" hits="17" number="179"/>
						<line branch="false" hits="34" number="180"/>
						<line branch="false" hits="17" number="181"/>
						<line branch="false" hits="17" number="183"/>
						<line branch="false" hits="17" number="184"/>
						<line branch="false" hits="11" number="206"/>
						<line branch="false" hits="11" number="209"/>
						<line branch="false" hits="22" number="212"/>
						<line branch="false" hits="11" number="215"/>
						<line branch="false" hits="11" number="217"/>
						<line branch="false" hits="0" number="219"/>
						<line branch="false" hits="0" number="220"/>
						<line branch="false" hits="0" number="221"/>
						<line branch="false" hits="11" number="224"/>
						<line branch="false" hits="11" number="225"/>
						<line branch="false" hits="11" number="228"/>
						<line branch="false" hits="11" number="230"/>
						<line branch="false" hits="21" number="236"/>
						<line branch="false" hits="21" number="238"/>
						<line branch="false" hits="42" number="240"/>
						<line branch="false" hits="21" number="242"/>
						<line branch="false" hits="21" number="249"/>
						<line branch="false" hits="21" number="250"/>
						<line branch="false" hits="0" number="255"/>
						<line branch="false" hits="0" number="257"/>
						<line branch="false" hits="0" number="258"/>
						<line branch="false" hits="0" number="259"/>
						<line branch="false" hits="0" number="260"/>
						<line branch="false" hits="1" number="265"/>
						<line branch="false" hits="1" number="267"/>
						<line branch="false" hits="1" number="268"/>
						<line branch="false" hits="1" number="269"/>
						<line branch="false" hits="1" number="270"/>
						<line branch="false" hits="21" number="291"/>
						<line branch="false" hits="21" number="296"/>
						<line branch="false" hits="21" number="297"/>
						<line branch="false" hits="21" number="301"/>
						<line branch="false" hits="21" number="303"/>
						<line branch="false" hits="1" number="305"/>
						<line branch="false" hits="10" number="306"/>
						<line branch="false" hits="20" number="309"/>
						<line branch="false" hits="8" number="311"/>
						<line branch="false" hits="8" number="312"/>
						<line branch="false" hits="12" number="315"/>
						<line branch="false" hits="12" number="316"/>
						<line branch="false" hits="12" number="318"/>
						<line branch="false" hits="0" number="320"/>
						<line branch="false" hits="0" number="321"/>
						<line branch="false" hits="0" number="322"/>
						<line branch="false" hits="12" number="325"/>
						<line branch="false" hits="12" number="326"/>
						<line branch="false" hits="12" number="328"/>
						<line branch="false" hits="12" number="330"/>
						<line branch="false" hits="12" number="332"/>
						<line branch="false" hits="12" number="334"/>
						<line branch="false" hits="12" number="335"/>
						<line branch="false" hits="12" number="336"/>
						<line branch="false" hits="12" number="337"/>
						<line branch="false" hits="12" number="343"/>
						<line branch="false" hits="12" number="346"/>
						<line branch="false" hits="12" number="348"/>
						<line branch="false" hits="12" number="350"/>
						<line branch="false" hits="12" number="351"/>
						<line branch="false" hits="12" number="356"/>
						<line branch="false" hits="12" number="359"/>
						<line branch="false" hits="12" number="360"/>
						<line branch="false" hits="12" number="362"/>
						<line branch="false" hits="0" number="364"/>
						<line branch="false" hits="0" number="365"/>
						<line branch="false" hits="0" number="366"/>
						<line branch="false" hits="12" number="369"/>
						<line branch="false" hits="0" number="371"/>
						<line branch="false" hits="0" number="372"/>
						<line branch="false" hits="0" number="373"/>
						<line branch="false" hits="12" number="376"/>
						<line branch="false" hits="12" number="377"/>
						<line branch="false" hits="12" number="378"/>
					</lines>
				</class>
			</classes>
		</package>
	</packages>
</coverage>
