SF:/home/travis/build/psycofdj/xtdcpp/tests/src/ProgressListener.hh
DA:13,-1
DA:11,-1
end_of_record
SF:/home/travis/build/psycofdj/xtdcpp/tests/src/asserts.hh
DA:5,-1
DA:11,-1
DA:17,-1
DA:24,-1
DA:28,-1
DA:35,-1
DA:42,-1
DA:50,-1
DA:69,-1
DA:75,-1
DA:102,-1
DA:108,-1
end_of_record
SF:/home/travis/build/psycofdj/xtdcpp/tests/src/QuietOutputter.hh
DA:10,-1
DA:14,-1
DA:15,-1
DA:16,-1
DA:17,-1
DA:18,-1
DA:19,-1
DA:20,-1
DA:21,-1
DA:22,-1
DA:23,-1
DA:24,-1
DA:8,-1
end_of_record
SF:/home/travis/build/psycofdj/xtdcpp/tests/src/MainTestApplication.hh
DA:31,-1
DA:32,-1
DA:33,-1
DA:34,-1
DA:35,-1
DA:36,-1
DA:37,-1
DA:21,-1
DA:19,-1
DA:43,-1
DA:50,-1
end_of_record
SF:/home/travis/build/psycofdj/xtdcpp/tests/src/CWrap.cc
DA:144,-1
DA:155,-1
DA:169,-1
DA:180,-1
DA:194,-1
DA:207,-1
DA:217,-1
end_of_record
SF:/home/travis/build/psycofdj/xtdcpp/tests/src/TestFixture.hh
DA:15,-1
DA:18,-1
DA:19,-1
DA:13,-1
DA:7,-1
end_of_record
SF:/home/travis/build/psycofdj/xtdcpp/tests/src/CWrap.hh
DA:11,-1
DA:12,-1
DA:13,-1
DA:14,-1
DA:15,-1
DA:18,-1
DA:42,-1
DA:43,-1
DA:44,-1
DA:45,-1
DA:46,-1
DA:47,-1
DA:9,-1
DA:34,-1
DA:35,-1
DA:32,-1
DA:24,-1
DA:25,-1
DA:22,-1
end_of_record
