SF:/home/travis/build/psycofdj/xtdcpp/tests/src/CWrap.hh
DA:19,-1
DA:20,-1
DA:21,-1
DA:22,-1
DA:23,-1
DA:26,-1
DA:50,-1
DA:51,-1
DA:52,-1
DA:53,-1
DA:54,-1
DA:55,-1
DA:17,-1
end_of_record
SF:/home/travis/build/psycofdj/xtdcpp/tests/src/CWrap.hh
DA:42,-1
DA:43,-1
DA:40,-1
end_of_record
SF:/home/travis/build/psycofdj/xtdcpp/tests/src/MainTestApplication.hh
DA:29,-1
DA:30,-1
DA:31,-1
DA:32,-1
DA:33,-1
DA:34,-1
DA:35,-1
DA:20,-1
DA:18,-1
end_of_record
SF:/home/travis/build/psycofdj/xtdcpp/tests/src/ProgressListener.hh
DA:14,-1
DA:12,-1
end_of_record
SF:/home/travis/build/psycofdj/xtdcpp/tests/src/QuietOutputter.hh
DA:10,-1
DA:14,-1
DA:15,-1
DA:16,-1
DA:17,-1
DA:18,-1
DA:19,-1
DA:20,-1
DA:21,-1
DA:22,-1
DA:23,-1
DA:24,-1
DA:8,-1
end_of_record
SF:/home/travis/build/psycofdj/xtdcpp/tests/src/CWrap.hh
DA:32,-1
DA:33,-1
DA:30,-1
end_of_record
SF:/home/travis/build/psycofdj/xtdcpp/tests/src/TestFixture.hh
DA:15,-1
DA:18,-1
DA:13,-1
end_of_record
SF:/home/travis/build/psycofdj/xtdcpp/tests/src/asserts.hh
DA:5,-1
DA:11,-1
DA:17,-1
DA:24,-1
DA:28,-1
DA:35,-1
DA:42,-1
DA:50,-1
DA:69,-1
DA:75,-1
DA:102,-1
DA:108,-1
end_of_record
SF:/home/travis/build/psycofdj/xtdcpp/tests/src/CWrap.cc
DA:144,-1
DA:157,-1
DA:172,-1
DA:184,-1
DA:198,-1
end_of_record
SF:/home/travis/build/psycofdj/xtdcpp/tests/src/MainTestApplication.hh
DA:41,-1
DA:48,-1
end_of_record
SF:/home/travis/build/psycofdj/xtdcpp/tests/src/TestFixture.hh
DA:7,-1
end_of_record
