SF:/home/travis/build/psycofdj/xtdcpp/serializer/src/serializer.hh
DA:31,-1
DA:32,-1
DA:30,-1
end_of_record
SF:/home/travis/build/psycofdj/xtdcpp/serializer/src/archives/DebugArchive.hh
DA:270,-1
DA:277,-1
DA:289,-1
DA:300,-1
DA:263,-1
end_of_record
SF:/home/travis/build/psycofdj/xtdcpp/serializer/src/archives/DebugArchive.hh
DA:224,-1
DA:232,-1
DA:244,-1
DA:216,-1
end_of_record
SF:/home/travis/build/psycofdj/xtdcpp/serializer/src/archives/DebugArchive.hh
DA:173,-1
DA:180,-1
DA:192,-1
DA:203,-1
DA:166,-1
end_of_record
SF:/home/travis/build/psycofdj/xtdcpp/serializer/src/archives/DebugArchive.hh
DA:128,-1
DA:136,-1
DA:148,-1
DA:121,-1
end_of_record
SF:/home/travis/build/psycofdj/xtdcpp/serializer/src/archives/DebugArchive.hh
DA:78,-1
DA:85,-1
DA:97,-1
DA:108,-1
DA:71,-1
end_of_record
SF:/home/travis/build/psycofdj/xtdcpp/serializer/src/archives/DebugArchive.hh
DA:33,-1
DA:41,-1
DA:53,-1
DA:26,-1
end_of_record
SF:/home/travis/build/psycofdj/xtdcpp/serializer/src/objects/Doc.hh
DA:15,-1
DA:25,-1
DA:27,-1
DA:18,-1
DA:11,-1
end_of_record
SF:/home/travis/build/psycofdj/xtdcpp/serializer/src/serializer.hh
DA:18,-1
end_of_record
SF:/home/travis/build/psycofdj/xtdcpp/serializer/src/serializer.hh
DA:38,-1
DA:45,-1
DA:52,-1
DA:37,-1
end_of_record
SF:/home/travis/build/psycofdj/xtdcpp/serializer/src/serializer.hh
DA:74,-1
DA:78,-1
DA:71,-1
end_of_record
SF:/home/travis/build/psycofdj/xtdcpp/serializer/src/serializer.hh
DA:21,-1
DA:22,-1
DA:20,-1
end_of_record
SF:/home/travis/build/psycofdj/xtdcpp/serializer/src/serializer.hh
DA:26,-1
DA:27,-1
DA:25,-1
end_of_record
SF:/home/travis/build/psycofdj/xtdcpp/serializer/src/serializer.hh
DA:84,-1
DA:86,-1
DA:88,-1
DA:90,-1
DA:93,-1
DA:95,-1
DA:97,-1
end_of_record
SF:/home/travis/build/psycofdj/xtdcpp/serializer/src/serializer.hh
DA:12,-1
end_of_record
