SF:/home/travis/build/psycofdj/xtdcpp/tests/src/CWrap.hh
DA:11,0
DA:12,0
DA:13,0
DA:14,0
DA:15,0
DA:18,0
DA:42,0
DA:43,0
DA:44,0
DA:45,0
DA:46,0
DA:47,0
DA:9,0
DA:34,0
DA:35,0
DA:32,0
DA:24,0
DA:25,0
DA:22,0
end_of_record
SF:/home/travis/build/psycofdj/xtdcpp/tests/src/MainTestApplication.hh
DA:31,0
DA:32,0
DA:33,0
DA:34,0
DA:35,0
DA:36,0
DA:37,0
DA:21,0
DA:19,0
DA:43,0
DA:50,0
end_of_record
SF:/home/travis/build/psycofdj/xtdcpp/tests/src/ProgressListener.hh
DA:13,0
DA:11,0
end_of_record
SF:/home/travis/build/psycofdj/xtdcpp/tests/src/QuietOutputter.hh
DA:11,0
DA:15,0
DA:16,0
DA:17,0
DA:18,0
DA:19,0
DA:20,0
DA:21,0
DA:22,0
DA:23,0
DA:24,0
DA:25,0
DA:9,0
end_of_record
SF:/home/travis/build/psycofdj/xtdcpp/tests/src/TestFixture.hh
DA:15,0
DA:18,0
DA:19,0
DA:13,0
DA:7,0
end_of_record
SF:/home/travis/build/psycofdj/xtdcpp/tests/src/asserts.hh
DA:5,0
DA:11,0
DA:17,0
DA:24,0
DA:28,0
DA:35,0
DA:42,0
DA:50,0
DA:69,0
DA:75,0
DA:102,0
DA:108,0
end_of_record
SF:/home/travis/build/psycofdj/xtdcpp/tests/src/CWrap.cc
DA:144,0
DA:155,0
DA:169,0
DA:180,0
DA:194,0
DA:207,0
DA:217,0
end_of_record
