SF:/home/travis/build/psycofdj/xtdcpp/serializer/src/objects/Doc.hh
DA:17,-1
DA:27,-1
DA:29,-1
DA:20,-1
DA:13,-1
end_of_record
SF:/home/travis/build/psycofdj/xtdcpp/serializer/src/archives/DebugArchive.hh
DA:270,-1
DA:277,-1
DA:289,-1
DA:300,-1
DA:263,-1
DA:224,-1
DA:232,-1
DA:244,-1
DA:216,-1
DA:173,-1
DA:180,-1
DA:192,-1
DA:203,-1
DA:166,-1
DA:128,-1
DA:136,-1
DA:148,-1
DA:121,-1
DA:78,-1
DA:85,-1
DA:97,-1
DA:108,-1
DA:71,-1
DA:33,-1
DA:41,-1
DA:53,-1
DA:26,-1
end_of_record
SF:/home/travis/build/psycofdj/xtdcpp/serializer/src/serializer.hh
DA:33,-1
DA:34,-1
DA:32,-1
DA:20,-1
DA:40,-1
DA:47,-1
DA:54,-1
DA:39,-1
DA:76,-1
DA:80,-1
DA:73,-1
DA:23,-1
DA:24,-1
DA:22,-1
DA:28,-1
DA:29,-1
DA:27,-1
DA:86,-1
DA:88,-1
DA:90,-1
DA:92,-1
DA:95,-1
DA:97,-1
DA:99,-1
DA:14,-1
end_of_record
