SF:/home/travis/build/psycofdj/xtdcpp/network/src/utils/Resolver.hh
DA:7,0
DA:38,1
DA:39,0
DA:48,1
DA:54,1
DA:59,1
DA:31,0
DA:71,0
DA:72,0
DA:75,0
DA:78,0
DA:79,0
DA:69,0
end_of_record
SF:/home/travis/build/psycofdj/xtdcpp/network/src/base/Client.hh
DA:33,1
DA:27,0
DA:85,0
DA:86,0
DA:87,0
DA:90,0
DA:91,0
DA:92,0
DA:93,0
DA:94,0
DA:95,0
DA:96,0
DA:97,0
DA:98,0
DA:99,0
DA:100,0
DA:101,0
DA:102,0
DA:43,0
DA:44,0
DA:74,0
DA:75,0
DA:47,0
DA:50,0
DA:52,0
DA:54,0
DA:55,0
DA:56,0
DA:59,0
DA:60,0
DA:61,0
DA:62,0
DA:63,0
DA:64,0
DA:65,0
DA:66,0
DA:67,0
DA:68,0
DA:69,0
DA:70,0
DA:71,0
DA:25,1
DA:18,1
end_of_record
SF:/home/travis/build/psycofdj/xtdcpp/network/src/bip/Client.hh
DA:41,0
DA:42,0
DA:50,0
DA:51,0
DA:52,0
DA:65,1
DA:76,1
DA:78,0
DA:80,0
DA:83,0
DA:39,1
end_of_record
SF:/home/travis/build/psycofdj/xtdcpp/network/src/http/Client.hh
DA:24,0
DA:25,0
DA:37,1
DA:47,1
DA:17,0
end_of_record
SF:/home/travis/build/psycofdj/xtdcpp/network/src/bip/ClientPool.hh
DA:12,0
end_of_record
SF:/home/travis/build/psycofdj/xtdcpp/network/src/base/ClientPool.hh
DA:48,0
DA:55,1
DA:60,0
DA:61,0
DA:62,0
DA:63,0
DA:64,0
DA:65,0
DA:66,0
DA:67,0
DA:68,0
DA:69,0
DA:70,0
DA:76,1
DA:82,1
DA:88,1
DA:93,1
DA:17,0
DA:24,0
DA:26,0
end_of_record
SF:/home/travis/build/psycofdj/xtdcpp/network/src/http/ClientPool.hh
DA:12,0
end_of_record
SF:/home/travis/build/psycofdj/xtdcpp/network/src/http/codes.hh
DA:15,0
DA:16,0
DA:17,0
DA:11,0
end_of_record
SF:/home/travis/build/psycofdj/xtdcpp/network/src/base/Config.hh
DA:25,1
DA:32,1
DA:35,0
DA:36,0
DA:37,0
DA:38,0
DA:39,0
DA:40,0
DA:41,0
DA:42,0
DA:44,0
DA:45,0
DA:46,0
DA:47,0
DA:48,0
DA:49,0
DA:50,0
DA:20,0
end_of_record
SF:/home/travis/build/psycofdj/xtdcpp/network/src/http/Connection.hh
DA:44,0
DA:48,1
DA:55,0
DA:56,0
DA:57,0
DA:39,1
end_of_record
SF:/home/travis/build/psycofdj/xtdcpp/network/src/base/Connection.hh
DA:59,1
DA:206,0
DA:207,0
DA:208,0
DA:209,0
DA:63,0
DA:68,0
DA:202,0
DA:203,0
DA:72,1
DA:75,0
DA:76,0
DA:88,1
DA:97,1
DA:106,1
DA:115,1
DA:121,1
DA:126,1
DA:131,1
DA:9,1
end_of_record
SF:/home/travis/build/psycofdj/xtdcpp/network/src/bip/Connection.hh
DA:55,0
DA:62,0
DA:46,1
end_of_record
SF:/home/travis/build/psycofdj/xtdcpp/network/src/http/cpptempl.hh
DA:85,0
DA:86,0
DA:87,0
DA:88,0
DA:89,0
DA:83,0
DA:107,0
DA:108,0
DA:109,0
DA:104,0
DA:117,0
DA:118,0
DA:119,0
DA:114,0
DA:97,0
DA:98,0
DA:99,0
DA:94,0
DA:65,0
DA:68,0
DA:72,0
DA:63,0
DA:188,0
DA:189,0
DA:190,0
DA:191,0
DA:192,0
DA:186,0
DA:244,0
DA:245,0
DA:246,0
DA:241,0
DA:217,0
DA:218,0
DA:219,0
DA:220,0
DA:221,0
DA:222,0
DA:223,0
DA:224,0
DA:215,0
DA:230,0
DA:231,0
DA:232,0
DA:233,0
DA:234,0
DA:235,0
DA:236,0
DA:237,0
DA:228,0
DA:200,0
DA:201,0
DA:202,0
DA:197,0
DA:209,0
DA:210,0
DA:211,0
DA:206,0
DA:173,0
DA:52,0
DA:53,0
DA:54,0
DA:57,0
DA:58,0
DA:124,0
DA:129,0
DA:134,0
DA:140,0
DA:146,0
DA:157,0
end_of_record
SF:/home/travis/build/psycofdj/xtdcpp/network/src/http/Template.hh
DA:15,0
DA:18,0
DA:19,0
DA:22,0
DA:23,0
DA:29,0
DA:26,0
DA:13,0
DA:106,0
DA:109,0
DA:110,0
DA:111,0
DA:112,0
DA:113,0
DA:114,0
DA:115,0
DA:116,0
DA:120,0
DA:101,0
DA:42,0
DA:43,0
DA:46,0
DA:49,0
DA:38,0
DA:60,0
DA:61,0
DA:62,0
DA:66,0
DA:67,0
DA:70,0
DA:71,0
DA:74,0
DA:75,0
DA:76,0
DA:79,0
DA:82,0
DA:85,0
DA:88,0
DA:58,0
DA:142,0
DA:145,0
DA:146,0
DA:149,0
DA:137,0
end_of_record
SF:/home/travis/build/psycofdj/xtdcpp/network/src/http/Server.hh
DA:249,0
DA:250,0
DA:251,0
DA:260,0
DA:261,0
DA:262,0
DA:263,0
DA:264,0
DA:254,0
DA:257,0
DA:247,0
DA:268,0
DA:269,0
DA:223,0
DA:224,0
DA:229,1
DA:234,1
DA:273,0
DA:276,0
DA:288,1
DA:297,1
DA:305,1
DA:314,1
DA:321,1
DA:327,1
DA:335,1
DA:345,1
DA:352,1
DA:360,1
DA:369,1
DA:383,1
DA:397,1
DA:416,1
DA:435,1
DA:457,1
DA:476,1
DA:492,1
DA:508,1
DA:524,1
DA:529,0
DA:538,1
DA:548,1
DA:563,1
DA:578,1
DA:590,1
DA:599,1
DA:605,1
DA:283,1
DA:217,1
DA:16,0
DA:21,0
end_of_record
SF:/home/travis/build/psycofdj/xtdcpp/network/src/http/Message.hh
DA:13,0
DA:45,0
DA:46,0
DA:47,0
DA:16,0
DA:17,0
DA:20,0
DA:21,0
DA:22,0
DA:23,0
DA:24,0
DA:25,0
DA:26,0
DA:27,0
DA:30,0
DA:31,0
DA:32,0
DA:35,0
DA:36,0
DA:37,0
DA:38,1
DA:39,0
DA:40,0
DA:41,0
DA:11,0
end_of_record
SF:/home/travis/build/psycofdj/xtdcpp/network/src/http/Request.hh
DA:17,0
DA:20,0
DA:23,0
DA:24,0
DA:25,0
DA:26,0
DA:27,0
DA:28,0
DA:29,0
DA:31,0
DA:32,0
DA:33,0
DA:34,0
DA:35,0
DA:36,0
DA:37,0
DA:38,0
DA:39,0
DA:40,0
DA:43,0
DA:45,0
DA:47,0
DA:49,0
DA:51,0
DA:53,0
DA:55,0
DA:57,0
DA:59,0
DA:61,0
DA:13,0
DA:98,0
end_of_record
SF:/home/travis/build/psycofdj/xtdcpp/network/src/http/Response.hh
DA:14,0
DA:17,0
DA:18,0
DA:19,0
DA:20,0
DA:21,0
DA:22,0
DA:25,0
DA:26,0
DA:12,0
DA:33,0
end_of_record
SF:/home/travis/build/psycofdj/xtdcpp/network/src/bip/Server.hh
DA:104,0
DA:36,1
DA:41,1
DA:46,1
DA:52,1
DA:57,1
DA:65,1
DA:69,0
DA:71,0
DA:80,1
DA:86,0
DA:92,0
DA:27,1
end_of_record
SF:/home/travis/build/psycofdj/xtdcpp/network/src/base/Server.hh
DA:32,0
DA:136,0
DA:137,0
DA:138,0
DA:139,0
DA:35,0
DA:36,0
DA:37,0
DA:47,1
DA:54,1
DA:59,1
DA:64,1
DA:69,1
DA:77,1
DA:82,0
DA:83,0
DA:84,0
DA:85,0
DA:95,1
DA:105,1
DA:108,0
DA:109,0
DA:121,0
DA:122,0
DA:123,0
DA:124,0
DA:125,0
DA:126,0
DA:127,0
DA:128,0
DA:129,0
DA:130,0
DA:131,0
DA:132,0
DA:133,0
DA:30,1
end_of_record
SF:/home/travis/build/psycofdj/xtdcpp/network/src/base/ThreadManager.hh
DA:17,0
DA:20,0
DA:21,0
DA:24,0
DA:27,0
DA:28,0
DA:13,0
end_of_record
SF:/home/travis/build/psycofdj/xtdcpp/network/src/network_types.hh
DA:15,0
DA:22,0
DA:10,0
DA:11,0
DA:12,0
end_of_record
SF:/home/travis/build/psycofdj/xtdcpp/network/src/bip/compress.hh
DA:16,0
DA:22,0
end_of_record
SF:/home/travis/build/psycofdj/xtdcpp/network/src/http/http_types.hh
DA:10,0
DA:15,0
DA:24,0
end_of_record
SF:/home/travis/build/psycofdj/xtdcpp/network/src/http/http_types.cc
DA:9,0
DA:21,0
DA:37,0
end_of_record
SF:/home/travis/build/psycofdj/xtdcpp/network/src/http/Request.cc
DA:422,0
end_of_record
SF:/home/travis/build/psycofdj/xtdcpp/network/src/http/Response.cc
DA:95,0
end_of_record
SF:/home/travis/build/psycofdj/xtdcpp/network/src/http/Server.cc
DA:10,0
DA:20,0
end_of_record
SF:/home/travis/build/psycofdj/xtdcpp/network/src/http/cpptempl.cc
DA:64,0
DA:253,0
DA:281,0
DA:349,0
end_of_record
SF:/home/travis/build/psycofdj/xtdcpp/network/src/utils/Utils.cc
DA:15,0
DA:32,0
end_of_record
