SF:/home/travis/build/psycofdj/xtdcpp/serializer/src/serializer.hh
DA:33,0
DA:34,0
DA:32,0
DA:20,0
DA:40,0
DA:47,0
DA:54,0
DA:39,0
DA:76,0
DA:80,0
DA:73,0
DA:23,0
DA:24,0
DA:22,0
DA:28,0
DA:29,0
DA:27,0
DA:86,0
DA:88,0
DA:90,0
DA:92,0
DA:95,0
DA:97,0
DA:99,0
DA:14,0
end_of_record
SF:/home/travis/build/psycofdj/xtdcpp/serializer/src/archives/DebugArchive.hh
DA:270,0
DA:277,0
DA:289,0
DA:300,0
DA:263,0
DA:224,0
DA:232,0
DA:244,0
DA:216,0
DA:173,0
DA:180,0
DA:192,0
DA:203,0
DA:166,0
DA:128,0
DA:136,0
DA:148,0
DA:121,0
DA:78,0
DA:85,0
DA:97,0
DA:108,0
DA:71,0
DA:33,0
DA:41,0
DA:53,0
DA:26,0
end_of_record
SF:/home/travis/build/psycofdj/xtdcpp/serializer/src/objects/Doc.hh
DA:17,0
DA:27,0
DA:29,0
DA:20,0
DA:13,0
end_of_record
